<?xml version="1.0" encoding="UTF-8"?>
<testsuite xmlns:xsi="http://www.w3.org/2001/XMLSchema-instance" xsi:noNamespaceSchemaLocation="https://maven.apache.org/surefire/maven-surefire-plugin/xsd/surefire-test-report-3.0.xsd" version="3.0" name="runner.CukesRunner" time="15.517" tests="11" errors="0" skipped="0" failures="6">
  <properties>
    <property name="java.specification.version" value="17"/>
    <property name="sun.cpu.isalist" value="amd64"/>
    <property name="sun.jnu.encoding" value="Cp1252"/>
    <property name="java.class.path" value="C:\Users\admin\IdeaProjects\Albert Heijn Assignment\target\test-classes;C:\Users\admin\IdeaProjects\Albert Heijn Assignment\target\classes;C:\Users\admin\.m2\repository\io\rest-assured\rest-assured\4.5.1\rest-assured-4.5.1.jar;C:\Users\admin\.m2\repository\org\codehaus\groovy\groovy\3.0.9\groovy-3.0.9.jar;C:\Users\admin\.m2\repository\org\codehaus\groovy\groovy-xml\3.0.9\groovy-xml-3.0.9.jar;C:\Users\admin\.m2\repository\org\apache\httpcomponents\httpclient\4.5.13\httpclient-4.5.13.jar;C:\Users\admin\.m2\repository\org\apache\httpcomponents\httpcore\4.4.13\httpcore-4.4.13.jar;C:\Users\admin\.m2\repository\commons-logging\commons-logging\1.2\commons-logging-1.2.jar;C:\Users\admin\.m2\repository\commons-codec\commons-codec\1.11\commons-codec-1.11.jar;C:\Users\admin\.m2\repository\org\apache\httpcomponents\httpmime\4.5.13\httpmime-4.5.13.jar;C:\Users\admin\.m2\repository\org\hamcrest\hamcrest\2.1\hamcrest-2.1.jar;C:\Users\admin\.m2\repository\org\ccil\cowan\tagsoup\tagsoup\1.2.1\tagsoup-1.2.1.jar;C:\Users\admin\.m2\repository\io\rest-assured\json-path\4.5.1\json-path-4.5.1.jar;C:\Users\admin\.m2\repository\org\codehaus\groovy\groovy-json\3.0.9\groovy-json-3.0.9.jar;C:\Users\admin\.m2\repository\io\rest-assured\rest-assured-common\4.5.1\rest-assured-common-4.5.1.jar;C:\Users\admin\.m2\repository\io\rest-assured\xml-path\4.5.1\xml-path-4.5.1.jar;C:\Users\admin\.m2\repository\org\apache\commons\commons-lang3\3.11\commons-lang3-3.11.jar;C:\Users\admin\.m2\repository\io\cucumber\cucumber-junit\6.11.0\cucumber-junit-6.11.0.jar;C:\Users\admin\.m2\repository\org\apiguardian\apiguardian-api\1.1.2\apiguardian-api-1.1.2.jar;C:\Users\admin\.m2\repository\io\cucumber\cucumber-core\6.11.0\cucumber-core-6.11.0.jar;C:\Users\admin\.m2\repository\io\cucumber\cucumber-gherkin\6.11.0\cucumber-gherkin-6.11.0.jar;C:\Users\admin\.m2\repository\io\cucumber\cucumber-gherkin-messages\6.11.0\cucumber-gherkin-messages-6.11.0.jar;C:\Users\admin\.m2\repository\io\cucumber\messages\15.0.0\messages-15.0.0.jar;C:\Users\admin\.m2\repository\io\cucumber\tag-expressions\3.0.1\tag-expressions-3.0.1.jar;C:\Users\admin\.m2\repository\io\cucumber\cucumber-expressions\10.3.0\cucumber-expressions-10.3.0.jar;C:\Users\admin\.m2\repository\io\cucumber\datatable\3.5.0\datatable-3.5.0.jar;C:\Users\admin\.m2\repository\io\cucumber\cucumber-plugin\6.11.0\cucumber-plugin-6.11.0.jar;C:\Users\admin\.m2\repository\io\cucumber\docstring\6.11.0\docstring-6.11.0.jar;C:\Users\admin\.m2\repository\io\cucumber\html-formatter\13.0.0\html-formatter-13.0.0.jar;C:\Users\admin\.m2\repository\io\cucumber\create-meta\4.0.0\create-meta-4.0.0.jar;C:\Users\admin\.m2\repository\junit\junit\4.13.2\junit-4.13.2.jar;C:\Users\admin\.m2\repository\org\hamcrest\hamcrest-core\1.3\hamcrest-core-1.3.jar;C:\Users\admin\.m2\repository\io\cucumber\cucumber-java\6.11.0\cucumber-java-6.11.0.jar;C:\Users\admin\.m2\repository\com\google\code\gson\gson\2.10.1\gson-2.10.1.jar;"/>
    <property name="java.vm.vendor" value="Oracle Corporation"/>
    <property name="sun.arch.data.model" value="64"/>
    <property name="user.variant" value=""/>
    <property name="java.vendor.url" value="https://java.oracle.com/"/>
    <property name="user.timezone" value="Europe/Luxembourg"/>
    <property name="os.name" value="Windows 10"/>
    <property name="java.vm.specification.version" value="17"/>
    <property name="sun.java.launcher" value="SUN_STANDARD"/>
    <property name="user.country" value="US"/>
    <property name="sun.boot.library.path" value="C:\Program Files\Java\jdk-17.0.5\bin"/>
    <property name="sun.java.command" value="C:\Users\admin\AppData\Local\Temp\surefire1665400287746052345\surefirebooter14165864029460621738.jar C:\Users\admin\AppData\Local\Temp\surefire1665400287746052345 2023-11-08T09-55-31_245-jvmRun1 surefire11766875695004566299tmp surefire_017599912337665200609tmp"/>
    <property name="jdk.debug" value="release"/>
    <property name="surefire.test.class.path" value="C:\Users\admin\IdeaProjects\Albert Heijn Assignment\target\test-classes;C:\Users\admin\IdeaProjects\Albert Heijn Assignment\target\classes;C:\Users\admin\.m2\repository\io\rest-assured\rest-assured\4.5.1\rest-assured-4.5.1.jar;C:\Users\admin\.m2\repository\org\codehaus\groovy\groovy\3.0.9\groovy-3.0.9.jar;C:\Users\admin\.m2\repository\org\codehaus\groovy\groovy-xml\3.0.9\groovy-xml-3.0.9.jar;C:\Users\admin\.m2\repository\org\apache\httpcomponents\httpclient\4.5.13\httpclient-4.5.13.jar;C:\Users\admin\.m2\repository\org\apache\httpcomponents\httpcore\4.4.13\httpcore-4.4.13.jar;C:\Users\admin\.m2\repository\commons-logging\commons-logging\1.2\commons-logging-1.2.jar;C:\Users\admin\.m2\repository\commons-codec\commons-codec\1.11\commons-codec-1.11.jar;C:\Users\admin\.m2\repository\org\apache\httpcomponents\httpmime\4.5.13\httpmime-4.5.13.jar;C:\Users\admin\.m2\repository\org\hamcrest\hamcrest\2.1\hamcrest-2.1.jar;C:\Users\admin\.m2\repository\org\ccil\cowan\tagsoup\tagsoup\1.2.1\tagsoup-1.2.1.jar;C:\Users\admin\.m2\repository\io\rest-assured\json-path\4.5.1\json-path-4.5.1.jar;C:\Users\admin\.m2\repository\org\codehaus\groovy\groovy-json\3.0.9\groovy-json-3.0.9.jar;C:\Users\admin\.m2\repository\io\rest-assured\rest-assured-common\4.5.1\rest-assured-common-4.5.1.jar;C:\Users\admin\.m2\repository\io\rest-assured\xml-path\4.5.1\xml-path-4.5.1.jar;C:\Users\admin\.m2\repository\org\apache\commons\commons-lang3\3.11\commons-lang3-3.11.jar;C:\Users\admin\.m2\repository\io\cucumber\cucumber-junit\6.11.0\cucumber-junit-6.11.0.jar;C:\Users\admin\.m2\repository\org\apiguardian\apiguardian-api\1.1.2\apiguardian-api-1.1.2.jar;C:\Users\admin\.m2\repository\io\cucumber\cucumber-core\6.11.0\cucumber-core-6.11.0.jar;C:\Users\admin\.m2\repository\io\cucumber\cucumber-gherkin\6.11.0\cucumber-gherkin-6.11.0.jar;C:\Users\admin\.m2\repository\io\cucumber\cucumber-gherkin-messages\6.11.0\cucumber-gherkin-messages-6.11.0.jar;C:\Users\admin\.m2\repository\io\cucumber\messages\15.0.0\messages-15.0.0.jar;C:\Users\admin\.m2\repository\io\cucumber\tag-expressions\3.0.1\tag-expressions-3.0.1.jar;C:\Users\admin\.m2\repository\io\cucumber\cucumber-expressions\10.3.0\cucumber-expressions-10.3.0.jar;C:\Users\admin\.m2\repository\io\cucumber\datatable\3.5.0\datatable-3.5.0.jar;C:\Users\admin\.m2\repository\io\cucumber\cucumber-plugin\6.11.0\cucumber-plugin-6.11.0.jar;C:\Users\admin\.m2\repository\io\cucumber\docstring\6.11.0\docstring-6.11.0.jar;C:\Users\admin\.m2\repository\io\cucumber\html-formatter\13.0.0\html-formatter-13.0.0.jar;C:\Users\admin\.m2\repository\io\cucumber\create-meta\4.0.0\create-meta-4.0.0.jar;C:\Users\admin\.m2\repository\junit\junit\4.13.2\junit-4.13.2.jar;C:\Users\admin\.m2\repository\org\hamcrest\hamcrest-core\1.3\hamcrest-core-1.3.jar;C:\Users\admin\.m2\repository\io\cucumber\cucumber-java\6.11.0\cucumber-java-6.11.0.jar;C:\Users\admin\.m2\repository\com\google\code\gson\gson\2.10.1\gson-2.10.1.jar;"/>
    <property name="sun.cpu.endian" value="little"/>
    <property name="user.home" value="C:\Users\admin"/>
    <property name="user.language" value="en"/>
    <property name="java.specification.vendor" value="Oracle Corporation"/>
    <property name="java.version.date" value="2022-10-18"/>
    <property name="java.home" value="C:\Program Files\Java\jdk-17.0.5"/>
    <property name="file.separator" value="\"/>
    <property name="basedir" value="C:\Users\admin\IdeaProjects\Albert Heijn Assignment"/>
    <property name="java.vm.compressedOopsMode" value="32-bit"/>
    <property name="line.separator" value="&#10;"/>
    <property name="java.vm.specification.vendor" value="Oracle Corporation"/>
    <property name="java.specification.name" value="Java Platform API Specification"/>
    <property name="surefire.real.class.path" value="C:\Users\admin\AppData\Local\Temp\surefire1665400287746052345\surefirebooter14165864029460621738.jar"/>
    <property name="user.script" value=""/>
    <property name="sun.management.compiler" value="HotSpot 64-Bit Tiered Compilers"/>
    <property name="java.runtime.version" value="17.0.5+9-LTS-191"/>
    <property name="user.name" value="admin"/>
    <property name="path.separator" value=";"/>
    <property name="os.version" value="10.0"/>
    <property name="java.runtime.name" value="Java(TM) SE Runtime Environment"/>
    <property name="file.encoding" value="Cp1252"/>
    <property name="java.vm.name" value="Java HotSpot(TM) 64-Bit Server VM"/>
    <property name="localRepository" value="C:\Users\admin\.m2\repository"/>
    <property name="java.vendor.url.bug" value="https://bugreport.java.com/bugreport/"/>
    <property name="java.io.tmpdir" value="C:\Users\admin\AppData\Local\Temp\"/>
    <property name="idea.version" value="2021.3.2"/>
    <property name="java.version" value="17.0.5"/>
    <property name="user.dir" value="C:\Users\admin\IdeaProjects\Albert Heijn Assignment"/>
    <property name="os.arch" value="amd64"/>
    <property name="java.vm.specification.name" value="Java Virtual Machine Specification"/>
    <property name="sun.os.patch.level" value=""/>
    <property name="native.encoding" value="Cp1252"/>
    <property name="java.library.path" value="C:\Program Files\Java\jdk-17.0.5\bin;C:\WINDOWS\Sun\Java\bin;C:\WINDOWS\system32;C:\WINDOWS;C:\Program Files\Common Files\Oracle\Java\javapath;C:\Python310\Scripts\;C:\Python310\;C:\Program Files (x86)\Common Files\Oracle\Java\javapath;C:\WINDOWS\system32;C:\WINDOWS;C:\WINDOWS\System32\Wbem;C:\WINDOWS\System32\WindowsPowerShell\v1.0\;C:\WINDOWS\System32\OpenSSH\;C:\Program Files\Git\cmd;C:\apache-maven-3.8.5\bin;C:\apache-maven-3.8.5\bin;C:\Program Files\nodejs\;C:\ProgramData\chocolatey\bin;C:\apache-maven-3.8.5\bin;C:\Program Files\SafeNet\Authentication\SAC\x64;C:\Program Files\SafeNet\Authentication\SAC\x32;C:\Program Files\Java\jdk-17.0.5;C:\Users\admin\anaconda3;C:\Users\admin\anaconda3\Library\mingw-w64\bin;C:\Users\admin\anaconda3\Library\usr\bin;C:\Users\admin\anaconda3\Library\bin;C:\Users\admin\anaconda3\Scripts;C:\Users\admin\AppData\Local\Microsoft\WindowsApps;C:\Program Files\JetBrains\IntelliJ IDEA Community Edition 2021.3.2\bin;C:\Users\admin\AppData\Roaming\npm;C:\Users\admin\AppData\Local\atom\bin;C:\Users\admin\AppData\Local\Programs\Microsoft VS Code\bin;C:\apache-maven-3.8.5\bin;C:\Program Files (x86)\Brackets\;."/>
    <property name="java.vm.info" value="mixed mode, sharing"/>
    <property name="java.vendor" value="Oracle Corporation"/>
    <property name="java.vm.version" value="17.0.5+9-LTS-191"/>
    <property name="sun.io.unicode.encoding" value="UnicodeLittle"/>
    <property name="java.class.version" value="61.0"/>
  </properties>
  <testcase name="As a User I should get all API collections" classname="GET All Collection" time="6.82">
    <failure message="expected:&lt;[Gabriël Metsu]&gt; but was:&lt;[Johan Gregor van der Schardt]&gt;" type="org.junit.ComparisonFailure"><![CDATA[org.junit.ComparisonFailure: expected:<[Gabriël Metsu]> but was:<[Johan Gregor van der Schardt]>
	at org.junit.Assert.assertEquals(Assert.java:117)
	at org.junit.Assert.assertEquals(Assert.java:146)
	at services.Get_Collections.verifyCollections(Get_Collections.java:33)
	at Step_Defs.GetCollection_StepDefs.user_verify_the_status_code_and_body(GetCollection_StepDefs.java:17)
	at ✽.User verify the status code and body(file:///C:/Users/admin/IdeaProjects/Albert%20Heijn%20Assignment/src/test/resources/Features/Get_Collections.feature:7)
]]></failure>
    <system-out><![CDATA[Request method:	GET
Request URI:	https://www.rijksmuseum.nl/api/en/collection?key=0fiuZFh4&p=1&ps=100
Proxy:			<none>
Request params:	<none>
Query params:	key=0fiuZFh4
				p=1
				ps=100
Form params:	<none>
Path params:	culture=en
Headers:		Accept=*/*
				Content-Type=application/json
Cookies:		<none>
Multiparts:		<none>
Body:			<none>
HTTP/1.1 200 OK
Transfer-Encoding: chunked
Content-Type: application/json; charset=utf-8
Content-Encoding: gzip
Vary: Accept-Encoding
Strict-Transport-Security: max-age=2592000
Request-Context: appId=cid-v1:5f69f122-c4a2-4f7d-8b1e-6d66af0e0e99
X-Powered-By: ASP.NET
X-Cache: CONFIG_NOCACHE
X-Azure-Ref: 0Bk1LZQAAAAArA8AFDZ8gQZECKjQaOgJzQU1TMDRFREdFMTgxNwBlM2E1Zjk4OS0xMzJjLTQ3NzQtODA2Yy03YzE3MTZhN2U2MjE=
Date: Wed, 08 Nov 2023 08:55:35 GMT

{
    "elapsedMilliseconds": 0,
    "count": 784306,
    "countFacets": {
        "hasimage": 594065,
        "ondisplay": 8574
    },
    "artObjects": [
        {
            "links": {
                "self": "http://www.rijksmuseum.nl/api/en/collection/BK-16676",
                "web": "http://www.rijksmuseum.nl/en/collection/BK-16676"
            },
            "id": "en-BK-16676",
            "objectNumber": "BK-16676",
            "title": "Desk",
            "hasImage": true,
            "principalOrFirstMaker": "Abraham Roentgen",
            "longTitle": "Desk, Abraham Roentgen, c. 1758 - c. 1760",
            "showImage": true,
            "permitDownload": true,
            "webImage": {
                "guid": "6fdcd710-d31d-4de3-8ae6-d8687067ef74",
                "offsetPercentageX": 0,
                "offsetPercentageY": 0,
                "width": 3000,
                "height": 2779,
                "url": "https://lh4.ggpht.com/FeheHnW8-KOx-prHRCvly8ReF9WKysmPJDEd99EEVDViH1DvYytyDpkjnkeyqqj85WNbrkXFaoFe0jBKB9DdNJApLQ=s0"
            },
            "headerImage": {
                "guid": "deee4f1f-802b-4289-9367-d8926101690c",
                "offsetPercentageX": 0,
                "offsetPercentageY": 0,
                "width": 1920,
                "height": 460,
                "url": "https://lh4.ggpht.com/1alZFw9qSNw6T81R-SqFeWNurK1J5edyh6SWunRdQC5V63vGjphJp1bcu_Gy9lMAnJEcpturH7jsGZV-7uUKnj1HHz0=s0"
            },
            "productionPlaces": [
                
            ]
        },
        {
            "links": {
                "self": "http://www.rijksmuseum.nl/api/en/collection/NG-NM-7687",
                "web": "http://www.rijksmuseum.nl/en/collection/NG-NM-7687"
            },
            "id": "en-NG-NM-7687",
            "objectNumber": "NG-NM-7687",
            "title": "Clock and gunpowder horn",
            "hasImage": true,
            "principalOrFirstMaker": "anonymous",
            "longTitle": "Clock and gunpowder horn, anonymous, c. 1590 - c. 1596",
            "showImage": true,
            "permitDownload": true,
            "webImage": {
                "guid": "05f438f9-f42d-4fec-ad6f-0feb3b08fed2",
                "offsetPercentageX": 0,
                "offsetPercentageY": 1,
                "width": 1672,
                "height": 2500,
                "url": "https://lh3.ggpht.com/lAJ1wnr_hEOncOfh9eKzvaS8w-fhLLq5yGlzHBctnjgyOzsbuP4cGIqP4q0A-YvnyXBhJi96il6NIZNhRVW-BVg2lW0=s0"
            },
            "headerImage": {
                "guid": "7bf07c8d-4ecb-452d-bdd0-f2197c0d9ba9",
                "offsetPercentageX": 0,
                "offsetPercentageY": 0,
                "width": 1920,
                "height": 460,
                "url": "https://lh6.ggpht.com/9c8SEaU_VJWbz1Xw__DPWs_sB4j6Z1bl3ieZRe0-279dePcw8nyxo6g6YYVH_m-prsrtSAsFTVzoIICJ560vKVjj5vQ=s0"
            },
            "productionPlaces": [
                "Low Countries",
                "Germany",
                "France"
            ]
        },
        {
            "links": {
                "self": "http://www.rijksmuseum.nl/api/en/collection/BK-1983-15",
                "web": "http://www.rijksmuseum.nl/en/collection/BK-1983-15"
            },
            "id": "en-BK-1983-15",
            "objectNumber": "BK-1983-15",
            "title": "Roemer with a poem to Constantijn Huygens",
            "hasImage": true,
            "principalOrFirstMaker": "anonymous",
            "longTitle": "Roemer with a poem to Constantijn Huygens, anonymous, 1619",
            "showImage": true,
            "permitDownload": true,
            "webImage": {
                "guid": "123b1009-a6ee-4274-ba64-448b729038ca",
                "offsetPercentageX": 0,
                "offsetPercentageY": 0,
                "width": 2152,
                "height": 2500,
                "url": "https://lh3.googleusercontent.com/iHNTtwRZU6MW_7mG6mJKsLD2oHwLLEg7osTsXJv5LrVwa24N-9K4ScGMGNtRQoc9WrVERVLk6fxbZyvanofH05xXPA=s0"
            },
            "headerImage": {
                "guid": "b71cb39a-a16a-4dbe-aa13-231117fea771",
                "offsetPercentageX": 0,
                "offsetPercentageY": 0,
                "width": 1920,
                "height": 460,
                "url": "https://lh3.googleusercontent.com/UEnB_t9Ayrm3EX0UIpv6mipCoIhkLtGYk5SkWdBU6uR3m0EHszQAqDpz2PRScgBtHonXHuDMVeh1PqM7SlgkpsGjYiw=s0"
            },
            "productionPlaces": [
                
            ]
        },
        {
            "links": {
                "self": "http://www.rijksmuseum.nl/api/en/collection/BK-2000-17",
                "web": "http://www.rijksmuseum.nl/en/collection/BK-2000-17"
            },
            "id": "en-BK-2000-17",
            "objectNumber": "BK-2000-17",
            "title": "Self-portrait",
            "hasImage": true,
            "principalOrFirstMaker": "Johan Gregor van der Schardt",
            "longTitle": "Self-portrait, Johan Gregor van der Schardt, c. 1573 - c. 1580",
            "showImage": true,
            "permitDownload": true,
            "webImage": {
                "guid": "876a46b0-9d66-4d1f-8a29-0ad06c2bade8",
                "offsetPercentageX": 0,
                "offsetPercentageY": 0,
                "width": 3000,
                "height": 2521,
                "url": "https://lh3.googleusercontent.com/FjUHATQW1qcRggtsD9L9SXeeFHVpBCvQ-taIof6oRh2U_6-wI6Oycr7As85EEty5_hXypsdLdhs7HZQay4aRnWf_xGhnAVb23olEUes=s0"
            },
            "headerImage": {
                "guid": "717fb9f6-daf4-4031-8653-b163f6764137",
                "offsetPercentageX": 0,
                "offsetPercentageY": 0,
                "width": 1920,
                "height": 460,
                "url": "https://lh3.googleusercontent.com/3Pr6dZbLsvywtlEVHiONIoaravHYaAP_T7WiQ2hWexacsZ2Tn6eEmN8syJ1qER5nvw7PD7cabdsc9QnM0r3wfWFFAUh-omKO6FdnGt4T=s0"
            },
            "productionPlaces": [
                
            ]
        },
        {
            "links": {
                "self": "http://www.rijksmuseum.nl/api/en/collection/AK-MAK-84",
                "web": "http://www.rijksmuseum.nl/en/collection/AK-MAK-84"
            },
            "id": "en-AK-MAK-84",
            "objectNumber": "AK-MAK-84",
            "title": "Guanyin",
            "hasImage": true,
            "principalOrFirstMaker": "anonymous",
            "longTitle": "Guanyin, anonymous, c. 1100 - c. 1200",
            "showImage": true,
            "permitDownload": true,
            "webImage": {
                "guid": "9ff4dc3b-6580-443e-9546-9ab1a4478d13",
                "offsetPercentageX": 0,
                "offsetPercentageY": 0,
                "width": 2759,
                "height": 3000,
                "url": "https://lh3.ggpht.com/FkkMpQsDIyGGyfUGafaEKVcrXJXFDMfzDBuIU41XIg8nWGGEQwmHa1ouAL2Zhyl2yw4mBqwAlmUY1tULVdZoTN2QcA=s0"
            },
            "headerImage": {
                "guid": "686e2662-fff5-421f-a717-096f257c36c4",
                "offsetPercentageX": 0,
                "offsetPercentageY": 0,
                "width": 1922,
                "height": 460,
                "url": "https://lh3.ggpht.com/82udwwljoeije49Jf4kPgoZ_OQ_T3WfuP1kh3WlWEtsIV8wcgsWUqvzVS5B4BJY3lwUuF746o3jtffwigxkk7QR5=s0"
            },
            "productionPlaces": [
                
            ]
        },
        {
            "links": {
                "self": "http://www.rijksmuseum.nl/api/en/collection/SK-A-372",
                "web": "http://www.rijksmuseum.nl/en/collection/SK-A-372"
            },
            "id": "en-SK-A-372",
            "objectNumber": "SK-A-372",
            "title": "Mary Magdalene",
            "hasImage": true,
            "principalOrFirstMaker": "Jan van Scorel",
            "longTitle": "Mary Magdalene, Jan van Scorel, c. 1530",
            "showImage": true,
            "permitDownload": true,
            "webImage": {
                "guid": "f1cda91e-4d37-4056-8979-028c4cd3da49",
                "offsetPercentageX": 0,
                "offsetPercentageY": 0,
                "width": 2833,
                "height": 2465,
                "url": "https://lh3.googleusercontent.com/moxL3z7zz5j_5gQCgvRGcmLD-RDhVgZvA2NGREYgkLTkYUbGa4Ts-57UaQ4ilN38xWX6w_gb_eU6hkMZcC-wfMg5NQ=s0"
            },
            "headerImage": {
                "guid": "6a9a1b0d-f2c2-45b0-8df4-e908a6af5eee",
                "offsetPercentageX": 0,
                "offsetPercentageY": 0,
                "width": 1920,
                "height": 460,
                "url": "https://lh3.googleusercontent.com/krUs6F8pg2YHqhNKOR1MiQs1lemgNlfErNtQdZBP4Jc7Re3-e6ae-CPlRFIpPf269-j-ze8sa_08bImIoebjCySGawM=s0"
            },
            "productionPlaces": [
                "? Haarlem"
            ]
        },
        {
            "links": {
                "self": "http://www.rijksmuseum.nl/api/en/collection/SK-A-1718",
                "web": "http://www.rijksmuseum.nl/en/collection/SK-A-1718"
            },
            "id": "en-SK-A-1718",
            "objectNumber": "SK-A-1718",
            "title": "Winter Landscape with Ice Skaters",
            "hasImage": true,
            "principalOrFirstMaker": "Hendrick Avercamp",
            "longTitle": "Winter Landscape with Ice Skaters, Hendrick Avercamp, c. 1608",
            "showImage": true,
            "permitDownload": true,
            "webImage": {
                "guid": "4f834f63-3aeb-48a2-8a22-bcac12ffc3b9",
                "offsetPercentageX": 0,
                "offsetPercentageY": 0,
                "width": 2928,
                "height": 1691,
                "url": "https://lh3.googleusercontent.com/1pTfYJlLwVTifKj4PlsWPyAg4PcIVBAiVvB8sameSnmm7HRd056abNUIRq33rgry7u9t-ju-eHOnbfqQpK4q_8IwzIXZ4WgrqZW9l7U=s0"
            },
            "headerImage": {
                "guid": "c3d4cbca-a7c2-4341-812d-78773acdcb6f",
                "offsetPercentageX": 0,
                "offsetPercentageY": 0,
                "width": 1920,
                "height": 460,
                "url": "https://lh3.googleusercontent.com/3R_8eX8o6uJNcIgqdMqCqJH8fPufvWZTopDEGKQgfVexy4pBCKr8C3sW3QH-KWgiuarBQxjRyuF8Xi4B4APUiv8q23v1Lk2xQA8pIg2U=s0"
            },
            "productionPlaces": [
                
            ]
        },
        {
            "links": {
                "self": "http://www.rijksmuseum.nl/api/en/collection/SK-A-3584",
                "web": "http://www.rijksmuseum.nl/en/collection/SK-A-3584"
            },
            "id": "en-SK-A-3584",
            "objectNumber": "SK-A-3584",
            "title": "Girl in a White Kimono",
            "hasImage": true,
            "principalOrFirstMaker": "George Hendrik Breitner",
            "longTitle": "Girl in a White Kimono, George Hendrik Breitner, 1894",
            "showImage": true,
            "permitDownload": true,
            "webImage": {
                "guid": "5dea6805-8cf3-4d6e-b334-89adfdd6f341",
                "offsetPercentageX": 0,
                "offsetPercentageY": 0,
                "width": 2535,
                "height": 2622,
                "url": "https://lh3.googleusercontent.com/0bgOiMrBM2GuhW_pNeQW711GuB3kD7Gq7AILGHaJGeWKa1Fu1hUJGpOjvSpiP_XpgRlC4jVmH0Z1233PEPMJTfNRR7Q=s0"
            },
            "headerImage": {
                "guid": "ca275add-7098-4726-94df-4743cc5f1ef2",
                "offsetPercentageX": 0,
                "offsetPercentageY": 0,
                "width": 1920,
                "height": 460,
                "url": "https://lh3.googleusercontent.com/DbySiXwDdYlhl0r-fmM1CdLfro5aC1S0KdapBqWJyboOCgWYO1v50-8B2xWRRbqrv8rqKDyLsojkPv0h2-XKjmJbLyoV=s0"
            },
            "productionPlaces": [
                "Amsterdam"
            ]
        },
        {
            "links": {
                "self": "http://www.rijksmuseum.nl/api/en/collection/SK-A-447",
                "web": "http://www.rijksmuseum.nl/en/collection/SK-A-447"
            },
            "id": "en-SK-A-447",
            "objectNumber": "SK-A-447",
            "title": "Fishing for Souls",
            "hasImage": true,
            "principalOrFirstMaker": "Adriaen Pietersz van de Venne",
            "longTitle": "Fishing for Souls, Adriaen Pietersz van de Venne, 1614",
            "showImage": true,
            "permitDownload": true,
            "webImage": {
                "guid": "1ccf72b5-5db6-43fc-b297-3465edf23a77",
                "offsetPercentageX": 0,
                "offsetPercentageY": 0,
                "width": 2500,
                "height": 1306,
                "url": "https://lh3.googleusercontent.com/TEtv4BfucIDtINHirqpa-VHlo4x8oHWZxBPzH60g0aq3LKsfw2QKTX9TGwqeUEnSTQLdKoA0LtxkYUtRkLGRkjem0uQvJV5e25rvj4ESKg=s0"
            },
            "headerImage": {
                "guid": "dd63c518-2e64-495e-824f-440f1b9fb5b0",
                "offsetPercentageX": 0,
                "offsetPercentageY": 0,
                "width": 1920,
                "height": 460,
                "url": "https://lh3.googleusercontent.com/00hSErEGrmF9YFRc5P39qTk2Cst3ifgRY_9zVVdUP78FJkyd0M9BMTzM4wrEFjCMhRgB4uCiyTBp3gQ7j2S1JGszr4QNe22o6O-9gwxYsQ=s0"
            },
            "productionPlaces": [
                
            ]
        },
        {
            "links": {
                "self": "http://www.rijksmuseum.nl/api/en/collection/SK-A-4050",
                "web": "http://www.rijksmuseum.nl/en/collection/SK-A-4050"
            },
            "id": "en-SK-A-4050",
            "objectNumber": "SK-A-4050",
            "title": "Self-portrait as the Apostle Paul",
            "hasImage": true,
            "principalOrFirstMaker": "Rembrandt van Rijn",
            "longTitle": "Self-portrait as the Apostle Paul, Rembrandt van Rijn, 1661",
            "showImage": true,
            "permitDownload": true,
            "webImage": {
                "guid": "58f00619-2e35-4d7d-a46d-0dcc6618f4ec",
                "offsetPercentageX": 0,
                "offsetPercentageY": 0,
                "width": 2287,
                "height": 2724,
                "url": "https://lh3.googleusercontent.com/NrCcfeY0r2F3M2hIQe5SLDRofR2tVzeOH18VjflOYGj88v4clb4v2H_VgCZR4nJhYsxxH9ATzfkL2tRqOWEK5-gPVEE=s0"
            },
            "headerImage": {
                "guid": "aba7d9da-5d4b-4389-8347-c3de63c33d98",
                "offsetPercentageX": 0,
                "offsetPercentageY": 0,
                "width": 2276,
                "height": 544,
                "url": "https://lh3.googleusercontent.com/koQbNAoqV857feer4wJRVF-lbFzyNdvSsjgnXTTF3P3Dmgm2s_7noCVyqsxr1466YiIccueR0DpaU9-wPchhM0bIiQ=s0"
            },
            "productionPlaces": [
                
            ]
        },
        {
            "links": {
                "self": "http://www.rijksmuseum.nl/api/en/collection/SK-C-6",
                "web": "http://www.rijksmuseum.nl/en/collection/SK-C-6"
            },
            "id": "en-SK-C-6",
            "objectNumber": "SK-C-6",
            "title": "The Sampling Officials of the Amsterdam Drapers’ Guild, Known as ‘The Syndics’",
            "hasImage": true,
            "principalOrFirstMaker": "Rembrandt van Rijn",
            "longTitle": "The Sampling Officials of the Amsterdam Drapers’ Guild, Known as ‘The Syndics’, Rembrandt van Rijn, 1662",
            "showImage": true,
            "permitDownload": true,
            "webImage": {
                "guid": "2c1ac367-9b11-4266-bb08-eea14ca0bb76",
                "offsetPercentageX": 0,
                "offsetPercentageY": 0,
                "width": 3000,
                "height": 1975,
                "url": "https://lh3.googleusercontent.com/gShVRyvLLbwVB8jeIPghCXgr96wxTHaM4zqfmxIWRsUpMhMn38PwuUU13o1mXQzLMt5HFqX761u8Tgo4L_JG1XLATvw=s0"
            },
            "headerImage": {
                "guid": "5f71570b-21d2-4f00-9219-edb93137110c",
                "offsetPercentageX": 0,
                "offsetPercentageY": 0,
                "width": 1920,
                "height": 460,
                "url": "https://lh3.googleusercontent.com/8vtyRTsJdGXuZhnHl5wF6vBgDNInw3q56DFYYr0Rzm1JJYNRl2iSIC30d_erXkTe_Yv8uJq1ZL56zFrXUpTFJrBDcbE=s0"
            },
            "productionPlaces": [
                
            ]
        },
        {
            "links": {
                "self": "http://www.rijksmuseum.nl/api/en/collection/SK-A-1365",
                "web": "http://www.rijksmuseum.nl/en/collection/SK-A-1365"
            },
            "id": "en-SK-A-1365",
            "objectNumber": "SK-A-1365",
            "title": "The Battle of Terheide",
            "hasImage": true,
            "principalOrFirstMaker": "Willem van de Velde (I)",
            "longTitle": "The Battle of Terheide, Willem van de Velde (I), 1657",
            "showImage": true,
            "permitDownload": true,
            "webImage": {
                "guid": "2b014f00-988e-4be3-afe0-2b52fe4f38c2",
                "offsetPercentageX": 0,
                "offsetPercentageY": 1,
                "width": 2500,
                "height": 1460,
                "url": "https://lh5.ggpht.com/NNwpBd1GteTy1QVYsJH64dJh_eb8pORRD5AtB2tfrYRvvFlM5-07MakQOYmYo3h6-09spXyHfJZbjv6ODhPJiStHjQ=s0"
            },
            "headerImage": {
                "guid": "86a466cd-7e20-4995-b300-eb03bca0da5b",
                "offsetPercentageX": 0,
                "offsetPercentageY": 0,
                "width": 1920,
                "height": 460,
                "url": "https://lh4.ggpht.com/yh5p_3sqR3qIBsaq-tcLcdWAJuXtBLFh48dkVyhoxriHtpf46QCXkQt_xYlAnfw8Nt9DANY8MZgj-8lE4u5R7lEhdg=s0"
            },
            "productionPlaces": [
                
            ]
        },
        {
            "links": {
                "self": "http://www.rijksmuseum.nl/api/en/collection/SK-A-3064",
                "web": "http://www.rijksmuseum.nl/en/collection/SK-A-3064"
            },
            "id": "en-SK-A-3064",
            "objectNumber": "SK-A-3064",
            "title": "Portrait of a Girl Dressed in Blue",
            "hasImage": true,
            "principalOrFirstMaker": "Johannes Cornelisz. Verspronck",
            "longTitle": "Portrait of a Girl Dressed in Blue, Johannes Cornelisz. Verspronck, 1641",
            "showImage": true,
            "permitDownload": true,
            "webImage": {
                "guid": "93b43a4a-dadc-4cd9-b368-c0a579e06eff",
                "offsetPercentageX": 0,
                "offsetPercentageY": 0,
                "width": 5656,
                "height": 6990,
                "url": "https://lh3.googleusercontent.com/XOEEpiJxvnbvetJvG7wbpPL9trO3nAAJuPztTOFxS2jtpHgqIkRGFfFJgkkS00bLCs6Ezkg0qRMOMZUMnBP3mbmQ-rJh_gFiffSIhyWX=s0"
            },
            "headerImage": {
                "guid": "732fc21c-7ac1-44eb-9acf-c7f8d1e023bb",
                "offsetPercentageX": 0,
                "offsetPercentageY": 0,
                "width": 1920,
                "height": 460,
                "url": "https://lh3.googleusercontent.com/mJKLRLCsvwG4xnPeWYPOy0HdM0Y2zZK7Hcr3uOtqJo9H4nfBdKk7BM9vhT8MRK4L1zxN3GHCLiKbk0lcrz_JRpn16JF5eDXU_ur94GHA=s0"
            },
            "productionPlaces": [
                
            ]
        },
        {
            "links": {
                "self": "http://www.rijksmuseum.nl/api/en/collection/SK-C-109",
                "web": "http://www.rijksmuseum.nl/en/collection/SK-C-109"
            },
            "id": "en-SK-C-109",
            "objectNumber": "SK-C-109",
            "title": "Italian Landscape with a Draughtsman",
            "hasImage": true,
            "principalOrFirstMaker": "Jan Both",
            "longTitle": "Italian Landscape with a Draughtsman, Jan Both, c. 1650 - 1652",
            "showImage": true,
            "permitDownload": true,
            "webImage": {
                "guid": "465bb4a9-3ddd-4a55-9ff1-1c6700cf2977",
                "offsetPercentageX": 0,
                "offsetPercentageY": 1,
                "width": 2852,
                "height": 2228,
                "url": "https://lh3.googleusercontent.com/KA2hIo0BlMDmyQDEC3ixvp9WHgcyJnlAvWtVcZmExh9ocPoZdQGRJh7bZjE2Mx2OGC0Zi3QGHGP0LlmuFgRlIYs36Sgn5G2OD-0MaTo=s0"
            },
            "headerImage": {
                "guid": "cf74d0e5-fc47-4813-b889-173670d4d0fe",
                "offsetPercentageX": 0,
                "offsetPercentageY": 0,
                "width": 1920,
                "height": 460,
                "url": "https://lh3.googleusercontent.com/slNdC1XU1nsaODGXSXltLuPjFR6C37Agb56JQQFoq21CGRCGv-hKn6sqVkaG2AazOqgSfDsLHa46TQ6D1atYcDFdbeJg40Qyxam64kCh=s0"
            },
            "productionPlaces": [
                
            ]
        },
        {
            "links": {
                "self": "http://www.rijksmuseum.nl/api/en/collection/SK-A-2344",
                "web": "http://www.rijksmuseum.nl/en/collection/SK-A-2344"
            },
            "id": "en-SK-A-2344",
            "objectNumber": "SK-A-2344",
            "title": "The Milkmaid",
            "hasImage": true,
            "principalOrFirstMaker": "Johannes Vermeer",
            "longTitle": "The Milkmaid, Johannes Vermeer, c. 1660",
            "showImage": true,
            "permitDownload": true,
            "webImage": {
                "guid": "e4e3005c-dd9e-4db6-b466-50b17a9a52cd",
                "offsetPercentageX": 0,
                "offsetPercentageY": 0,
                "width": 2261,
                "height": 2548,
                "url": "https://lh3.googleusercontent.com/cRtF3WdYfRQEraAcQz8dWDJOq3XsRX-h244rOw6zwkHtxy7NHjJOany7u4I2EG_uMAfNwBLHkFyLMENzpmfBTSYXIH_F=s0"
            },
            "headerImage": {
                "guid": "bef0795c-923a-463f-aab8-6a9cb24da44b",
                "offsetPercentageX": 0,
                "offsetPercentageY": 0,
                "width": 1920,
                "height": 460,
                "url": "https://lh3.googleusercontent.com/00OIrTLK6NA8Z7t276hDnKHTsdk3FCTTAy1-XTmnDbDm4gL1mSB1BerazQHyXxnRSWUso9I4YF4aiXluCqaV3Yus3g=s0"
            },
            "productionPlaces": [
                
            ]
        },
        {
            "links": {
                "self": "http://www.rijksmuseum.nl/api/en/collection/SK-A-799",
                "web": "http://www.rijksmuseum.nl/en/collection/SK-A-799"
            },
            "id": "en-SK-A-799",
            "objectNumber": "SK-A-799",
            "title": "Floral Still Life",
            "hasImage": true,
            "principalOrFirstMaker": "Hans Bollongier",
            "longTitle": "Floral Still Life, Hans Bollongier, 1639",
            "showImage": true,
            "permitDownload": true,
            "webImage": {
                "guid": "99bb7c68-3deb-49df-9197-1f478d19e131",
                "offsetPercentageX": 0,
                "offsetPercentageY": 0,
                "width": 1904,
                "height": 2424,
                "url": "https://lh3.googleusercontent.com/nAGClUPzsX6AlHMMhWo0Wa3vEN7OlG6T4TmdlsHzeZigky3Gv6_TLhF4GakOfGYtW_GCHBQOwc92hpmaS_MrtK4FTeRYOnpib05HnvQENA=s0"
            },
            "headerImage": {
                "guid": "d2923a9d-6d5c-46d6-8c7e-27b93438fcb0",
                "offsetPercentageX": 0,
                "offsetPercentageY": 0,
                "width": 1904,
                "height": 457,
                "url": "https://lh3.googleusercontent.com/LAjhT2E-0VnOVdQS4xAQ6RFi5al6e_5uSNiOWtYjZkMVjuMBWqUJ2qOoWnXt25cZ2ryPyUND0CLGazZCv8mc9nyNQgDtwpvfXBZqt6jP=s0"
            },
            "productionPlaces": [
                
            ]
        },
        {
            "links": {
                "self": "http://www.rijksmuseum.nl/api/en/collection/SK-C-251",
                "web": "http://www.rijksmuseum.nl/en/collection/SK-C-251"
            },
            "id": "en-SK-C-251",
            "objectNumber": "SK-C-251",
            "title": "Woman Reading a Letter",
            "hasImage": true,
            "principalOrFirstMaker": "Johannes Vermeer",
            "longTitle": "Woman Reading a Letter, Johannes Vermeer, c. 1663",
            "showImage": true,
            "permitDownload": true,
            "webImage": {
                "guid": "4d2a72e4-eb25-461c-86ae-889bc3c0699c",
                "offsetPercentageX": 0,
                "offsetPercentageY": 0,
                "width": 2094,
                "height": 2500,
                "url": "https://lh3.googleusercontent.com/cgJpNZ47yAU-Ttf6SF4vdBBxAiiZW_w_-DsA1Xchet3eDJN-8EyoA24xgNR9Wl1fTLwGAhENkTkMZu1qULcXOQdgF2K1qDbdWSwic1POVg=s0"
            },
            "headerImage": {
                "guid": "a07137ac-d93d-442e-91d4-a01a20d9df02",
                "offsetPercentageX": 0,
                "offsetPercentageY": 0,
                "width": 1920,
                "height": 460,
                "url": "https://lh3.googleusercontent.com/Fr-WogWdczFPjMNym2BLxxeVnMww0A4M-oQ3s8EBLU4St5XZY_OjxXNuMGGxpPIqX8aWjmPC8DsHIxz14h8ywfApH9Qhvkt4YcT-QTT4Qg=s0"
            },
            "productionPlaces": [
                
            ]
        },
        {
            "links": {
                "self": "http://www.rijksmuseum.nl/api/en/collection/SK-C-229",
                "web": "http://www.rijksmuseum.nl/en/collection/SK-C-229"
            },
            "id": "en-SK-C-229",
            "objectNumber": "SK-C-229",
            "title": "The Merry Family",
            "hasImage": true,
            "principalOrFirstMaker": "Jan Havicksz. Steen",
            "longTitle": "The Merry Family, Jan Havicksz. Steen, 1668",
            "showImage": true,
            "permitDownload": true,
            "webImage": {
                "guid": "b66932b3-9c0c-4962-b2aa-3e4e48163417",
                "offsetPercentageX": 0,
                "offsetPercentageY": 0,
                "width": 2852,
                "height": 2211,
                "url": "https://lh3.googleusercontent.com/7JF0tll1eAfY8XgFHJ6Iq_e1xux4xgcT8_LxMfVbZdRMC5CX5KsXLH1DLlMEfuTfKX8kehtmhJyzJSBFEBDPFmeB6Y8=s0"
            },
            "headerImage": {
                "guid": "58be0ec5-ff9c-43a4-afcf-af0932fd008e",
                "offsetPercentageX": 0,
                "offsetPercentageY": 0,
                "width": 1920,
                "height": 460,
                "url": "https://lh3.googleusercontent.com/t8Etb-lGOHfVlowyCXeVtq7YkXuyI6jUPD7l-cgFTfY_zvhOcaj6XckPlbvYdA8VmtWBe4j8r9Stm8VHCwc6s1jn2w=s0"
            },
            "productionPlaces": [
                
            ]
        },
        {
            "links": {
                "self": "http://www.rijksmuseum.nl/api/en/collection/SK-A-4830",
                "web": "http://www.rijksmuseum.nl/en/collection/SK-A-4830"
            },
            "id": "en-SK-A-4830",
            "objectNumber": "SK-A-4830",
            "title": "Still Life with a Gilt Cup",
            "hasImage": true,
            "principalOrFirstMaker": "Willem Claesz Heda",
            "longTitle": "Still Life with a Gilt Cup, Willem Claesz Heda, 1635",
            "showImage": true,
            "permitDownload": true,
            "webImage": {
                "guid": "958cbf50-5232-4378-a410-7d9573dfb718",
                "offsetPercentageX": 0,
                "offsetPercentageY": 0,
                "width": 2500,
                "height": 1937,
                "url": "https://lh3.googleusercontent.com/mZj-trnVh6jeUDsl1o0a3xNXPat_UOZtKecS4LaZdTLcNoIqtd_yf6beJKCUVzk3NT5SSFeQ-hOzJEOOSV9sg8dHE6VjFjUrGfxwe5Sg=s0"
            },
            "headerImage": {
                "guid": "d5db3a03-3d6e-4700-a1cb-c737887a6923",
                "offsetPercentageX": 0,
                "offsetPercentageY": 0,
                "width": 1920,
                "height": 460,
                "url": "https://lh3.googleusercontent.com/oY8pcdQahKwdBj_TFoV1UPUFkjY-XQZ5LcPb7Y2Aqexsg5g8h0A6bSWC9qpl-HbS46mX_5C51Du7bRATwQVdMPW0SBE3aDQALUZhCA8=s0"
            },
            "productionPlaces": [
                
            ]
        },
        {
            "links": {
                "self": "http://www.rijksmuseum.nl/api/en/collection/SK-A-1451",
                "web": "http://www.rijksmuseum.nl/en/collection/SK-A-1451"
            },
            "id": "en-SK-A-1451",
            "objectNumber": "SK-A-1451",
            "title": "The Well-stocked Kitchen, with Jesus in het House of Martha and Mary in the Background",
            "hasImage": true,
            "principalOrFirstMaker": "Joachim Bueckelaer",
            "longTitle": "The Well-stocked Kitchen, with Jesus in het House of Martha and Mary in the Background, Joachim Bueckelaer, 1566",
            "showImage": true,
            "permitDownload": true,
            "webImage": {
                "guid": "1d39e4da-6b58-4a58-ae4f-792d3099c7af",
                "offsetPercentageX": 0,
                "offsetPercentageY": 0,
                "width": 2500,
                "height": 1717,
                "url": "https://lh3.googleusercontent.com/SjuKgVllMl-wQ9sRUXch29gQpNg2NDiNSRsPGft0CzbGOIFwZktLNz7_689URZOGxOHFO76B722WD1RibHoBdOm7csga=s0"
            },
            "headerImage": {
                "guid": "a47ecd80-c883-456b-80ef-ab248766b9f4",
                "offsetPercentageX": 0,
                "offsetPercentageY": 0,
                "width": 1920,
                "height": 460,
                "url": "https://lh3.googleusercontent.com/yUbyE1Wy6ZaLrcHG-HYe1fshg4nTV_gAmT523Hj4CWvgr51LWGO0kmArD4WaUvK9fmvuKoRuNP0s3ke_ZWtglf-Kvzpk=s0"
            },
            "productionPlaces": [
                "Antwerp"
            ]
        },
        {
            "links": {
                "self": "http://www.rijksmuseum.nl/api/en/collection/SK-A-1505",
                "web": "http://www.rijksmuseum.nl/en/collection/SK-A-1505"
            },
            "id": "en-SK-A-1505",
            "objectNumber": "SK-A-1505",
            "title": "A Windmill on a Polder Waterway, Known as ‘In the Month of July’",
            "hasImage": true,
            "principalOrFirstMaker": "Paul Joseph Constantin Gabriël",
            "longTitle": "A Windmill on a Polder Waterway, Known as ‘In the Month of July’, Paul Joseph Constantin Gabriël, c. 1889",
            "showImage": true,
            "permitDownload": true,
            "webImage": {
                "guid": "3e83eca2-5306-4d6d-b499-f86091c81d39",
                "offsetPercentageX": 0,
                "offsetPercentageY": 0,
                "width": 1767,
                "height": 2748,
                "url": "https://lh3.googleusercontent.com/nfJiRConmXf4QR1bK3-E456qIEp2bYtuemyy3P3t7PonntyGJ8iPzFNKJPhZFCSSmJmj2AHePE4V1xl3BOz2NT8mfbNg=s0"
            },
            "headerImage": {
                "guid": "34e94d7f-4d7a-464e-b3f9-eb5532f98c27",
                "offsetPercentageX": 0,
                "offsetPercentageY": 0,
                "width": 1767,
                "height": 424,
                "url": "https://lh3.googleusercontent.com/aBYq1zHv15e7b3QhO20l8calrdCVOljfAjpoZeipAFZi53VhuDD-CFOym2ICOWD10C79flH_nW7rU7XBOQCKq50ozlY=s0"
            },
            "productionPlaces": [
                
            ]
        },
        {
            "links": {
                "self": "http://www.rijksmuseum.nl/api/en/collection/SK-A-3841",
                "web": "http://www.rijksmuseum.nl/en/collection/SK-A-3841"
            },
            "id": "en-SK-A-3841",
            "objectNumber": "SK-A-3841",
            "title": "Worship of the Golden Calf",
            "hasImage": true,
            "principalOrFirstMaker": "Lucas van Leyden",
            "longTitle": "Worship of the Golden Calf, Lucas van Leyden, c. 1530",
            "showImage": true,
            "permitDownload": true,
            "webImage": {
                "guid": "d355c71e-804c-4f01-8449-361a1c68053c",
                "offsetPercentageX": 0,
                "offsetPercentageY": 0,
                "width": 3000,
                "height": 2255,
                "url": "https://lh3.googleusercontent.com/BhqE25cpBVQ8tZUZFsWs4W-cf6LRU0fFtUcC7k24OOjW5en5xJ7mNSfIZQKJZncp7M1B6f6PJrbr0H0MivzQzw_fXJU=s0"
            },
            "headerImage": {
                "guid": "451bc6d0-f740-4dd9-8672-fd71b1c9a999",
                "offsetPercentageX": 0,
                "offsetPercentageY": 0,
                "width": 1920,
                "height": 460,
                "url": "https://lh3.googleusercontent.com/bGpwUdwA70gOHVDGXassviRjbFs1QHOgZG7bc3b7HAzf7h3v8B659aEb2t0lsUQWnQRaWA_ajV7eGLcAdwWztA4Qcac=s0"
            },
            "productionPlaces": [
                "Leiden"
            ]
        },
        {
            "links": {
                "self": "http://www.rijksmuseum.nl/api/en/collection/SK-A-2963",
                "web": "http://www.rijksmuseum.nl/en/collection/SK-A-2963"
            },
            "id": "en-SK-A-2963",
            "objectNumber": "SK-A-2963",
            "title": "Portrait of Don Ramón Satué",
            "hasImage": true,
            "principalOrFirstMaker": "Francisco de Goya",
            "longTitle": "Portrait of Don Ramón Satué, Francisco de Goya, 1823",
            "showImage": true,
            "permitDownload": true,
            "webImage": {
                "guid": "b7e78388-9d9f-4d74-9090-e6529fa572c9",
                "offsetPercentageX": 0,
                "offsetPercentageY": 0,
                "width": 2131,
                "height": 2708,
                "url": "https://lh3.googleusercontent.com/SwwiVAxnwFE_s-k7-bPOZ6jnGfcuVDJoZ-ofLb0Zispb-mJdsfasrE1nTPRcGDPwyEqY0txKpjPcAWaIIltYvvPtDA8=s0"
            },
            "headerImage": {
                "guid": "ddb422b2-6ff0-48dc-92b1-107eccd444cb",
                "offsetPercentageX": 0,
                "offsetPercentageY": 0,
                "width": 1920,
                "height": 460,
                "url": "https://lh3.googleusercontent.com/og1iXSLmAw1SrhMtE_EHWLB46KA5nZWOeTXF_JFltq5tYO7fce59M0tB3kyLDtYez6UX5_Vy2XFdk4vBuD0BKeKnAI0=s0"
            },
            "productionPlaces": [
                
            ]
        },
        {
            "links": {
                "self": "http://www.rijksmuseum.nl/api/en/collection/SK-A-135",
                "web": "http://www.rijksmuseum.nl/en/collection/SK-A-135"
            },
            "id": "en-SK-A-135",
            "objectNumber": "SK-A-135",
            "title": "A Militiaman Holding a Berkemeyer, Known as the ‘Merry Drinker’",
            "hasImage": true,
            "principalOrFirstMaker": "Frans Hals",
            "longTitle": "A Militiaman Holding a Berkemeyer, Known as the ‘Merry Drinker’, Frans Hals, c. 1628 - c. 1630",
            "showImage": true,
            "permitDownload": true,
            "webImage": {
                "guid": "447b11f6-7c16-48b5-a04e-8694929bd7ae",
                "offsetPercentageX": 0,
                "offsetPercentageY": 0,
                "width": 2254,
                "height": 2646,
                "url": "https://lh3.googleusercontent.com/bMCQgUbifzAl-How19Ru06KYgdVuND2pdYzY81zIx3MJ0ld6yqzPnWLVUOu0Aj1JNgK-lFDT2CSjfmQ-erpBdJ6AM4XGAwuQoivxWpJ8=s0"
            },
            "headerImage": {
                "guid": "5ac15e40-35d6-42cf-8680-006c82cccce2",
                "offsetPercentageX": 0,
                "offsetPercentageY": 0,
                "width": 1920,
                "height": 460,
                "url": "https://lh3.googleusercontent.com/vCjqORJ4UHC8N-ikdaZ3GBzYie_0hcAuWDmScq6tEjpOue7paFljrO40RPR2ukNNLquUImn27s3IQMA2_m2YNcyArXGKUFy1W4h3KMBC=s0"
            },
            "productionPlaces": [
                
            ]
        },
        {
            "links": {
                "self": "http://www.rijksmuseum.nl/api/en/collection/SK-C-5",
                "web": "http://www.rijksmuseum.nl/en/collection/SK-C-5"
            },
            "id": "en-SK-C-5",
            "objectNumber": "SK-C-5",
            "title": "The Night Watch",
            "hasImage": true,
            "principalOrFirstMaker": "Rembrandt van Rijn",
            "longTitle": "The Night Watch, Rembrandt van Rijn, 1642",
            "showImage": true,
            "permitDownload": true,
            "webImage": {
                "guid": "bbd1fae8-4023-4859-8ed1-d38616aec96c",
                "offsetPercentageX": 0,
                "offsetPercentageY": 1,
                "width": 5656,
                "height": 4704,
                "url": "https://lh3.googleusercontent.com/SsEIJWka3_cYRXXSE8VD3XNOgtOxoZhqW1uB6UFj78eg8gq3G4jAqL4Z_5KwA12aD7Leqp27F653aBkYkRBkEQyeKxfaZPyDx0O8CzWg=s0"
            },
            "headerImage": {
                "guid": "29a2a516-f1d2-4713-9cbd-7a4458026057",
                "offsetPercentageX": 0,
                "offsetPercentageY": 0,
                "width": 1920,
                "height": 460,
                "url": "https://lh3.googleusercontent.com/nAHNYM604vhPa1hbE_hBJw55JI01-ls0zCwHwvDEES38PpGyGHMgG_vaigVWSuK8GFkaxfn2Dmevw_Nmujn5dKW3jItgS6QaSI8VIsiH=s0"
            },
            "productionPlaces": [
                "Amsterdam"
            ]
        },
        {
            "links": {
                "self": "http://www.rijksmuseum.nl/api/en/collection/SK-C-597",
                "web": "http://www.rijksmuseum.nl/en/collection/SK-C-597"
            },
            "id": "en-SK-C-597",
            "objectNumber": "SK-C-597",
            "title": "Portrait of a Woman, Possibly Maria Trip",
            "hasImage": true,
            "principalOrFirstMaker": "Rembrandt van Rijn",
            "longTitle": "Portrait of a Woman, Possibly Maria Trip, Rembrandt van Rijn, 1639",
            "showImage": true,
            "permitDownload": true,
            "webImage": {
                "guid": "165d03bb-95e8-4447-a911-865f1bd201d6",
                "offsetPercentageX": 0,
                "offsetPercentageY": 0,
                "width": 2031,
                "height": 2676,
                "url": "https://lh3.googleusercontent.com/AyiKhdEWJ7XmtPXQbRg_kWqKn6mCV07bsuUB01hJHjVVP-ZQFmzjTWt7JIWiQFZbb9l5tKFhVOspmco4lMwqwWImfgg=s0"
            },
            "headerImage": {
                "guid": "f0270e59-baca-4429-ba00-d6c37b9ad00f",
                "offsetPercentageX": 0,
                "offsetPercentageY": 0,
                "width": 1920,
                "height": 460,
                "url": "https://lh3.googleusercontent.com/MonorlaCKkTjeFrTBQyCb7kfmq8K--aWrThge7MsTItJxO_cw-8WbwgmTm0jTt-qfaFfnwa1qNEnsGYVHMPmCGmb0Pje=s0"
            },
            "productionPlaces": [
                
            ]
        },
        {
            "links": {
                "self": "http://www.rijksmuseum.nl/api/en/collection/SK-C-217",
                "web": "http://www.rijksmuseum.nl/en/collection/SK-C-217"
            },
            "id": "en-SK-C-217",
            "objectNumber": "SK-C-217",
            "title": "Interior of the Sint-Odulphuskerk in Assendelft",
            "hasImage": true,
            "principalOrFirstMaker": "Pieter Jansz Saenredam",
            "longTitle": "Interior of the Sint-Odulphuskerk in Assendelft, Pieter Jansz Saenredam, 1649",
            "showImage": true,
            "permitDownload": true,
            "webImage": {
                "guid": "f79764d2-9c38-4cc2-a181-db68b6e10806",
                "offsetPercentageX": 0,
                "offsetPercentageY": 0,
                "width": 2500,
                "height": 1645,
                "url": "https://lh3.googleusercontent.com/m_IGl3fefTuaP0r83Yt9yPJR47_LCZfKLlVaMg0jHYwzJCfioMVE5SD8utgPvH_p2SADgqnAprLVEjBueJL8bZznfcp0n6AgCNPwZUPUjA=s0"
            },
            "headerImage": {
                "guid": "f4f3220c-9803-4d7d-8877-90c5c7eca187",
                "offsetPercentageX": 0,
                "offsetPercentageY": 0,
                "width": 1920,
                "height": 460,
                "url": "https://lh3.googleusercontent.com/mCKwAEomRIRsAVTbtssHq2_GFnOawmO_mNyzlDU8cfbQRQ6Lc7-pDEstXzIrq_taCLfYNU6ND-KG_BG17vkFQfTYw-vT0VOKZ4h0nQIy=s0"
            },
            "productionPlaces": [
                
            ]
        },
        {
            "links": {
                "self": "http://www.rijksmuseum.nl/api/en/collection/SK-C-211",
                "web": "http://www.rijksmuseum.nl/en/collection/SK-C-211"
            },
            "id": "en-SK-C-211",
            "objectNumber": "SK-C-211",
            "title": "The Windmill at Wijk bij Duurstede",
            "hasImage": true,
            "principalOrFirstMaker": "Jacob Isaacksz van Ruisdael",
            "longTitle": "The Windmill at Wijk bij Duurstede, Jacob Isaacksz van Ruisdael, c. 1668 - c. 1670",
            "showImage": true,
            "permitDownload": true,
            "webImage": {
                "guid": "bbb79014-8ebd-4922-ad48-fd4ee8c61bd2",
                "offsetPercentageX": 0,
                "offsetPercentageY": 0,
                "width": 2880,
                "height": 2376,
                "url": "https://lh3.googleusercontent.com/3EDrQy1jW6akN2k8eAeCECHJ1FmvM1f2pb9a-de51ErcQcghh7cbpzFIh-QYdcGfpi3FjxH1AP6C_FvPNR-I9n8I4No=s0"
            },
            "headerImage": {
                "guid": "a47bcb3d-ce7e-42f4-a7b9-e9f6efcc397d",
                "offsetPercentageX": 0,
                "offsetPercentageY": 0,
                "width": 1920,
                "height": 460,
                "url": "https://lh3.googleusercontent.com/9JwJBbWxRi8Bhvjm3IDfWNr_u-NbZ3ReOXWJ-WKRHgONrACjGDxQi4I4scIvqVOaPTEyfA0HqPRwaAlmauq0EKlc9wY=s0"
            },
            "productionPlaces": [
                
            ]
        },
        {
            "links": {
                "self": "http://www.rijksmuseum.nl/api/en/collection/SK-A-3580",
                "web": "http://www.rijksmuseum.nl/en/collection/SK-A-3580"
            },
            "id": "en-SK-A-3580",
            "objectNumber": "SK-A-3580",
            "title": "The Singel Bridge at the Paleisstraat in Amsterdam",
            "hasImage": true,
            "principalOrFirstMaker": "George Hendrik Breitner",
            "longTitle": "The Singel Bridge at the Paleisstraat in Amsterdam, George Hendrik Breitner, 1898",
            "showImage": true,
            "permitDownload": true,
            "webImage": {
                "guid": "cd15e2fa-b1f6-41f4-9e9e-c2ca87abcca3",
                "offsetPercentageX": 0,
                "offsetPercentageY": 0,
                "width": 2880,
                "height": 1897,
                "url": "https://lh3.googleusercontent.com/Bawo7r1nPZV6sJ4OHZJHdKV_4Ky59vquAR7KoUXcNZgx9fqTaOW-QaOM9qoyYhOTAopzjt9OIfW06RMwa-9eJW9KjQw=s0"
            },
            "headerImage": {
                "guid": "fef39f74-9783-44c9-acae-69eac3a76b01",
                "offsetPercentageX": 0,
                "offsetPercentageY": 0,
                "width": 1920,
                "height": 460,
                "url": "https://lh3.googleusercontent.com/jR6y5a8lFvgYe37WxLPQJZTjBAaBB6aIFYMsFw9gGP1y69TltkVQdWQVoZhSyGN9ZnPKR5taEJPbGhUBSDxlOmNqoyI=s0"
            },
            "productionPlaces": [
                "Amsterdam"
            ]
        },
        {
            "links": {
                "self": "http://www.rijksmuseum.nl/api/en/collection/SK-A-4",
                "web": "http://www.rijksmuseum.nl/en/collection/SK-A-4"
            },
            "id": "en-SK-A-4",
            "objectNumber": "SK-A-4",
            "title": "The Threatened Swan",
            "hasImage": true,
            "principalOrFirstMaker": "Jan Asselijn",
            "longTitle": "The Threatened Swan, Jan Asselijn, c. 1650",
            "showImage": true,
            "permitDownload": true,
            "webImage": {
                "guid": "2f3951aa-bbde-4e10-bbf8-0fcb2c0ed08a",
                "offsetPercentageX": 0,
                "offsetPercentageY": 0,
                "width": 2916,
                "height": 2459,
                "url": "https://lh3.googleusercontent.com/tm1DbZrAP0uBM-OJhLwvKir1Le5LglRF_bvbaNi6m-F_pIyttsWQz040soRY9pWA9PgNEYFA_fBkg_keYixRXCAjz9Q=s0"
            },
            "headerImage": {
                "guid": "8fb60afb-0fb2-496f-ab33-921077fc13df",
                "offsetPercentageX": 0,
                "offsetPercentageY": 0,
                "width": 1920,
                "height": 460,
                "url": "https://lh3.googleusercontent.com/YwB03AMldxZhUOsLJYjKEfz5L15-WpbyvdFVctMbysr8McUY8rePhcgpIU7mJft7SOSqknEjbx55I6LnS2LC13peFUwk=s0"
            },
            "productionPlaces": [
                
            ]
        },
        {
            "links": {
                "self": "http://www.rijksmuseum.nl/api/en/collection/SK-A-1115",
                "web": "http://www.rijksmuseum.nl/en/collection/SK-A-1115"
            },
            "id": "en-SK-A-1115",
            "objectNumber": "SK-A-1115",
            "title": "The Battle of Waterloo",
            "hasImage": true,
            "principalOrFirstMaker": "Jan Willem Pieneman",
            "longTitle": "The Battle of Waterloo, Jan Willem Pieneman, 1824",
            "showImage": true,
            "permitDownload": true,
            "webImage": {
                "guid": "926aee2c-c444-4a41-9ec3-8b2a9a819f62",
                "offsetPercentageX": 0,
                "offsetPercentageY": 0,
                "width": 2500,
                "height": 1655,
                "url": "https://lh3.googleusercontent.com/MHkVLylkz-ITQAhXck5aQUTXxJX6xequIQbsppMh9eFx2fbg1Botuex8eQidQwyAgGttsISWm2FDipZ0SD5CWEIm_WA=s0"
            },
            "headerImage": {
                "guid": "0b7c2de5-69ce-423a-8354-3532311c28aa",
                "offsetPercentageX": 0,
                "offsetPercentageY": 0,
                "width": 1920,
                "height": 460,
                "url": "https://lh3.googleusercontent.com/MvxENZDGuhzWMMm8N1yilwrvr4CGFLy4nm1G3ZI58_eEM87L6h-MjggKo_sgcBDlHzvI6lMILOkB4n5LjaQPGpkPC1g=s0"
            },
            "productionPlaces": [
                
            ]
        },
        {
            "links": {
                "self": "http://www.rijksmuseum.nl/api/en/collection/SK-A-2860",
                "web": "http://www.rijksmuseum.nl/en/collection/SK-A-2860"
            },
            "id": "en-SK-A-2860",
            "objectNumber": "SK-A-2860",
            "title": "View of Houses in Delft, Known as ‘The Little Street’",
            "hasImage": true,
            "principalOrFirstMaker": "Johannes Vermeer",
            "longTitle": "View of Houses in Delft, Known as ‘The Little Street’, Johannes Vermeer, c. 1658",
            "showImage": true,
            "permitDownload": true,
            "webImage": {
                "guid": "861e23e9-2147-46f4-9a0c-6069b8919e47",
                "offsetPercentageX": 0,
                "offsetPercentageY": 1,
                "width": 2038,
                "height": 2500,
                "url": "https://lh3.googleusercontent.com/N-coqwrkCI2zYd6nTtGEpLPwB4nOKJVxcXmCCKg0WrcEp4gDj44NdWZy_DoI5yPrWzTX7qZQrc9I1UlB-zBdMNrZWLYh4A1FtX1eimZ5=s0"
            },
            "headerImage": {
                "guid": "746a0cae-e0c6-4f0a-b3e5-f45864a51492",
                "offsetPercentageX": 0,
                "offsetPercentageY": 0,
                "width": 1920,
                "height": 460,
                "url": "https://lh3.googleusercontent.com/Ad1tjXmvRO-yS4csswUb6AQq76ByKjqBq8Vpbe8zfPqGvZrJi9B07708W__vvBlN5OkNt3YJfPSSh_AI1I0L0gUWXdngWOUXfQj9CiI=s0"
            },
            "productionPlaces": [
                
            ]
        },
        {
            "links": {
                "self": "http://www.rijksmuseum.nl/api/en/collection/SK-A-4691",
                "web": "http://www.rijksmuseum.nl/en/collection/SK-A-4691"
            },
            "id": "en-SK-A-4691",
            "objectNumber": "SK-A-4691",
            "title": "Self-portrait",
            "hasImage": true,
            "principalOrFirstMaker": "Rembrandt van Rijn",
            "longTitle": "Self-portrait, Rembrandt van Rijn, c. 1628",
            "showImage": true,
            "permitDownload": true,
            "webImage": {
                "guid": "89de22aa-e19f-4c83-87ff-26dd8f319c05",
                "offsetPercentageX": 0,
                "offsetPercentageY": 0,
                "width": 2118,
                "height": 2598,
                "url": "https://lh3.googleusercontent.com/7qzT0pbclLB7y3fdS1GxzMnV7m3gD3gWnhlquhFaJSn6gNOvMmTUAX3wVlTzhMXIs8kM9IH8AsjHNVTs8em3XQI6uMY=s0"
            },
            "headerImage": {
                "guid": "99061015-b788-42ed-a9d8-06db0bcf39e3",
                "offsetPercentageX": 0,
                "offsetPercentageY": 0,
                "width": 1920,
                "height": 460,
                "url": "https://lh3.googleusercontent.com/WKIxue0nAIOYj00nGVoO4DTP9rU2na0qat5eoIuQTf6Fbp4mHHm-wbCes1Oo6K_6IdMl6Z_OCjGW_juCCf_jvQqaKw=s0"
            },
            "productionPlaces": [
                
            ]
        },
        {
            "links": {
                "self": "http://www.rijksmuseum.nl/api/en/collection/SK-A-2099",
                "web": "http://www.rijksmuseum.nl/en/collection/SK-A-2099"
            },
            "id": "en-SK-A-2099",
            "objectNumber": "SK-A-2099",
            "title": "Still Life with Asparagus",
            "hasImage": true,
            "principalOrFirstMaker": "Adriaen Coorte",
            "longTitle": "Still Life with Asparagus, Adriaen Coorte, 1697",
            "showImage": true,
            "permitDownload": true,
            "webImage": {
                "guid": "d0c3b966-dc1d-4845-bafd-feafcc2a081d",
                "offsetPercentageX": 0,
                "offsetPercentageY": 0,
                "width": 2072,
                "height": 2564,
                "url": "https://lh3.googleusercontent.com/qEnlrp5MyHgLIVvrQR3HYtMBhQaLsxCmhBB15DCxX07l_rAvKqjKAXgCkgigYYxA2hGls9riG6Xfn_K_V5_GMfd_0bE=s0"
            },
            "headerImage": {
                "guid": "a3af4b53-154c-452d-96c6-5bb4528fa455",
                "offsetPercentageX": 0,
                "offsetPercentageY": 0,
                "width": 1920,
                "height": 460,
                "url": "https://lh3.googleusercontent.com/hEyoYfjyCji2WjliEMiMBJvrrH0lyHZLCS4jozSfWQBV8ts8jOWojggpLfX8bJ666XPtuT5Yovm7M9VQSBEIRa_ASY0=s0"
            },
            "productionPlaces": [
                
            ]
        },
        {
            "links": {
                "self": "http://www.rijksmuseum.nl/api/en/collection/SK-A-1796",
                "web": "http://www.rijksmuseum.nl/en/collection/SK-A-1796"
            },
            "id": "en-SK-A-1796",
            "objectNumber": "SK-A-1796",
            "title": "The Fête champêtre",
            "hasImage": true,
            "principalOrFirstMaker": "Dirck Hals",
            "longTitle": "The Fête champêtre, Dirck Hals, 1627",
            "showImage": true,
            "permitDownload": true,
            "webImage": {
                "guid": "a7ed1208-15a3-4ea3-867c-7a2ed7bf3cd4",
                "offsetPercentageX": 0,
                "offsetPercentageY": 1,
                "width": 2946,
                "height": 1656,
                "url": "https://lh3.googleusercontent.com/zjehg1KWc2C2s4c3ThD3v1ROk8PFjj2c-6ZcIoLzmBp-bQ17AkF7EijTqWuXx6YbGWrAJA04Tqm3AVcLsqEifHEyMAbEoZ9ROiUUZjbYNw=s0"
            },
            "headerImage": {
                "guid": "2e6ea4f4-6c98-44fc-b9ba-ee3bae2d7c3b",
                "offsetPercentageX": 0,
                "offsetPercentageY": 0,
                "width": 1920,
                "height": 460,
                "url": "https://lh3.googleusercontent.com/PcLsgjYFZZhDTuSgToulTcRUH8io6NpZTWyccYl1PaQ1sum1D_DBYZADFn6kSWv3hwgwsf8ozd8uF9PGG2U9JDp0AxBsLczLdHixmDk=s0"
            },
            "productionPlaces": [
                
            ]
        },
        {
            "links": {
                "self": "http://www.rijksmuseum.nl/api/en/collection/SK-A-4100",
                "web": "http://www.rijksmuseum.nl/en/collection/SK-A-4100"
            },
            "id": "en-SK-A-4100",
            "objectNumber": "SK-A-4100",
            "title": " The Art Gallery of Jan Gildemeester Jansz",
            "hasImage": true,
            "principalOrFirstMaker": "Adriaan de Lelie",
            "longTitle": " The Art Gallery of Jan Gildemeester Jansz, Adriaan de Lelie, 1794 - 1795",
            "showImage": true,
            "permitDownload": true,
            "webImage": {
                "guid": "c3a05f6b-4b71-4cfd-ab8d-3c7d79e08ea1",
                "offsetPercentageX": 0,
                "offsetPercentageY": 1,
                "width": 2500,
                "height": 1865,
                "url": "https://lh3.googleusercontent.com/vkoS9jmZLZWuWH1LNIG3eJUVI6W7XqOUKmFf_lcuB4m1nJydWPXZGggi3XGwmirNj1wLdiO7sH6x5fJ60XJnH2expg=s0"
            },
            "headerImage": {
                "guid": "36b54f3a-46a6-4c24-b804-ce2b5b86f45a",
                "offsetPercentageX": 0,
                "offsetPercentageY": 0,
                "width": 1920,
                "height": 460,
                "url": "https://lh3.googleusercontent.com/YjKvOkkf3epcceNunYHLeCrDFYNfADyeWnx_TkKyF1tzWPhotNzQaLztgeyfujmhgLG1LSBUv_oOtGL0bTWmgYxBEw=s0"
            },
            "productionPlaces": [
                
            ]
        },
        {
            "links": {
                "self": "http://www.rijksmuseum.nl/api/en/collection/SK-A-2815",
                "web": "http://www.rijksmuseum.nl/en/collection/SK-A-2815"
            },
            "id": "en-SK-A-2815",
            "objectNumber": "SK-A-2815",
            "title": "The Seven Works of Mercy",
            "hasImage": true,
            "principalOrFirstMaker": "Master of Alkmaar",
            "longTitle": "The Seven Works of Mercy, Master of Alkmaar, 1504",
            "showImage": true,
            "permitDownload": true,
            "webImage": {
                "guid": "dbb93884-cd17-4c10-a32e-2fb0aa9bdce5",
                "offsetPercentageX": 0,
                "offsetPercentageY": 0,
                "width": 2500,
                "height": 635,
                "url": "https://lh3.googleusercontent.com/PKiHHjb5ov-6RQm4WjTmQL7gQsiqz-jTgy6aJoUfXFPB-FPJF2XMcgjdpf0rMfPtQoePma2oYkAiN83RDwlyU34phg=s0"
            },
            "headerImage": {
                "guid": "8b08174c-b8f1-4a40-a8f8-20d98d426183",
                "offsetPercentageX": 0,
                "offsetPercentageY": 0,
                "width": 1920,
                "height": 460,
                "url": "https://lh3.googleusercontent.com/lEPMS16z9Y8aEsbUYI-zE-rTFqKa8AE63loPpzSkZWFFJ8RSxA7BKvgGsn3yOvC6udiX61dF4_smw3SG0-yfksfQ8YDs=s0"
            },
            "productionPlaces": [
                
            ]
        },
        {
            "links": {
                "self": "http://www.rijksmuseum.nl/api/en/collection/BK-17040-A",
                "web": "http://www.rijksmuseum.nl/en/collection/BK-17040-A"
            },
            "id": "en-BK-17040-A",
            "objectNumber": "BK-17040-A",
            "title": "Table ornament",
            "hasImage": true,
            "principalOrFirstMaker": "Wenzel Jamnitzer",
            "longTitle": "Table ornament, Wenzel Jamnitzer, 1549",
            "showImage": true,
            "permitDownload": true,
            "webImage": {
                "guid": "219e43c9-6b48-4861-a0af-9269dba7e7ef",
                "offsetPercentageX": 0,
                "offsetPercentageY": 0,
                "width": 1441,
                "height": 2500,
                "url": "https://lh6.ggpht.com/9ulJVSDjPC6uiOPm-0Lj44cicGWRmukCmE98Ut3EAn6BhQeo76QZe_YIGiMTTX9rr4k3nqPymTmhrGjZDohEIR5ZrQ=s0"
            },
            "headerImage": {
                "guid": "a7552298-f31f-4a34-b238-eab665305821",
                "offsetPercentageX": 0,
                "offsetPercentageY": 0,
                "width": 1441,
                "height": 346,
                "url": "https://lh4.ggpht.com/n-uNMbZpfgUwOtBa7dOqU9KiTqsLIeGTmMoXMl6mLNoyXjsq5Mv-BjB6n8a6JfP-HK0qgvqrld_5KFALiaEAhN2yR1rk=s0"
            },
            "productionPlaces": [
                
            ]
        },
        {
            "links": {
                "self": "http://www.rijksmuseum.nl/api/en/collection/NG-444",
                "web": "http://www.rijksmuseum.nl/en/collection/NG-444"
            },
            "id": "en-NG-444",
            "objectNumber": "NG-444",
            "title": "Chest with nine bottles",
            "hasImage": true,
            "principalOrFirstMaker": "anonymous",
            "longTitle": "Chest with nine bottles, anonymous, c. 1680 - c. 1700",
            "showImage": true,
            "permitDownload": true,
            "webImage": {
                "guid": "4aea74b3-682a-482d-8cad-f4ea0b78abd5",
                "offsetPercentageX": 0,
                "offsetPercentageY": 0,
                "width": 2500,
                "height": 2141,
                "url": "https://lh4.ggpht.com/zj4XExq5RGqvpQZO-gH2HsJ10eSJeGDrbuz4WSBsU0G_eSJGGVrseRSHUJFD2UouStnTSscr70Xz4M7GLWtBrmU3Zw=s0"
            },
            "headerImage": {
                "guid": "0b2a1edf-05e9-47be-90ea-91ce24136dd0",
                "offsetPercentageX": 0,
                "offsetPercentageY": 0,
                "width": 1920,
                "height": 460,
                "url": "https://lh5.ggpht.com/vA6oNf_cf5kcoK2m_7B8QcbhRXIiAA9gXDypHa-cFkXSnRL3vtV2XxRsLhm3IqiAOOBivYuQPF0H1uj4SRuUwkyFH-k=s0"
            },
            "productionPlaces": [
                "Japan",
                "Batavia"
            ]
        },
        {
            "links": {
                "self": "http://www.rijksmuseum.nl/api/en/collection/BK-NM-1010",
                "web": "http://www.rijksmuseum.nl/en/collection/BK-NM-1010"
            },
            "id": "en-BK-NM-1010",
            "objectNumber": "BK-NM-1010",
            "title": "Dolls’ house of Petronella Oortman",
            "hasImage": true,
            "principalOrFirstMaker": "anonymous",
            "longTitle": "Dolls’ house of Petronella Oortman, anonymous, c. 1686 - c. 1710",
            "showImage": true,
            "permitDownload": true,
            "webImage": {
                "guid": "8c3131da-1405-426f-9b23-5671a93920af",
                "offsetPercentageX": 0,
                "offsetPercentageY": 0,
                "width": 2500,
                "height": 2266,
                "url": "https://lh3.ggpht.com/OIaBDlLOhgpAQHGdfYfIh0ygXRqgBNR-tW7se4OTwOtD6dsr6xLAmp8u_pfsqJ-0EqB_wbCF_0mvCl979lWxfFIyFQQ=s0"
            },
            "headerImage": {
                "guid": "fde471c0-800c-4bea-b28e-a8523a1b643f",
                "offsetPercentageX": 0,
                "offsetPercentageY": 0,
                "width": 1920,
                "height": 460,
                "url": "https://lh3.ggpht.com/QARSFMHdk59lhi0GnyZzxvqkt3rMLpYrBI8dXqEVjnbLgcb4PudxSzYaLxju5Juo4CzwwSC2wlq2ZDUMXw54tIhgmF0=s0"
            },
            "productionPlaces": [
                "Amsterdam"
            ]
        },
        {
            "links": {
                "self": "http://www.rijksmuseum.nl/api/en/collection/BK-1975-81",
                "web": "http://www.rijksmuseum.nl/en/collection/BK-1975-81"
            },
            "id": "en-BK-1975-81",
            "objectNumber": "BK-1975-81",
            "title": "Cupboard",
            "hasImage": true,
            "principalOrFirstMaker": "Herman Doomer",
            "longTitle": "Cupboard, Herman Doomer, c. 1635 - c. 1645",
            "showImage": true,
            "permitDownload": true,
            "webImage": {
                "guid": "94d81c2d-603d-45ff-a40c-9d0d043ee64a",
                "offsetPercentageX": 0,
                "offsetPercentageY": 0,
                "width": 2189,
                "height": 2500,
                "url": "https://lh3.googleusercontent.com/ZYQ7IcfJ45yQOPnmhzBkZK2mc2F_e7bUMDgKaY-miSl0f8y3o-Q--H3R81q-2q1cfqFqoDlDgyLDW3OHJqin_ugnB_KRIfZaV-9xX2Y=s0"
            },
            "headerImage": {
                "guid": "fe1d23fe-b4e3-4b27-9c1d-ac40456e928e",
                "offsetPercentageX": 0,
                "offsetPercentageY": 0,
                "width": 1920,
                "height": 460,
                "url": "https://lh3.googleusercontent.com/mvlBhmGyd2EQdipaQBx_LvCtx4f9Szqu-OYk-CgqMdvS0yVOZTF8XsJ_Q8kXNaLgMXviZ5p13Rxi1gzWD_ILNa1AtZLZgh_7QP-CLSY=s0"
            },
            "productionPlaces": [
                
            ]
        },
        {
            "links": {
                "self": "http://www.rijksmuseum.nl/api/en/collection/BK-17496",
                "web": "http://www.rijksmuseum.nl/en/collection/BK-17496"
            },
            "id": "en-BK-17496",
            "objectNumber": "BK-17496",
            "title": "Blue Macaw",
            "hasImage": true,
            "principalOrFirstMaker": "Meissener Porzellan Manufaktur",
            "longTitle": "Blue Macaw, Meissener Porzellan Manufaktur, 1731",
            "showImage": true,
            "permitDownload": true,
            "webImage": {
                "guid": "fb490c6f-638a-44a8-81d3-ea27a04eae46",
                "offsetPercentageX": 0,
                "offsetPercentageY": 0,
                "width": 1822,
                "height": 2500,
                "url": "https://lh3.ggpht.com/5sc-SGzzgobkHnmnykUi4B1PqMtadoFqXOhYLQmsAI0Mcs_FeCoXT6loaiAUhr_zKvp2iyXntDxVhCzeVwjFulsjzRE=s0"
            },
            "headerImage": {
                "guid": "a355f7dd-d274-4797-9d71-e8f2fb0661ec",
                "offsetPercentageX": 0,
                "offsetPercentageY": 0,
                "width": 1822,
                "height": 437,
                "url": "https://lh3.ggpht.com/uXIT4pKPtocEUVmq6KZNWz4tSygyUZPi7HCCTq4big12nOUFBxJCIBM8vrDwepAM62ABjG-V6JnALRGgxJqWCfBLTQ=s0"
            },
            "productionPlaces": [
                
            ]
        },
        {
            "links": {
                "self": "http://www.rijksmuseum.nl/api/en/collection/BK-KOG-656",
                "web": "http://www.rijksmuseum.nl/en/collection/BK-KOG-656"
            },
            "id": "en-BK-KOG-656",
            "objectNumber": "BK-KOG-656",
            "title": "Cabinet of a Militia Company",
            "hasImage": true,
            "principalOrFirstMaker": "anonymous",
            "longTitle": "Cabinet of a Militia Company, anonymous, c. 1520 - c. 1530",
            "showImage": true,
            "permitDownload": true,
            "webImage": {
                "guid": "d8859bc4-e2e6-4283-9997-d591f3630776",
                "offsetPercentageX": 0,
                "offsetPercentageY": 0,
                "width": 1899,
                "height": 2500,
                "url": "https://lh6.ggpht.com/y9FmgZB4UrtrBz5hmXjWwIKSgXs_UcARxiYGtRJEeAfZ8kD1BQ_xORtEXcjXLjxwWYskHt7fBX7KHe7RX9ZB39IMpQ=s0"
            },
            "headerImage": {
                "guid": "a3aaae33-0dd7-4f96-a91f-682753799bde",
                "offsetPercentageX": 0,
                "offsetPercentageY": 0,
                "width": 1919,
                "height": 460,
                "url": "https://lh5.ggpht.com/QNF3g3vJCeTCAltS9sbBODpYZTS5Vx_cf7uhlyH70hYiFRaOFMein2BtG8pydxaj4dtAMLTYr0zGxaKhclD8Fs4xOsTF=s0"
            },
            "productionPlaces": [
                
            ]
        },
        {
            "links": {
                "self": "http://www.rijksmuseum.nl/api/en/collection/NG-KOG-1208",
                "web": "http://www.rijksmuseum.nl/en/collection/NG-KOG-1208"
            },
            "id": "en-NG-KOG-1208",
            "objectNumber": "NG-KOG-1208",
            "title": "Book chest of Hugo de Groot",
            "hasImage": true,
            "principalOrFirstMaker": "anonymous",
            "longTitle": "Book chest of Hugo de Groot, anonymous, c. 1600 - c. 1615",
            "showImage": true,
            "permitDownload": true,
            "webImage": {
                "guid": "ca37e593-a8d7-4ddd-8d69-1360a343e8fb",
                "offsetPercentageX": 0,
                "offsetPercentageY": 1,
                "width": 2500,
                "height": 1875,
                "url": "https://lh6.ggpht.com/2EO0M6YvvVy1QQ3VVHsWXuTWOomEJwp26G9bxRa3uE-lp66MNlhU-Bbi9mEcDDPuCMFXH3ZGaaTTHwpcORo6qO1EwrAX=s0"
            },
            "headerImage": {
                "guid": "000fd881-7317-426f-9604-3ff9cd008129",
                "offsetPercentageX": 0,
                "offsetPercentageY": 0,
                "width": 1920,
                "height": 460,
                "url": "https://lh6.ggpht.com/7wvv1JiT7ifUlpt_9ecG9ebDacjsmIugkC_V6EhQgd0rP05Nn7Src5QoK3p2_XVo6QBdZPrIjBoEldE4mvNV4jCvKzbK=s0"
            },
            "productionPlaces": [
                "Northern Netherlands"
            ]
        },
        {
            "links": {
                "self": "http://www.rijksmuseum.nl/api/en/collection/SK-A-500",
                "web": "http://www.rijksmuseum.nl/en/collection/SK-A-500"
            },
            "id": "en-SK-A-500",
            "objectNumber": "SK-A-500",
            "title": "The Holy Kinship",
            "hasImage": true,
            "principalOrFirstMaker": "Geertgen tot Sint Jans",
            "longTitle": "The Holy Kinship, Geertgen tot Sint Jans (workshop of), c. 1495",
            "showImage": true,
            "permitDownload": true,
            "webImage": {
                "guid": "fe12a6fa-fda9-47ee-99da-50a2b12c0abb",
                "offsetPercentageX": 0,
                "offsetPercentageY": 0,
                "width": 2040,
                "height": 2658,
                "url": "https://lh3.googleusercontent.com/qjkiSAC89H2lvsgogjCe6WGLzMFNgdoCLHwRngvUX6BACTFTggkzIXE99tz9Em-hTf44MS9YeRsxCjDkW7tfC9lprw=s0"
            },
            "headerImage": {
                "guid": "fe1b786d-943d-4bd8-9dc1-1559ffa45343",
                "offsetPercentageX": 0,
                "offsetPercentageY": 0,
                "width": 1920,
                "height": 460,
                "url": "https://lh3.googleusercontent.com/lktwooJWkHdMdbDh8RiQrGuMBh2QojMAVgbwMHs7ebBxe6XPgj-RFMAplaffrb9jfvaRUcYy3JucDArwqHf1HnO3QA=s0"
            },
            "productionPlaces": [
                "Haarlem"
            ]
        },
        {
            "links": {
                "self": "http://www.rijksmuseum.nl/api/en/collection/SK-C-1368",
                "web": "http://www.rijksmuseum.nl/en/collection/SK-C-1368"
            },
            "id": "en-SK-C-1368",
            "objectNumber": "SK-C-1368",
            "title": "Portraits of Giuliano and Francesco Giamberti da Sangallo",
            "hasImage": true,
            "principalOrFirstMaker": "Piero di Cosimo",
            "longTitle": "Portraits of Giuliano and Francesco Giamberti da Sangallo, Piero di Cosimo, 1482 - 1485",
            "showImage": true,
            "permitDownload": true,
            "webImage": {
                "guid": "15563bd2-2fde-4b91-9984-ba6c6b166277",
                "offsetPercentageX": 0,
                "offsetPercentageY": 0,
                "width": 2143,
                "height": 1520,
                "url": "https://lh3.googleusercontent.com/N2m90mImdcoLacUybb_rxcktTwtr0LFhtuzxbSE9elIhElF6jpWngx96_uZ0L1TGNof5pNt4n_Ygb4KYlPTpA9o6788=s0"
            },
            "headerImage": {
                "guid": "76249f29-b230-41ac-aa38-1dcb8476b614",
                "offsetPercentageX": 0,
                "offsetPercentageY": 0,
                "width": 1920,
                "height": 460,
                "url": "https://lh3.googleusercontent.com/F0vBT6rGd8T1kb6oMdGZKHaGIZCHg3-CbL24iyZodWm55-GKptRyXg4BB-cf3FvS634hwjR30RwoHdQZ9YuSexM8QxA=s0"
            },
            "productionPlaces": [
                
            ]
        },
        {
            "links": {
                "self": "http://www.rijksmuseum.nl/api/en/collection/SK-C-216",
                "web": "http://www.rijksmuseum.nl/en/collection/SK-C-216"
            },
            "id": "en-SK-C-216",
            "objectNumber": "SK-C-216",
            "title": "Isaac and Rebecca, Known as ‘The Jewish Bride’",
            "hasImage": true,
            "principalOrFirstMaker": "Rembrandt van Rijn",
            "longTitle": "Isaac and Rebecca, Known as ‘The Jewish Bride’, Rembrandt van Rijn, c. 1665 - c. 1669",
            "showImage": true,
            "permitDownload": true,
            "webImage": {
                "guid": "2fe159d5-619a-46d3-b3d2-9412e6f6bdd8",
                "offsetPercentageX": 0,
                "offsetPercentageY": 0,
                "width": 2500,
                "height": 1817,
                "url": "https://lh3.googleusercontent.com/mAyAjvYjIeAIlByhJx1Huctgeb58y7519XYP38oL1FXarhVlcXW7kxuwayOCFdnwtOp6B6F0HJmmws-Ceo5b_pNSSQs=s0"
            },
            "headerImage": {
                "guid": "10911bfe-4e23-4c3a-95f7-515609f4d711",
                "offsetPercentageX": 0,
                "offsetPercentageY": 0,
                "width": 1925,
                "height": 461,
                "url": "https://lh3.googleusercontent.com/0fTHP4xUsJZbQjzIHYtgHr1gRWBXjm9udaZT4ah35J_LyNzga-SyI0h61klse9sJqn53eUfuVIWZvP8IhW0jN4v91SM=s0"
            },
            "productionPlaces": [
                
            ]
        },
        {
            "links": {
                "self": "http://www.rijksmuseum.nl/api/en/collection/SK-C-1367",
                "web": "http://www.rijksmuseum.nl/en/collection/SK-C-1367"
            },
            "id": "en-SK-C-1367",
            "objectNumber": "SK-C-1367",
            "title": "Portraits of Giuliano and Francesco Giamberti da Sangallo",
            "hasImage": true,
            "principalOrFirstMaker": "Piero di Cosimo",
            "longTitle": "Portraits of Giuliano and Francesco Giamberti da Sangallo, Piero di Cosimo, 1482 - 1485",
            "showImage": true,
            "permitDownload": true,
            "webImage": {
                "guid": "277544ba-1a56-4492-84ee-3206ac4f24be",
                "offsetPercentageX": 0,
                "offsetPercentageY": 0,
                "width": 2143,
                "height": 1520,
                "url": "https://lh3.googleusercontent.com/x9NFmu-RbZ_9M5BK_hOzQRdVj4pu7p--y_IYwDK46lDPzQtTIO9AlBV_ObgQiY7GeWE0ZfNjMSyrCWgnwL4MCasQZQ=s0"
            },
            "headerImage": {
                "guid": "7fb8102f-3c26-4150-92a0-bdc5a67f123a",
                "offsetPercentageX": 0,
                "offsetPercentageY": 0,
                "width": 1920,
                "height": 460,
                "url": "https://lh3.googleusercontent.com/hHPZI5KMVFhS-tuGtcoo-WR0VMACT_7iypmXi9gCY2Gwg0BIK6irZN5GCihU7dcTskM1rEFIKs26M6S1W_oEzun0iR0I=s0"
            },
            "productionPlaces": [
                
            ]
        },
        {
            "links": {
                "self": "http://www.rijksmuseum.nl/api/en/collection/SK-A-404",
                "web": "http://www.rijksmuseum.nl/en/collection/SK-A-404"
            },
            "id": "en-SK-A-404",
            "objectNumber": "SK-A-404",
            "title": "Gallant Conversation, Known as ‘The Paternal Admonition’",
            "hasImage": true,
            "principalOrFirstMaker": "Gerard ter Borch (II)",
            "longTitle": "Gallant Conversation, Known as ‘The Paternal Admonition’, Gerard ter Borch (II), c. 1654",
            "showImage": true,
            "permitDownload": true,
            "webImage": {
                "guid": "0a412739-59a2-47e5-8ba9-0a5188cec553",
                "offsetPercentageX": 0,
                "offsetPercentageY": 1,
                "width": 2593,
                "height": 2514,
                "url": "https://lh3.googleusercontent.com/FNNTrTASiUR0f49UVUY5bisIM-3RlAbf_AmktgnU_4ou1ZG0juh3pMT1-xpQmtN1R8At4Gq9B4ioSSi4TVrgbCZsmtY=s0"
            },
            "headerImage": {
                "guid": "48d5a82a-915f-4e94-af3d-78437355c255",
                "offsetPercentageX": 0,
                "offsetPercentageY": 0,
                "width": 1920,
                "height": 460,
                "url": "https://lh3.googleusercontent.com/bBM9yfaUXXZQF7mfnEwoCB_fv-tviTZfiZ3zucZlCH6nEHy9PnWJ2cNmAnad4hWQcJEpCJ0PpAlCvc3RKJ6YlPG_zZl2=s0"
            },
            "productionPlaces": [
                
            ]
        },
        {
            "links": {
                "self": "http://www.rijksmuseum.nl/api/en/collection/BK-1976-75",
                "web": "http://www.rijksmuseum.nl/en/collection/BK-1976-75"
            },
            "id": "en-BK-1976-75",
            "objectNumber": "BK-1976-75",
            "title": "Lidded ewer",
            "hasImage": true,
            "principalOrFirstMaker": "Adam van Vianen (I)",
            "longTitle": "Lidded ewer, Adam van Vianen (I), 1614",
            "showImage": true,
            "permitDownload": true,
            "webImage": {
                "guid": "b7593955-22ca-4628-89f9-4f11d4f245d2",
                "offsetPercentageX": 0,
                "offsetPercentageY": 0,
                "width": 5490,
                "height": 7485,
                "url": "https://lh3.googleusercontent.com/Ovyo5Lk0AJGQtOvaFAc3ftMiDwPgLlEhl70T93W7s5QtNm5I33t4vMsA2JJ10i5srucjNOdzjQlvyyCKf_DGKUdEirI=s0"
            },
            "headerImage": {
                "guid": "f1af8da6-16f4-4357-9936-e1ed2a02928c",
                "offsetPercentageX": 0,
                "offsetPercentageY": 0,
                "width": 1920,
                "height": 460,
                "url": "https://lh3.googleusercontent.com/0DCTJOH0oyRfYZpAjbrwz4NY0LGbjYzmSwZ6Cu-VXoULvXhjrZOi6ABJUwOOXfF1qhDocyiV2yK-dOAs9XcID2o0Ibc=s0"
            },
            "productionPlaces": [
                "Utrecht"
            ]
        },
        {
            "links": {
                "self": "http://www.rijksmuseum.nl/api/en/collection/BK-NM-13150",
                "web": "http://www.rijksmuseum.nl/en/collection/BK-NM-13150"
            },
            "id": "en-BK-NM-13150",
            "objectNumber": "BK-NM-13150",
            "title": "Portrait of Michiel de Ruyter",
            "hasImage": true,
            "principalOrFirstMaker": "Rombout Verhulst",
            "longTitle": "Portrait of Michiel de Ruyter, Rombout Verhulst, in or after 1677 - in or before 1681",
            "showImage": true,
            "permitDownload": true,
            "webImage": {
                "guid": "dfb56cbe-6e82-4f6f-aa7a-b560ed91f07f",
                "offsetPercentageX": 0,
                "offsetPercentageY": 0,
                "width": 2083,
                "height": 2500,
                "url": "https://lh3.ggpht.com/7eeRiDQLguCwPA7159-wn9Jd3AhGzmFzra0kda7SX5Vm1TqTW3sLf6UksceWq6MUJmrUSxVC5bCviXAMX1S0qd0lUi0=s0"
            },
            "headerImage": {
                "guid": "c8b8814f-6a3f-429d-a2fd-2d0b2380b278",
                "offsetPercentageX": 0,
                "offsetPercentageY": 0,
                "width": 1920,
                "height": 460,
                "url": "https://lh4.ggpht.com/7MNqSPsON_nuBu8FTQ8E-NpALOtbUgfEoyrJV7efW86Pxo_SuueubQmqy46jtWZYU9SiHLohb5elAoRbf9KvJ4cuJg=s0"
            },
            "productionPlaces": [
                "The Hague"
            ]
        },
        {
            "links": {
                "self": "http://www.rijksmuseum.nl/api/en/collection/BK-18305",
                "web": "http://www.rijksmuseum.nl/en/collection/BK-18305"
            },
            "id": "en-BK-18305",
            "objectNumber": "BK-18305",
            "title": "Portrait of Andries de Graeff",
            "hasImage": true,
            "principalOrFirstMaker": "Artus Quellinus (I)",
            "longTitle": "Portrait of Andries de Graeff, Artus Quellinus (I), 1661",
            "showImage": true,
            "permitDownload": true,
            "webImage": {
                "guid": "876923e7-ee7b-4339-b3f5-5f24f2788f1d",
                "offsetPercentageX": 0,
                "offsetPercentageY": 0,
                "width": 2085,
                "height": 2500,
                "url": "https://lh5.ggpht.com/Dm4qOkEfe0P9YqnN7s-KRxy6K_o4trePSnlVvGNg0TPGcKmiDS_sdmqqbSeSENg22FFjyIz0xI2CEJhkrk9IfmDYHwo=s0"
            },
            "headerImage": {
                "guid": "1d449c5c-2ea9-4e29-bb4f-161ad61a3094",
                "offsetPercentageX": 0,
                "offsetPercentageY": 0,
                "width": 1920,
                "height": 460,
                "url": "https://lh5.ggpht.com/857ue3MkLXfJLhmfO5M9kyyB7rXZ65RmagZgmJr2TG2JFshbBVwJdw7IrzU_PL1CuyPAgkRUPA_1yQrdzRkudUFlFvw=s0"
            },
            "productionPlaces": [
                "Amsterdam"
            ]
        },
        {
            "links": {
                "self": "http://www.rijksmuseum.nl/api/en/collection/BK-AM-33-J",
                "web": "http://www.rijksmuseum.nl/en/collection/BK-AM-33-J"
            },
            "id": "en-BK-AM-33-J",
            "objectNumber": "BK-AM-33-J",
            "title": "Ten weepers from the tomb of Isabella of Bourbon",
            "hasImage": true,
            "principalOrFirstMaker": "Borman workshop, Renier van Thienen (I)",
            "longTitle": "Ten weepers from the tomb of Isabella of Bourbon, Borman workshop (attributed to), Renier van Thienen (I) (attributed to), c. 1475 - c. 1476",
            "showImage": true,
            "permitDownload": true,
            "webImage": {
                "guid": "8d27cbc1-32a1-4b11-9e7e-ec624500e696",
                "offsetPercentageX": 0,
                "offsetPercentageY": 0,
                "width": 1656,
                "height": 2500,
                "url": "https://lh4.ggpht.com/-xIJabR1yHWNnbX277YqLXC0H4bcKRWEDvulNRXOi75nB-jHBsCwwraBSXOhQ7coAyltbAmPhfFvSb2NFlU5ibSbhA=s0"
            },
            "headerImage": {
                "guid": "67779922-063f-4100-bf5d-d6aa9bf18de8",
                "offsetPercentageX": 0,
                "offsetPercentageY": 0,
                "width": 1920,
                "height": 460,
                "url": "https://lh3.ggpht.com/_X1Q95ZKHi8XFHy-oL44YKCOgzPHREJumLNSoUnbIhGK-e0CRSYyxxipgInP--1OkyDazQZar3Wxr95Nsw3DWGWOrNg=s0"
            },
            "productionPlaces": [
                "Brussels"
            ]
        },
        {
            "links": {
                "self": "http://www.rijksmuseum.nl/api/en/collection/BK-AM-33-H",
                "web": "http://www.rijksmuseum.nl/en/collection/BK-AM-33-H"
            },
            "id": "en-BK-AM-33-H",
            "objectNumber": "BK-AM-33-H",
            "title": "Ten weepers from the tomb of Isabella of Bourbon",
            "hasImage": true,
            "principalOrFirstMaker": "Borman workshop, Renier van Thienen (I)",
            "longTitle": "Ten weepers from the tomb of Isabella of Bourbon, Borman workshop (attributed to), Renier van Thienen (I) (attributed to), c. 1475 - c. 1476",
            "showImage": true,
            "permitDownload": true,
            "webImage": {
                "guid": "661b6b6c-0f6d-437e-b786-3c9332036590",
                "offsetPercentageX": 0,
                "offsetPercentageY": 0,
                "width": 1656,
                "height": 2500,
                "url": "https://lh3.ggpht.com/hWw39CO9_f8Layr6PT_REdtl_nJflH6L_o8jeF3XxmAquB2PKQhWK2kKRCd16TUvhdTl1UrfFC0-Wn1es9LxfdtcZQ=s0"
            },
            "headerImage": {
                "guid": "2fc2cf6d-83ac-4e37-a8d1-a6bed8e7bc60",
                "offsetPercentageX": 0,
                "offsetPercentageY": 0,
                "width": 1920,
                "height": 460,
                "url": "https://lh3.ggpht.com/wHOEUZMhx__a79FijUOC0J4NiBFh-9Dzw-gNm7CpDnGL3FYEQnSebHVTOzV-8urZ4vV9HPxxetL9wvKikBhHM2vpoQ=s0"
            },
            "productionPlaces": [
                "Brussels"
            ]
        },
        {
            "links": {
                "self": "http://www.rijksmuseum.nl/api/en/collection/BK-AM-33-B",
                "web": "http://www.rijksmuseum.nl/en/collection/BK-AM-33-B"
            },
            "id": "en-BK-AM-33-B",
            "objectNumber": "BK-AM-33-B",
            "title": "Ten weepers from the tomb of Isabella of Bourbon",
            "hasImage": true,
            "principalOrFirstMaker": "Borman workshop, Renier van Thienen (I)",
            "longTitle": "Ten weepers from the tomb of Isabella of Bourbon, Borman workshop (attributed to), Renier van Thienen (I) (attributed to), c. 1475 - c. 1476",
            "showImage": true,
            "permitDownload": true,
            "webImage": {
                "guid": "6e35f2ad-d28f-4ef8-b18a-f18b2df22651",
                "offsetPercentageX": 0,
                "offsetPercentageY": 0,
                "width": 1656,
                "height": 2500,
                "url": "https://lh6.ggpht.com/NLXTn4xmW5qcQQP7nL_BM9eOzXLdrKtcFUQdeLSWXHrpjMBuF3XjGV7sulajkXRYrr9G-qZdMcH3Q0fIso_jXxcjzAU=s0"
            },
            "headerImage": {
                "guid": "620d0271-2b3a-4f57-ba81-ef48c10b8369",
                "offsetPercentageX": 0,
                "offsetPercentageY": 0,
                "width": 1920,
                "height": 460,
                "url": "https://lh4.ggpht.com/CNbm55pxW59uOkqjXf9jaTL08JjzEeACCuCrnMOe-rG3KmyC6ui1PdBej6fT37CUER_aWJZMNT4c30mzc3G2H_7jPo0M=s0"
            },
            "productionPlaces": [
                "Brussels"
            ]
        },
        {
            "links": {
                "self": "http://www.rijksmuseum.nl/api/en/collection/BK-NM-88",
                "web": "http://www.rijksmuseum.nl/en/collection/BK-NM-88"
            },
            "id": "en-BK-NM-88",
            "objectNumber": "BK-NM-88",
            "title": "The Meeting of Joachim and Anna",
            "hasImage": true,
            "principalOrFirstMaker": "Master of Joachim and Anne",
            "longTitle": "The Meeting of Joachim and Anna, Master of Joachim and Anne, Master of Joachim and Anne, c. 1470",
            "showImage": true,
            "permitDownload": true,
            "webImage": {
                "guid": "05ce2b20-89d6-4211-adb3-53343285f609",
                "offsetPercentageX": 0,
                "offsetPercentageY": 0,
                "width": 1742,
                "height": 2500,
                "url": "https://lh4.ggpht.com/1xfViC0J7t1dY50WCjTTZvLVsKTuSpHGcsCeWOzqa_sR76LoZh3zeRyN0D277PJbc9uKCiPfsEE5aBse70Ohbb8iWA=s0"
            },
            "headerImage": {
                "guid": "882b6df7-bdee-42d2-8386-0cd69afb0f07",
                "offsetPercentageX": 0,
                "offsetPercentageY": 0,
                "width": 1919,
                "height": 460,
                "url": "https://lh3.ggpht.com/Y8VAii3b-PGqya8nVGzC0esfQetb1wAloaATfkJUIDSHBEBZNfT7B9clQlFN_rrcCi6ueMN8pmCzZSkAHzjZys3Nspo=s0"
            },
            "productionPlaces": [
                "? Northwest Brabant"
            ]
        },
        {
            "links": {
                "self": "http://www.rijksmuseum.nl/api/en/collection/AK-MAK-187",
                "web": "http://www.rijksmuseum.nl/en/collection/AK-MAK-187"
            },
            "id": "en-AK-MAK-187",
            "objectNumber": "AK-MAK-187",
            "title": "Shiva Nataraja",
            "hasImage": true,
            "principalOrFirstMaker": "anonymous",
            "longTitle": "Shiva Nataraja, anonymous, c. 1100 - c. 1200",
            "showImage": true,
            "permitDownload": true,
            "webImage": {
                "guid": "ed3bb15a-a6b9-4ecd-836c-942a6ad8a9cd",
                "offsetPercentageX": 0,
                "offsetPercentageY": 0,
                "width": 1780,
                "height": 2500,
                "url": "https://lh5.ggpht.com/vV5DJTpPEL5dOCFmytemK61JuTSX_9SQKI11U7uAhm4WB48zX6oyv8rXbBwYrSb7tPXUhERrROL8k2P9C5Q0NiOpCbs=s0"
            },
            "headerImage": {
                "guid": "3117b673-e3fc-4b32-9df1-d5f9f03a3886",
                "offsetPercentageX": 0,
                "offsetPercentageY": 0,
                "width": 1780,
                "height": 427,
                "url": "https://lh3.ggpht.com/tRNfvo1d-nwt150COh5uNeUytvAm72zQmjlXp9viywkDPAzYIDJsEQV503MZG9R3QNEYsQ3uuJMYmMv6q3dxCbkIDfpo=s0"
            },
            "productionPlaces": [
                
            ]
        },
        {
            "links": {
                "self": "http://www.rijksmuseum.nl/api/en/collection/AK-MAK-240",
                "web": "http://www.rijksmuseum.nl/en/collection/AK-MAK-240"
            },
            "id": "en-AK-MAK-240",
            "objectNumber": "AK-MAK-240",
            "title": "The bodhisattva Manjushri",
            "hasImage": true,
            "principalOrFirstMaker": "anonymous",
            "longTitle": "The bodhisattva Manjushri, anonymous, c. 800 - c. 900",
            "showImage": true,
            "permitDownload": true,
            "webImage": {
                "guid": "dba697d4-a378-4143-9669-0d37101cdb2c",
                "offsetPercentageX": 0,
                "offsetPercentageY": 0,
                "width": 2247,
                "height": 3000,
                "url": "https://lh3.ggpht.com/dEcAzU3879u6p7WXKY9L-BUuOInJYOsp6J_C-2v-gcYHNZVrkz8ZbCb6fL4g6WH4lBaTdNpOOKiMDgJraCo3hX2pmQ=s0"
            },
            "headerImage": {
                "guid": "4ea367f5-7f09-4a5f-9ea8-50c3198603f7",
                "offsetPercentageX": 0,
                "offsetPercentageY": 0,
                "width": 1920,
                "height": 460,
                "url": "https://lh5.ggpht.com/9fwHHCvAO_6DcA7a2-RShCbnxj_5cOGsEuTV1_qfDB_l9PeFMXwBG6hrdmEjj7OY-J4Zdfp2WLJPuyupo_oRnR1EkIY=s0"
            },
            "productionPlaces": [
                
            ]
        },
        {
            "links": {
                "self": "http://www.rijksmuseum.nl/api/en/collection/SK-C-2",
                "web": "http://www.rijksmuseum.nl/en/collection/SK-C-2"
            },
            "id": "en-SK-C-2",
            "objectNumber": "SK-C-2",
            "title": "Banquet at the Crossbowmen’s Guild in Celebration of the Treaty of Münster",
            "hasImage": true,
            "principalOrFirstMaker": "Bartholomeus van der Helst",
            "longTitle": "Banquet at the Crossbowmen’s Guild in Celebration of the Treaty of Münster, Bartholomeus van der Helst, 1648",
            "showImage": true,
            "permitDownload": true,
            "webImage": {
                "guid": "68df1929-68ba-4d9a-becc-e60289f7a7ef",
                "offsetPercentageX": 0,
                "offsetPercentageY": 0,
                "width": 2500,
                "height": 1034,
                "url": "https://lh3.googleusercontent.com/kmCDKP1kMN72zB-7CHBOBdCnyU3Z-NW7WIzuN_sIqm5n9xf6lG4oTtfcWsGW8qhbVYuwSDkYlhOglx7z4YaFL8UeFWU=s0"
            },
            "headerImage": {
                "guid": "9dc69178-c089-420e-8181-6cd662c82a2c",
                "offsetPercentageX": 0,
                "offsetPercentageY": 0,
                "width": 1920,
                "height": 460,
                "url": "https://lh3.googleusercontent.com/3taYbbzj47-gP_5Kj8gVtgDN2MzPHyGFRY3cYfIY_HCLub8Y-NpLI1oqNK7h-8uS4sMJgK2eihEt5WK1Hy-izt9QiJ4=s0"
            },
            "productionPlaces": [
                
            ]
        },
        {
            "links": {
                "self": "http://www.rijksmuseum.nl/api/en/collection/SK-A-180",
                "web": "http://www.rijksmuseum.nl/en/collection/SK-A-180"
            },
            "id": "en-SK-A-180",
            "objectNumber": "SK-A-180",
            "title": "The Merry Fiddler",
            "hasImage": true,
            "principalOrFirstMaker": "Gerard van Honthorst",
            "longTitle": "The Merry Fiddler, Gerard van Honthorst, 1623",
            "showImage": true,
            "permitDownload": true,
            "webImage": {
                "guid": "5308f16a-d1c1-4703-bd5e-1e3793cbe248",
                "offsetPercentageX": 0,
                "offsetPercentageY": 0,
                "width": 2032,
                "height": 2500,
                "url": "https://lh3.googleusercontent.com/yhCV7ZeW9YjyfRD0cCyvH7HjIzjKpSw0uA238qNblAEFCy3yH6Yu5LRllNFpgcowX0EYmo6CLSJcKM7Tym57pFTvOHXqJNXclGOctmHr=s0"
            },
            "headerImage": {
                "guid": "03e0bed7-56ce-48f4-828a-6a3c96f578f1",
                "offsetPercentageX": 0,
                "offsetPercentageY": 0,
                "width": 1920,
                "height": 460,
                "url": "https://lh3.googleusercontent.com/jgyuwtu1qo3qBom55xCjaAqIXOxFKNIkBwdQkup_zxKNUMcOtiCQAfqHHx9hc66butOT4JyqAOoCZs5Fm2pbHLJROGdY0k8hNfY7JdH5qA=s0"
            },
            "productionPlaces": [
                
            ]
        },
        {
            "links": {
                "self": "http://www.rijksmuseum.nl/api/en/collection/SK-A-2382",
                "web": "http://www.rijksmuseum.nl/en/collection/SK-A-2382"
            },
            "id": "en-SK-A-2382",
            "objectNumber": "SK-A-2382",
            "title": "Children of the Sea",
            "hasImage": true,
            "principalOrFirstMaker": "Jozef Israëls",
            "longTitle": "Children of the Sea, Jozef Israëls, 1872",
            "showImage": true,
            "permitDownload": true,
            "webImage": {
                "guid": "eb216c2a-7871-4cf3-949b-56df25d3db82",
                "offsetPercentageX": 0,
                "offsetPercentageY": 0,
                "width": 2903,
                "height": 1483,
                "url": "https://lh3.googleusercontent.com/BMvxPb9RF9F-qz68PAIIrROTp7G352oNEzZWmmT-H1YXSgf2Id33oQBssFYnPL52KwiyFgYY1pSInpEVrhrx1OViFQ=s0"
            },
            "headerImage": {
                "guid": "ac7d52c2-facc-49b2-b55f-9deea1b2e3a8",
                "offsetPercentageX": 0,
                "offsetPercentageY": 0,
                "width": 1920,
                "height": 460,
                "url": "https://lh3.googleusercontent.com/UFZJ1iyf6N7eVckH5XEbXtowoHqnBp5c4uGPRQ4BxBTCzqTILHCJ0N70hRDrM2QogBIldQ_MQBqaLRFSyXI-k3udNZuY=s0"
            },
            "productionPlaces": [
                
            ]
        },
        {
            "links": {
                "self": "http://www.rijksmuseum.nl/api/en/collection/SK-A-1405",
                "web": "http://www.rijksmuseum.nl/en/collection/SK-A-1405"
            },
            "id": "en-SK-A-1405",
            "objectNumber": "SK-A-1405",
            "title": "Portrait of Jacob Cornelisz van Oostsanen (c. 1472/77-1528/33)",
            "hasImage": true,
            "principalOrFirstMaker": "Jacob Cornelisz van Oostsanen",
            "longTitle": "Portrait of Jacob Cornelisz van Oostsanen (c. 1472/77-1528/33), Jacob Cornelisz van Oostsanen (workshop of), c. 1533",
            "showImage": true,
            "permitDownload": true,
            "webImage": {
                "guid": "407fe89e-5255-417f-8888-0993bbf255ef",
                "offsetPercentageX": 0,
                "offsetPercentageY": 0,
                "width": 2097,
                "height": 2700,
                "url": "https://lh3.googleusercontent.com/wsOiP3dkzCLPxvJrI22iBU6o0pTx924PhmColiZIS0U-9gxyuAEe0R_zXqBomPXyP5aQerx3BKhyiKxVMf1Z0Y8NjsU=s0"
            },
            "headerImage": {
                "guid": "58e6fb51-e257-4ad2-a911-f1a7cdea0569",
                "offsetPercentageX": 0,
                "offsetPercentageY": 0,
                "width": 1920,
                "height": 460,
                "url": "https://lh3.googleusercontent.com/8eYbcx_7ZUd7gd7YvddcMlDGe8xBvIZ1s7YZpFSLcL6EBzL3IGJAVWC2zTIa-SzYJrPSoQvF_8oR4Ole0I2W-wGstA=s0"
            },
            "productionPlaces": [
                "Amsterdam"
            ]
        },
        {
            "links": {
                "self": "http://www.rijksmuseum.nl/api/en/collection/SK-A-4118",
                "web": "http://www.rijksmuseum.nl/en/collection/SK-A-4118"
            },
            "id": "en-SK-A-4118",
            "objectNumber": "SK-A-4118",
            "title": "River Landscape with Riders",
            "hasImage": true,
            "principalOrFirstMaker": "Aelbert Cuyp",
            "longTitle": "River Landscape with Riders, Aelbert Cuyp, c. 1653 - 1657",
            "showImage": true,
            "permitDownload": true,
            "webImage": {
                "guid": "f490d22f-7110-435f-bce1-fc257b677814",
                "offsetPercentageX": 0,
                "offsetPercentageY": 0,
                "width": 2500,
                "height": 1402,
                "url": "https://lh3.googleusercontent.com/X7_CHCjksOZYu4gIGa45Edj1tMymdiz2o3pbL6HqqVEszWvPzrM6iIwHzaWNqgsWLcm7VmHCQyuQowWSSImQYLF8qW48zmZ-rx309F3c=s0"
            },
            "headerImage": {
                "guid": "2b1afde2-9dca-4a9d-9281-aa4995b46242",
                "offsetPercentageX": 0,
                "offsetPercentageY": 0,
                "width": 1920,
                "height": 460,
                "url": "https://lh3.googleusercontent.com/IRH2DiN80m7H3nVSscKjwKU7rKUxlYfcFU0so0rGMfs4NW8S-LRNQ8mirzqG8_omm_AFrO8HgJukXcWxbY5bDuxP1IV0b1SCxgx0B_UkGQ=s0"
            },
            "productionPlaces": [
                
            ]
        },
        {
            "links": {
                "self": "http://www.rijksmuseum.nl/api/en/collection/SK-A-128",
                "web": "http://www.rijksmuseum.nl/en/collection/SK-A-128"
            },
            "id": "en-SK-A-128",
            "objectNumber": "SK-A-128",
            "title": "The Massacre of the Innocents",
            "hasImage": true,
            "principalOrFirstMaker": "Cornelis Cornelisz. van Haarlem",
            "longTitle": "The Massacre of the Innocents, Cornelis Cornelisz. van Haarlem, 1590",
            "showImage": true,
            "permitDownload": true,
            "webImage": {
                "guid": "bac842ff-a272-4fb2-8e1e-171e260b8785",
                "offsetPercentageX": 0,
                "offsetPercentageY": 0,
                "width": 2940,
                "height": 1998,
                "url": "https://lh5.ggpht.com/JH0svNh0Pkov_W97MDHw8v2-qKS8AdixVJ-CiPL_xBECNdEyTBkicMvZBsqgW6GQ0TB9moKnfGUYacWQS32rqeoEjA4=s0"
            },
            "headerImage": {
                "guid": "20e8decb-f374-4dd6-ad72-a2cd7cba7e87",
                "offsetPercentageX": 0,
                "offsetPercentageY": 0,
                "width": 1920,
                "height": 460,
                "url": "https://lh4.ggpht.com/Lo6NMdc692stDUugE-WamD4COtfL8D4AeTITvL0FpDX-CVk5q18bOOforfzHlwoWTgsauOC8xC82GCuElqmEW-sZ0DY=s0"
            },
            "productionPlaces": [
                
            ]
        },
        {
            "links": {
                "self": "http://www.rijksmuseum.nl/api/en/collection/SK-C-149",
                "web": "http://www.rijksmuseum.nl/en/collection/SK-C-149"
            },
            "id": "en-SK-C-149",
            "objectNumber": "SK-C-149",
            "title": "A Mother Delousing her Child’s Hair, Known as ‘A Mother’s Duty’",
            "hasImage": true,
            "principalOrFirstMaker": "Pieter de Hooch",
            "longTitle": "A Mother Delousing her Child’s Hair, Known as ‘A Mother’s Duty’, Pieter de Hooch, c. 1660 - c. 1661",
            "showImage": true,
            "permitDownload": true,
            "webImage": {
                "guid": "ef64f571-6fdc-4751-a8ae-ddfcee6f8ae0",
                "offsetPercentageX": 0,
                "offsetPercentageY": 0,
                "width": 6901,
                "height": 6028,
                "url": "https://lh3.googleusercontent.com/6Vm9nYrTeeYe5wl7lOafEHUnbzNF8KJw3ZbV_cNBr_wQTyHyp1DJxEWEEK3OSuji9XGYx04r15HTVPu850WeFcOd0ZVv=s0"
            },
            "headerImage": {
                "guid": "acdf9034-2cca-4589-9258-2cc306de634c",
                "offsetPercentageX": 0,
                "offsetPercentageY": 0,
                "width": 1920,
                "height": 460,
                "url": "https://lh3.googleusercontent.com/8nf3-bOz1F1aQb6zIaA1EkBNE7bntS-NzDKefrYDx0BiV05XXjhwqfHXxZhKfbDmEPfRQ1_5e242wwHsX-sjv9ec9xnF=s0"
            },
            "productionPlaces": [
                
            ]
        },
        {
            "links": {
                "self": "http://www.rijksmuseum.nl/api/en/collection/SK-A-175",
                "web": "http://www.rijksmuseum.nl/en/collection/SK-A-175"
            },
            "id": "en-SK-A-175",
            "objectNumber": "SK-A-175",
            "title": "A Pelican and other Birds near a Pool, Known as ‘The Floating Feather’",
            "hasImage": true,
            "principalOrFirstMaker": "Melchior d'Hondecoeter",
            "longTitle": "A Pelican and other Birds near a Pool, Known as ‘The Floating Feather’, Melchior d'Hondecoeter, c. 1680",
            "showImage": true,
            "permitDownload": true,
            "webImage": {
                "guid": "6753e473-6fea-4c5c-8014-454ba4c393ec",
                "offsetPercentageX": 0,
                "offsetPercentageY": 0,
                "width": 2388,
                "height": 2640,
                "url": "https://lh3.googleusercontent.com/3UIOtn2DLhEC4W92V0_pIdChloiYyzpXvehK0BYaM3NHJR5zWhcA7uXlcNX_mCAt9xBh3gaHo3pDuriYzYm3uEDbeUEr=s0"
            },
            "headerImage": {
                "guid": "c3a7ea42-4186-45d4-bdab-4a0b4315a91a",
                "offsetPercentageX": 0,
                "offsetPercentageY": 0,
                "width": 1920,
                "height": 460,
                "url": "https://lh3.googleusercontent.com/eCpzK6ikH0uo2ntqgYX0cg49M9lInJk8I3jrWt8xJszJoDfrqz5L4N3xRaWPA4X6CHn6G8xfGc1seAK-16I8oKdRTa58=s0"
            },
            "productionPlaces": [
                
            ]
        },
        {
            "links": {
                "self": "http://www.rijksmuseum.nl/api/en/collection/SK-A-4821",
                "web": "http://www.rijksmuseum.nl/en/collection/SK-A-4821"
            },
            "id": "en-SK-A-4821",
            "objectNumber": "SK-A-4821",
            "title": "Still Life with Cheese",
            "hasImage": true,
            "principalOrFirstMaker": "Floris Claesz van Dijck",
            "longTitle": "Still Life with Cheese, Floris Claesz van Dijck, c. 1615",
            "showImage": true,
            "permitDownload": true,
            "webImage": {
                "guid": "8b800a76-4ea3-46cb-bcaa-a3ed2635e966",
                "offsetPercentageX": 0,
                "offsetPercentageY": 0,
                "width": 2500,
                "height": 1846,
                "url": "https://lh3.googleusercontent.com/O6IfrxhVOGXdcw9-nOkenQqx3svNJtgJFjF_tON1HG_ASu1Uy6IAwOzH7MIOJ3jVBnAZhqyTlw0N1CIILKjtuv0aLLGwvZH3XbSD9pk4=s0"
            },
            "headerImage": {
                "guid": "64e00997-cab1-403f-82f2-6f2e517b192c",
                "offsetPercentageX": 0,
                "offsetPercentageY": 0,
                "width": 1920,
                "height": 460,
                "url": "https://lh3.googleusercontent.com/8nCa20h43IRM0CFH1l9-VOo3SsYlLoEXO-TjDNfFZrCL27Q1NqVggZVucCcgRorinrFw2QUkRAYQ0Dz2pAmsjQkCCZ4LVh6TdRJAOpyEhg=s0"
            },
            "productionPlaces": [
                
            ]
        },
        {
            "links": {
                "self": "http://www.rijksmuseum.nl/api/en/collection/SK-A-133",
                "web": "http://www.rijksmuseum.nl/en/collection/SK-A-133"
            },
            "id": "en-SK-A-133",
            "objectNumber": "SK-A-133",
            "title": "Portrait of a Couple, Probably Isaac Abrahamsz Massa and Beatrix van der Laen",
            "hasImage": true,
            "principalOrFirstMaker": "Frans Hals",
            "longTitle": "Portrait of a Couple, Probably Isaac Abrahamsz Massa and Beatrix van der Laen, Frans Hals, c. 1622",
            "showImage": true,
            "permitDownload": true,
            "webImage": {
                "guid": "0cb887d3-ad53-4681-b370-e379903d91b6",
                "offsetPercentageX": 0,
                "offsetPercentageY": 0,
                "width": 2988,
                "height": 2531,
                "url": "https://lh3.googleusercontent.com/yfH3HoYjUOOXNic6f9V3KSgtFGQYxU3lyqsi08F7P8GVHW12saX8oW_sApbSTgTBv-ctXUqCLM82FgHzUamP9Z-ozhCJZKZkb2U3F13z=s0"
            },
            "headerImage": {
                "guid": "546e2f70-3752-4f8c-be38-927c773df119",
                "offsetPercentageX": 0,
                "offsetPercentageY": 0,
                "width": 1920,
                "height": 460,
                "url": "https://lh3.googleusercontent.com/K2ND5lyUXGm1d7c9_NYBRK6-G4geOZics81RoRldLqiZZUFD7kRvQoOGbDgCGLikPyUcEhDUvQ9FOj0hkwoczwGeroWLUlGwAvuaD4eq=s0"
            },
            "productionPlaces": [
                
            ]
        },
        {
            "links": {
                "self": "http://www.rijksmuseum.nl/api/en/collection/SK-A-3262",
                "web": "http://www.rijksmuseum.nl/en/collection/SK-A-3262"
            },
            "id": "en-SK-A-3262",
            "objectNumber": "SK-A-3262",
            "title": "Self-portrait",
            "hasImage": true,
            "principalOrFirstMaker": "Vincent van Gogh",
            "longTitle": "Self-portrait, Vincent van Gogh, 1887",
            "showImage": true,
            "permitDownload": true,
            "webImage": {
                "guid": "b9d83b68-40b3-42cf-8d5e-959201ddf4bf",
                "offsetPercentageX": 0,
                "offsetPercentageY": 0,
                "width": 2034,
                "height": 2562,
                "url": "https://lh3.googleusercontent.com/Ckjq-HkB2XhEsbuMsei0MR5fLTODfkcXY8qQTG-XLHVxE0jLO9DnSYaVE8n1kCrcm9AMKzoWB2w03LrY0v7eoj5hYw=s0"
            },
            "headerImage": {
                "guid": "87fe6026-45a1-41d2-a126-9e330eda65a9",
                "offsetPercentageX": 0,
                "offsetPercentageY": 0,
                "width": 1920,
                "height": 460,
                "url": "https://lh3.googleusercontent.com/R_c2Y-3aFaNIts1RjQbymqwVLGBpibpSg5kq4YqWVtIP6wEG3YYMQX-5kgTfj2ccooBGQz3HQH-xMH_3srmpFiRqbw=s0"
            },
            "productionPlaces": [
                
            ]
        },
        {
            "links": {
                "self": "http://www.rijksmuseum.nl/api/en/collection/SK-A-3148",
                "web": "http://www.rijksmuseum.nl/en/collection/SK-A-3148"
            },
            "id": "en-SK-A-3148",
            "objectNumber": "SK-A-3148",
            "title": "Portrait of William I, Prince of Orange",
            "hasImage": true,
            "principalOrFirstMaker": "Adriaen Thomasz. Key",
            "longTitle": "Portrait of William I, Prince of Orange, Adriaen Thomasz. Key, c. 1579",
            "showImage": true,
            "permitDownload": true,
            "webImage": {
                "guid": "b7a50951-55b0-4d31-94d7-df21fc41940b",
                "offsetPercentageX": 0,
                "offsetPercentageY": 0,
                "width": 1812,
                "height": 2500,
                "url": "https://lh3.googleusercontent.com/_BGOU2j67VwLEzkwwGvykBeqM-AgXmGcnQ1KOHVE_VcWJ8g6MqPXXTJ-P-is99ojsMggoe5tQnwsMrYdg7Y0ae6YNLU=s0"
            },
            "headerImage": {
                "guid": "f820dbdc-0a72-4e4b-8ec6-b9d515a4902d",
                "offsetPercentageX": 0,
                "offsetPercentageY": 0,
                "width": 1812,
                "height": 435,
                "url": "https://lh3.googleusercontent.com/76GOj1BwTODm6ucuTUPwQv7X-Xk8N_jYjwPPnae_u-zrhwr98yja4Z1UiXQ2-euB2KUOVdpYIvia0jNNmICD-RVQQjM=s0"
            },
            "productionPlaces": [
                
            ]
        },
        {
            "links": {
                "self": "http://www.rijksmuseum.nl/api/en/collection/SK-A-3059",
                "web": "http://www.rijksmuseum.nl/en/collection/SK-A-3059"
            },
            "id": "en-SK-A-3059",
            "objectNumber": "SK-A-3059",
            "title": "The Sick Child",
            "hasImage": true,
            "principalOrFirstMaker": "Gabriël Metsu",
            "longTitle": "The Sick Child, Gabriël Metsu, c. 1664 - c. 1666",
            "showImage": true,
            "permitDownload": true,
            "webImage": {
                "guid": "2dd9705f-bdf0-4304-a8f7-02589edf81d6",
                "offsetPercentageX": 0,
                "offsetPercentageY": 0,
                "width": 2145,
                "height": 2636,
                "url": "https://lh3.googleusercontent.com/SCp0xV3Rwxh3ipnuSnbEQR_uGrHlsvHXlLD-5kVSjAE7WPWiribDB77_LcJETu4EydCC_jMuhsgjz4maHzY_t-xeiw=s0"
            },
            "headerImage": {
                "guid": "fca95581-cccc-4adf-9104-ad16f2908329",
                "offsetPercentageX": 0,
                "offsetPercentageY": 0,
                "width": 1920,
                "height": 460,
                "url": "https://lh3.googleusercontent.com/DPf2gg2g_QYo5j3G2fAXzCC_li5wvQ50VPlciWc6-9VbVmYiQdLL1klUg98u0Pnxbpc3eQIbR1L7t5Dw7bLY7nKtRNQ=s0"
            },
            "productionPlaces": [
                
            ]
        },
        {
            "links": {
                "self": "http://www.rijksmuseum.nl/api/en/collection/SK-A-3948",
                "web": "http://www.rijksmuseum.nl/en/collection/SK-A-3948"
            },
            "id": "en-SK-A-3948",
            "objectNumber": "SK-A-3948",
            "title": "Portrait of a Member of the Van der Mersch Family",
            "hasImage": true,
            "principalOrFirstMaker": "Cornelis Troost",
            "longTitle": "Portrait of a Member of the Van der Mersch Family, Cornelis Troost, 1736",
            "showImage": true,
            "permitDownload": true,
            "webImage": {
                "guid": "c2ac9347-7d7a-4148-ac21-152e6b29d0f5",
                "offsetPercentageX": 0,
                "offsetPercentageY": 0,
                "width": 2022,
                "height": 2556,
                "url": "https://lh5.ggpht.com/5cC5A43gL66dAluLm3_Mp0NiZ7v6BZxwnD--37cz3fvjV087nF1NvkOjnlWs5KqnvgVtd1pcR-JcqkTCk8YKhWr_W3j8=s0"
            },
            "headerImage": {
                "guid": "03fe8b83-69a2-42b0-911e-13dd6cee8757",
                "offsetPercentageX": 0,
                "offsetPercentageY": 0,
                "width": 1920,
                "height": 460,
                "url": "https://lh5.ggpht.com/9WNL5KBUf9yw9ASqNMgnMW4olwz_FLkcsPnCncQ0DFBFlbYsWthyKg8jSgFG2Oh7peyHz08kiBsdyhNO7HVixIihXw=s0"
            },
            "productionPlaces": [
                "Northern Netherlands"
            ]
        },
        {
            "links": {
                "self": "http://www.rijksmuseum.nl/api/en/collection/BK-AM-33-C",
                "web": "http://www.rijksmuseum.nl/en/collection/BK-AM-33-C"
            },
            "id": "en-BK-AM-33-C",
            "objectNumber": "BK-AM-33-C",
            "title": "Ten weepers from the tomb of Isabella of Bourbon",
            "hasImage": true,
            "principalOrFirstMaker": "Borman workshop, Renier van Thienen (I)",
            "longTitle": "Ten weepers from the tomb of Isabella of Bourbon, Borman workshop (attributed to), Renier van Thienen (I) (attributed to), c. 1475 - c. 1476",
            "showImage": true,
            "permitDownload": true,
            "webImage": {
                "guid": "b0e1c132-8ba4-4796-a12a-e351adb594d1",
                "offsetPercentageX": 0,
                "offsetPercentageY": 0,
                "width": 1656,
                "height": 2500,
                "url": "https://lh5.ggpht.com/EHhJDrv4IB_89m9w9VlcYRYHYOuvU72iwD11oZ1HL3J5QcCMfmAD48CVxAtUwts9RT55W4lWSPI19wb1lSRZ9zecKMA=s0"
            },
            "headerImage": {
                "guid": "0fc28843-cc86-4fb0-8b52-16c5f68b3c6f",
                "offsetPercentageX": 0,
                "offsetPercentageY": 0,
                "width": 1920,
                "height": 460,
                "url": "https://lh5.ggpht.com/vMN8tGK7lHeI1Oe6_p2hFWStHqR0iUR1GdqsInkZoRdCwsYlKdqrb_2-zVX_4SxfY7p7T-HmDH-pj4fq06QCc_Xtr016=s0"
            },
            "productionPlaces": [
                "Brussels"
            ]
        },
        {
            "links": {
                "self": "http://www.rijksmuseum.nl/api/en/collection/BK-AM-33-F",
                "web": "http://www.rijksmuseum.nl/en/collection/BK-AM-33-F"
            },
            "id": "en-BK-AM-33-F",
            "objectNumber": "BK-AM-33-F",
            "title": "Ten weepers from the tomb of Isabella of Bourbon",
            "hasImage": true,
            "principalOrFirstMaker": "Borman workshop, Renier van Thienen (I)",
            "longTitle": "Ten weepers from the tomb of Isabella of Bourbon, Borman workshop (attributed to), Renier van Thienen (I) (attributed to), c. 1475 - c. 1476",
            "showImage": true,
            "permitDownload": true,
            "webImage": {
                "guid": "45d2e840-9048-45b0-b729-f6c70b7beaca",
                "offsetPercentageX": 0,
                "offsetPercentageY": 0,
                "width": 1656,
                "height": 2500,
                "url": "https://lh3.ggpht.com/3bzg_jUPUnsPxCugY78L5mF-nOg9_l_7rMGkHVfTK0wUFU0J2kfZ_vMLT65F6nRDm5Ck7hy9iQoYCiWC2V1Becaj15E=s0"
            },
            "headerImage": {
                "guid": "09b9e4b5-c4b0-47d1-b542-bf91fc0d297b",
                "offsetPercentageX": 0,
                "offsetPercentageY": 0,
                "width": 1920,
                "height": 460,
                "url": "https://lh4.ggpht.com/ez_Q7kfZ-_cQXI9UV8lCTGAEkmcHzfJZQFguJEEw8JGNFVzR2SdOqXcZ4EV5YMC-VfXgeUSv_Yjc7hPLkJ6vjkZUIg=s0"
            },
            "productionPlaces": [
                "Brussels"
            ]
        },
        {
            "links": {
                "self": "http://www.rijksmuseum.nl/api/en/collection/BK-NM-3888",
                "web": "http://www.rijksmuseum.nl/en/collection/BK-NM-3888"
            },
            "id": "en-BK-NM-3888",
            "objectNumber": "BK-NM-3888",
            "title": "Virgin and Child",
            "hasImage": true,
            "principalOrFirstMaker": "Adriaen van Wesel",
            "longTitle": "Virgin and Child, Adriaen van Wesel, c. 1470 - c. 1480",
            "showImage": true,
            "permitDownload": true,
            "webImage": {
                "guid": "489a26be-8691-42a2-9102-3cb1954846ce",
                "offsetPercentageX": 0,
                "offsetPercentageY": 0,
                "width": 1297,
                "height": 2500,
                "url": "https://lh6.ggpht.com/w51qt-qW6i-7WJL4SJzFLw1JQAa0lx0Kem6vI0TgQv9fFVDzLaq70UV3SmAQfdN4AhcnnspmU7eG1zaQxOu_z2z5caY=s0"
            },
            "headerImage": {
                "guid": "62456a1e-566c-4ad9-b8fb-310b470def6d",
                "offsetPercentageX": 0,
                "offsetPercentageY": 0,
                "width": 1297,
                "height": 311,
                "url": "https://lh4.ggpht.com/ZIgmR-zGjDdnoVaw8OgEA0mGIdwTH41FvcpD4QXWisYjD9C18FCsO5JCFWYtvcbziYlJT-CYNUp0NqBx68VTT_cgLcM=s0"
            },
            "productionPlaces": [
                "Utrecht"
            ]
        },
        {
            "links": {
                "self": "http://www.rijksmuseum.nl/api/en/collection/BK-AM-33-I",
                "web": "http://www.rijksmuseum.nl/en/collection/BK-AM-33-I"
            },
            "id": "en-BK-AM-33-I",
            "objectNumber": "BK-AM-33-I",
            "title": "Ten weepers from the tomb of Isabella of Bourbon",
            "hasImage": true,
            "principalOrFirstMaker": "Borman workshop, Renier van Thienen (I)",
            "longTitle": "Ten weepers from the tomb of Isabella of Bourbon, Borman workshop (attributed to), Renier van Thienen (I) (attributed to), c. 1475 - c. 1476",
            "showImage": true,
            "permitDownload": true,
            "webImage": {
                "guid": "9f99bd1b-a2cc-4501-96ab-4be00fdee87c",
                "offsetPercentageX": 0,
                "offsetPercentageY": 0,
                "width": 1656,
                "height": 2500,
                "url": "https://lh5.ggpht.com/XfGMlfAXKb8qHOLKbcluQCUHbW24UxS5vhE6-pY77EMN0MDLgW3bCODlF1QpChtqzXW0DGI3za1WdVwE38QuIrg-CYi0=s0"
            },
            "headerImage": {
                "guid": "f332a9c8-eeef-4117-9d8c-8865fe771874",
                "offsetPercentageX": 0,
                "offsetPercentageY": 0,
                "width": 1920,
                "height": 460,
                "url": "https://lh6.ggpht.com/x1Ewi3EOvGk0SiqPbvTJVPA5qhQnEchBW-pVta29-nd8QSJV1A9seZIaynmIHXA5_zLA2EBrs3sYptY6dYWvWKgX0T87=s0"
            },
            "productionPlaces": [
                "Brussels"
            ]
        },
        {
            "links": {
                "self": "http://www.rijksmuseum.nl/api/en/collection/BK-AM-33-A",
                "web": "http://www.rijksmuseum.nl/en/collection/BK-AM-33-A"
            },
            "id": "en-BK-AM-33-A",
            "objectNumber": "BK-AM-33-A",
            "title": "Ten weepers from the tomb of Isabella of Bourbon",
            "hasImage": true,
            "principalOrFirstMaker": "Borman workshop, Renier van Thienen (I)",
            "longTitle": "Ten weepers from the tomb of Isabella of Bourbon, Borman workshop (attributed to), Renier van Thienen (I) (attributed to), c. 1475 - c. 1476",
            "showImage": true,
            "permitDownload": true,
            "webImage": {
                "guid": "a394201d-1a24-4903-8215-f01631fc6162",
                "offsetPercentageX": 0,
                "offsetPercentageY": 0,
                "width": 1656,
                "height": 2500,
                "url": "https://lh6.ggpht.com/ln-rOgO6J4V-YTJ1kJBkW7mA3qE28NJYQWEW-mG4xcpsLbDneSyK6y4W0626JMxqKUOfRcfbEHcUnxPl6DIbctXs0V-R=s0"
            },
            "headerImage": {
                "guid": "6859c134-9647-4beb-b7a4-75222063768e",
                "offsetPercentageX": 0,
                "offsetPercentageY": 0,
                "width": 1920,
                "height": 460,
                "url": "https://lh6.ggpht.com/_Tu9d0pv1VzdLiSf-iR_DWOJhicysh61b4GAuL7Z1o_hINkW8rNruH9rPsZzm7ixChTgIP93LoKT9RzQ_JLJ0hggjQ=s0"
            },
            "productionPlaces": [
                "Brussels"
            ]
        },
        {
            "links": {
                "self": "http://www.rijksmuseum.nl/api/en/collection/BK-AM-33-G",
                "web": "http://www.rijksmuseum.nl/en/collection/BK-AM-33-G"
            },
            "id": "en-BK-AM-33-G",
            "objectNumber": "BK-AM-33-G",
            "title": "Ten weepers from the tomb of Isabella of Bourbon",
            "hasImage": true,
            "principalOrFirstMaker": "Borman workshop, Renier van Thienen (I)",
            "longTitle": "Ten weepers from the tomb of Isabella of Bourbon, Borman workshop (attributed to), Renier van Thienen (I) (attributed to), c. 1475 - c. 1476",
            "showImage": true,
            "permitDownload": true,
            "webImage": {
                "guid": "403eee98-65fa-4532-99a1-714b022aaa82",
                "offsetPercentageX": 0,
                "offsetPercentageY": 0,
                "width": 1656,
                "height": 2500,
                "url": "https://lh3.ggpht.com/BaIwY8pOBetOdRlZSJRPE1M2Z4KxkU9aOoKphqig0aMK9KhnlvN03AFYBaQxXV5ejHNNcaaSwQMmzeprmZhpFUy7pg=s0"
            },
            "headerImage": {
                "guid": "85a7b8a2-5418-4eaa-8eec-f5186554d89f",
                "offsetPercentageX": 0,
                "offsetPercentageY": 0,
                "width": 1920,
                "height": 460,
                "url": "https://lh5.ggpht.com/yW_KqRG6QRPHw3uGr341o6UL0tIJdafJecy79SmO4bGraMZKTwpG2fwW7jMQflTwg_qEKjMdb808XEFyKVfI8PmDmyk=s0"
            },
            "productionPlaces": [
                "Brussels"
            ]
        },
        {
            "links": {
                "self": "http://www.rijksmuseum.nl/api/en/collection/BK-AM-33-D",
                "web": "http://www.rijksmuseum.nl/en/collection/BK-AM-33-D"
            },
            "id": "en-BK-AM-33-D",
            "objectNumber": "BK-AM-33-D",
            "title": "Ten weepers from the tomb of Isabella of Bourbon",
            "hasImage": true,
            "principalOrFirstMaker": "Borman workshop, Renier van Thienen (I)",
            "longTitle": "Ten weepers from the tomb of Isabella of Bourbon, Borman workshop (attributed to), Renier van Thienen (I) (attributed to), c. 1475 - c. 1476",
            "showImage": true,
            "permitDownload": true,
            "webImage": {
                "guid": "cc0d028f-2bc5-4770-b378-1afa99e1bf77",
                "offsetPercentageX": 0,
                "offsetPercentageY": 0,
                "width": 1655,
                "height": 2500,
                "url": "https://lh6.ggpht.com/zEY5JwpbGa7M7ueF5Nyqx3N0xeCXrQ_Ck83xIws2OxWScEOdOfxv-jZwRqSoxfz4Kqq4o96XKkIggCx3_JUjpYolsw=s0"
            },
            "headerImage": {
                "guid": "6311e38e-9b26-49ac-b9b9-c091b0de510a",
                "offsetPercentageX": 0,
                "offsetPercentageY": 0,
                "width": 1920,
                "height": 460,
                "url": "https://lh4.ggpht.com/DDe9S-BYnr8N63J-X3alws5KziMq_QAeLPgTBzH2XDXTjlzQQAzHCV7FeaQi1_yaGd4j_MP8ef2y4whbUNZsY7nzihj-=s0"
            },
            "productionPlaces": [
                "Brussels"
            ]
        },
        {
            "links": {
                "self": "http://www.rijksmuseum.nl/api/en/collection/BK-AM-33-E",
                "web": "http://www.rijksmuseum.nl/en/collection/BK-AM-33-E"
            },
            "id": "en-BK-AM-33-E",
            "objectNumber": "BK-AM-33-E",
            "title": "Ten weepers from the tomb of Isabella of Bourbon",
            "hasImage": true,
            "principalOrFirstMaker": "Borman workshop, Renier van Thienen (I)",
            "longTitle": "Ten weepers from the tomb of Isabella of Bourbon, Borman workshop (attributed to), Renier van Thienen (I) (attributed to), c. 1475 - c. 1476",
            "showImage": true,
            "permitDownload": true,
            "webImage": {
                "guid": "1a3bc6ce-d516-450b-836c-f4da1eaddefa",
                "offsetPercentageX": 0,
                "offsetPercentageY": 0,
                "width": 1655,
                "height": 2500,
                "url": "https://lh6.ggpht.com/z37VVIUgOOW4cumA4FvSwyvuMWdk6rjD7CBu1aAL5OGz_-RRuuQ2Xq4jEuHWn7plIwhD4bT2Qp8pnGRqbWPiNPpM0gwE=s0"
            },
            "headerImage": {
                "guid": "6e9c3453-3bbe-4e94-af7f-280c19931bfe",
                "offsetPercentageX": 0,
                "offsetPercentageY": 0,
                "width": 1920,
                "height": 460,
                "url": "https://lh3.ggpht.com/4ZApeLgijY_XxMxscXzTcMOnK_51Wl9YT2hswXucp_ESzZFykhHmM02xLoL9s6765IhaLueP2a4V7U-X-iBT7BWzlTth=s0"
            },
            "productionPlaces": [
                "Brussels"
            ]
        },
        {
            "links": {
                "self": "http://www.rijksmuseum.nl/api/en/collection/BK-1963-101",
                "web": "http://www.rijksmuseum.nl/en/collection/BK-1963-101"
            },
            "id": "en-BK-1963-101",
            "objectNumber": "BK-1963-101",
            "title": "Seated Cupid",
            "hasImage": true,
            "principalOrFirstMaker": "Étienne-Maurice Falconet",
            "longTitle": "Seated Cupid, Étienne-Maurice Falconet, 1757",
            "showImage": true,
            "permitDownload": true,
            "webImage": {
                "guid": "f3578a1c-8560-40cc-b00e-4846d9d14a8c",
                "offsetPercentageX": 0,
                "offsetPercentageY": 0,
                "width": 1869,
                "height": 2500,
                "url": "https://lh3.googleusercontent.com/i8S7we9zDW-AqUbZvE91O4bqsgVI_MamJhChLz6lE55MIn_kAjrYNoudrM-YEKjZTLUPyXVBgi__m6n1MMWmcbsHMy8=s0"
            },
            "headerImage": {
                "guid": "fa6749fb-cc71-41ca-8537-7b585bbe8365",
                "offsetPercentageX": 0,
                "offsetPercentageY": 0,
                "width": 1869,
                "height": 448,
                "url": "https://lh3.googleusercontent.com/vIYU9uO2qTjc_IfRZLFBlvyQ5Vnou12aX44h8FzHgtzeWZTcRnzAE63bBQ1SCmEvTthf2d2XFzOTTRhhbQHmS9gL8WI=s0"
            },
            "productionPlaces": [
                
            ]
        },
        {
            "links": {
                "self": "http://www.rijksmuseum.nl/api/en/collection/BK-AM-33",
                "web": "http://www.rijksmuseum.nl/en/collection/BK-AM-33"
            },
            "id": "en-BK-AM-33",
            "objectNumber": "BK-AM-33",
            "title": "Weepers from the tomb of Isabella of Bourbon",
            "hasImage": true,
            "principalOrFirstMaker": "Borman workshop, Renier van Thienen (I)",
            "longTitle": "Weepers from the tomb of Isabella of Bourbon, Borman workshop (attributed to), Renier van Thienen (I) (attributed to), c. 1475 - c. 1476",
            "showImage": true,
            "permitDownload": true,
            "webImage": {
                "guid": "5b29ba1c-4c23-49c6-8bb6-2253ddbb560b",
                "offsetPercentageX": 0,
                "offsetPercentageY": 0,
                "width": 2500,
                "height": 1328,
                "url": "https://lh5.ggpht.com/LE3ggDaLAIwTIOknJm06U2Y_qNffQ0133bWQxnWfDtzi12uWE85MYWtYwvo8eQZx1tc-U-vH_-2ZIoDGYUUrs8YklQ=s0"
            },
            "headerImage": {
                "guid": "16a2d053-448a-435a-8148-a1e758438d5b",
                "offsetPercentageX": 0,
                "offsetPercentageY": 0,
                "width": 2447,
                "height": 586,
                "url": "https://lh5.ggpht.com/VI07cMuwb81W4q4UkIMaQaPoV9vJnZDR105Ib4lbchJsKHon4pgdRZMqHuqY4k4Q2NyhnYyIQxZQrPab-VY7JbrgmqaF=s0"
            },
            "productionPlaces": [
                "Brussels"
            ]
        },
        {
            "links": {
                "self": "http://www.rijksmuseum.nl/api/en/collection/SK-C-1768",
                "web": "http://www.rijksmuseum.nl/en/collection/SK-C-1768"
            },
            "id": "en-SK-C-1768",
            "objectNumber": "SK-C-1768",
            "title": "Oopjen Coppit",
            "hasImage": true,
            "principalOrFirstMaker": "Rembrandt van Rijn",
            "longTitle": "Oopjen Coppit, Rembrandt van Rijn, 1634",
            "showImage": true,
            "permitDownload": true,
            "webImage": {
                "guid": "6dd85188-6e00-45f5-a749-b0d6f7bf373b",
                "offsetPercentageX": 0,
                "offsetPercentageY": 0,
                "width": 4746,
                "height": 7485,
                "url": "https://lh3.googleusercontent.com/ib8SNTK2Qk-z64UYuu-_mI3FswMpYmmNU871wu5diDEPyjxmYJcNI4qRtqxlvKkVnrXTAxAFkuHX7DAN9ZwPFzS5fGE=s0"
            },
            "headerImage": {
                "guid": "6ac7e269-da2e-4bf3-a870-809db805fe62",
                "offsetPercentageX": 0,
                "offsetPercentageY": 0,
                "width": 4746,
                "height": 1134,
                "url": "https://lh3.googleusercontent.com/ydZiwQgiic6wYdPwjbx5s04tdOHwkOgbA_lvtMrQvjWMqz4rYJRrxCn0s3592MfHWN6K__QlR48S962J8c4mHEzYwwY=s0"
            },
            "productionPlaces": [
                "Amsterdam"
            ]
        },
        {
            "links": {
                "self": "http://www.rijksmuseum.nl/api/en/collection/BK-17040-A-1",
                "web": "http://www.rijksmuseum.nl/en/collection/BK-17040-A-1"
            },
            "id": "en-BK-17040-A-1",
            "objectNumber": "BK-17040-A-1",
            "title": "Plaquette van de Merkelsche Tafelaufsatz",
            "hasImage": true,
            "principalOrFirstMaker": "Wenzel Jamnitzer",
            "longTitle": "Plaquette van de Merkelsche Tafelaufsatz, Wenzel Jamnitzer, 1549",
            "showImage": true,
            "permitDownload": true,
            "webImage": {
                "guid": "2b04c19f-740a-47be-adcf-b4d1cd51f3d1",
                "offsetPercentageX": 0,
                "offsetPercentageY": 0,
                "width": 2500,
                "height": 2632,
                "url": "https://lh3.googleusercontent.com/lCKDG-Dcg0gArAoTXxeQQwDV1TT5HJXQGAjB54b-SKTjPit-T3f4asuu75wWdPT1vUwTcSMcBTn6Cea4HJ81BOZYs_e_EBtBQ1LdTHmV=s0"
            },
            "headerImage": {
                "guid": "2b48210d-090a-42c7-805c-aa8d82406e6c",
                "offsetPercentageX": 0,
                "offsetPercentageY": 0,
                "width": 1920,
                "height": 460,
                "url": "https://lh3.googleusercontent.com/CBwtNJK0VB0JqYzwxBg_vhzi8wmp6o7kDTCTppNk2-nxy62by4BT7XAig9UMXjeEqRa6No7IBxV46xSwGClCkwS4PKJ-wWdtGFyWWluqsw=s0"
            },
            "productionPlaces": [
                
            ]
        },
        {
            "links": {
                "self": "http://www.rijksmuseum.nl/api/en/collection/SK-A-5033",
                "web": "http://www.rijksmuseum.nl/en/collection/SK-A-5033"
            },
            "id": "en-SK-A-5033",
            "objectNumber": "SK-A-5033",
            "title": "Marten Soolmans",
            "hasImage": true,
            "principalOrFirstMaker": "Rembrandt van Rijn",
            "longTitle": "Marten Soolmans, Rembrandt van Rijn, 1634",
            "showImage": true,
            "permitDownload": true,
            "webImage": {
                "guid": "974d1c9c-befa-4e1a-9926-ebd7f89557b5",
                "offsetPercentageX": 0,
                "offsetPercentageY": 0,
                "width": 4757,
                "height": 7485,
                "url": "https://lh3.googleusercontent.com/hDN8_JS4BbbksBXkxIDUldJvooejHBfQjgD3b_Jr73HjVOAs8thpnvCJA3WUtQFxlbjx-QB1-IyqhgEiM4dFLFk1Sg=s0"
            },
            "headerImage": {
                "guid": "e6a28349-49ae-4c69-a971-ad8836936a1d",
                "offsetPercentageX": 0,
                "offsetPercentageY": 0,
                "width": 1920,
                "height": 460,
                "url": "https://lh3.googleusercontent.com/smzena2yZjz8hCuzMNaAYbvFXqqPN-vSvs-ryFKz2KsNAzVdXm4kfLbK9PrpwI2f9eCO44PNIbBYv18HaufxMsHYqg=s0"
            },
            "productionPlaces": [
                "Amsterdam"
            ]
        },
        {
            "links": {
                "self": "http://www.rijksmuseum.nl/api/en/collection/BK-15613",
                "web": "http://www.rijksmuseum.nl/en/collection/BK-15613"
            },
            "id": "en-BK-15613",
            "objectNumber": "BK-15613",
            "title": "Haarlem reception room 1794",
            "hasImage": true,
            "principalOrFirstMaker": "Abraham van der Hart",
            "longTitle": "Haarlem reception room 1794, Abraham van der Hart, c. 1793 - c. 1795",
            "showImage": true,
            "permitDownload": true,
            "webImage": {
                "guid": "65fc2221-c6d7-4863-b7d4-ca39dbcad3e3",
                "offsetPercentageX": 0,
                "offsetPercentageY": 0,
                "width": 2500,
                "height": 1875,
                "url": "https://lh6.ggpht.com/d8aPf4-PukU3BjWLFVXjqFcQHqa1A-gQP4ARaj3NsuH-a2pIQpLqJ-PtwE5s6lkhSkrbYOuwFOf7eFhCtnCT-k3irOuF=s0"
            },
            "headerImage": {
                "guid": "a57ea0b5-1886-4201-9cf7-e5f1e2bd0025",
                "offsetPercentageX": 0,
                "offsetPercentageY": 0,
                "width": 1920,
                "height": 460,
                "url": "https://lh4.ggpht.com/ES06h3U7acUbv54CrcjpMY4xShW_pDCTZ9Ye9fzLiRXJFy0swMWJan-c1_3gEE9ef4oF8wfWICG0WZ6egXPPFxOiaNXd=s0"
            },
            "productionPlaces": [
                "Amsterdam"
            ]
        },
        {
            "links": {
                "self": "http://www.rijksmuseum.nl/api/en/collection/NG-MC-651",
                "web": "http://www.rijksmuseum.nl/en/collection/NG-MC-651"
            },
            "id": "en-NG-MC-651",
            "objectNumber": "NG-MC-651",
            "title": "Model of the William Rex",
            "hasImage": true,
            "principalOrFirstMaker": "Adriaen de Vriend, Adriaen Davidsen, Cornelis Moerman",
            "longTitle": "Model of the William Rex, Adriaen de Vriend, Adriaen Davidsen, Cornelis Moerman, 1698",
            "showImage": true,
            "permitDownload": true,
            "webImage": {
                "guid": "791fd2e6-d053-4f01-93b0-76dbeb47a915",
                "offsetPercentageX": 0,
                "offsetPercentageY": 1,
                "width": 2500,
                "height": 2273,
                "url": "https://lh5.ggpht.com/7Yy7efUK95TFNuvFAckhQYKLJu8sAl5eGb3ZvPCLXRWQRlB6jbVhzrm3VQkcDie_vTvY4iRbqrtd2lbQFXjAXg-oaPTn=s0"
            },
            "headerImage": {
                "guid": "67569e0a-360e-43ed-9ecd-a2faf88bd4f8",
                "offsetPercentageX": 0,
                "offsetPercentageY": 0,
                "width": 1920,
                "height": 460,
                "url": "https://lh3.ggpht.com/YTbaL62695jOuXdzIXgo7IyDhEzB8g5HTvikYlyDETjt0Hrkhd1-bw2SMT7jJ1R3jCkHyGPOEUg-D9eFfnQKaYXcok4=s0"
            },
            "productionPlaces": [
                "Flushing",
                "Flushing",
                "Flushing",
                "Middelburg",
                "Middelburg",
                "Middelburg",
                "Middelburg"
            ]
        },
        {
            "links": {
                "self": "http://www.rijksmuseum.nl/api/en/collection/BK-R-4927",
                "web": "http://www.rijksmuseum.nl/en/collection/BK-R-4927"
            },
            "id": "en-BK-R-4927",
            "objectNumber": "BK-R-4927",
            "title": "Silver cabinet",
            "hasImage": true,
            "principalOrFirstMaker": "Jan Adolf Hillebrand",
            "longTitle": "Silver cabinet, Jan Adolf Hillebrand, 1844",
            "showImage": true,
            "permitDownload": true,
            "webImage": {
                "guid": "6e52d55d-f82b-4de8-8601-52d6ef018e04",
                "offsetPercentageX": 0,
                "offsetPercentageY": 0,
                "width": 1502,
                "height": 2500,
                "url": "https://lh6.ggpht.com/5yS2_qucJxl7pRjHkhUOkX3sjTmQwsY5ZURTqqXnEXg5mSTc7BZEuB7mxc5OFTaQN6uHs-b5wAB6iXWmfMT2uSukaynj=s0"
            },
            "headerImage": {
                "guid": "ace8b46f-4e6e-4492-9302-e35a50a309f0",
                "offsetPercentageX": 0,
                "offsetPercentageY": 0,
                "width": 1920,
                "height": 460,
                "url": "https://lh6.ggpht.com/88QCpCZqTpEMuPwrEVs4tqBBU_fGnEYma0fyZFte4uABkgaYfHRYORmyOOQDTCNlSUIICrAP6yBxgnyudObSAeR9rw=s0"
            },
            "productionPlaces": [
                
            ]
        },
        {
            "links": {
                "self": "http://www.rijksmuseum.nl/api/en/collection/SK-A-2005",
                "web": "http://www.rijksmuseum.nl/en/collection/SK-A-2005"
            },
            "id": "en-SK-A-2005",
            "objectNumber": "SK-A-2005",
            "title": "The First Day of School",
            "hasImage": true,
            "principalOrFirstMaker": "Jean Baptiste Vanmour",
            "longTitle": "The First Day of School, Jean Baptiste Vanmour, c. 1720 - c. 1737",
            "showImage": true,
            "permitDownload": true,
            "webImage": {
                "guid": "c316830e-c651-49ec-b748-3c0808a33757",
                "offsetPercentageX": 0,
                "offsetPercentageY": 0,
                "width": 2500,
                "height": 1846,
                "url": "https://lh3.googleusercontent.com/9M3g8xP5N1DEBEJbbeaz8ZXiWHHSGdz2w1REsrbZ3KZ75lT-JJf7G0STd_P6WWzVukQI1gv_4NzvFcP92MZKMjEJd1I=s0"
            },
            "headerImage": {
                "guid": "31f8bb80-e59f-493a-848d-7786684f854d",
                "offsetPercentageX": 0,
                "offsetPercentageY": 0,
                "width": 1920,
                "height": 460,
                "url": "https://lh3.googleusercontent.com/tvYs_pd_rMx_jx6lv0yC5DmDimoRZ9IkxUI_URUMJNF0P4lNSmW4Uyp7qKcAKN0ubcvggI2XtI0sfY6CMnclc3JuuQQ=s0"
            },
            "productionPlaces": [
                
            ]
        },
        {
            "links": {
                "self": "http://www.rijksmuseum.nl/api/en/collection/SK-A-3011",
                "web": "http://www.rijksmuseum.nl/en/collection/SK-A-3011"
            },
            "id": "en-SK-A-3011",
            "objectNumber": "SK-A-3011",
            "title": "Madonna of Humility",
            "hasImage": true,
            "principalOrFirstMaker": "Fra Angelico",
            "longTitle": "Madonna of Humility, Fra Angelico, c. 1440",
            "showImage": true,
            "permitDownload": true,
            "webImage": {
                "guid": "d5b7623e-0feb-4074-8a16-260a1ef79c7f",
                "offsetPercentageX": 0,
                "offsetPercentageY": 0,
                "width": 1768,
                "height": 2500,
                "url": "https://lh3.googleusercontent.com/nBs6tVR7xKfYtEUzBZ6q6ToQQscGDHRiZT2vw7-6RVVqpFrlb6aUebKiEgRwwtktSm3Fm0rePhMWb9I7wJj3ChJnwHY=s0"
            },
            "headerImage": {
                "guid": "3871e82a-19d6-4ef4-95f4-6547fbcb7333",
                "offsetPercentageX": 0,
                "offsetPercentageY": 0,
                "width": 1768,
                "height": 424,
                "url": "https://lh3.googleusercontent.com/OyaYK9aPTscc16DeC5vD5qPRVu92o7REGGEgmnSXQ_PqacC0cvVw098DXXCw9g-sNInjJwFWon756JBqATXAIQcQVig=s0"
            },
            "productionPlaces": [
                
            ]
        },
        {
            "links": {
                "self": "http://www.rijksmuseum.nl/api/en/collection/SK-A-4688",
                "web": "http://www.rijksmuseum.nl/en/collection/SK-A-4688"
            },
            "id": "en-SK-A-4688",
            "objectNumber": "SK-A-4688",
            "title": "Italian Landscape with Umbrella Pines",
            "hasImage": true,
            "principalOrFirstMaker": "Hendrik Voogd",
            "longTitle": "Italian Landscape with Umbrella Pines, Hendrik Voogd, 1807",
            "showImage": true,
            "permitDownload": true,
            "webImage": {
                "guid": "e589e8db-d1c5-46f7-9352-b038122d13b9",
                "offsetPercentageX": 0,
                "offsetPercentageY": 0,
                "width": 2500,
                "height": 1808,
                "url": "https://lh3.googleusercontent.com/aqXgCqxvgXItt7Puc22OF8vbuuSGLiI8xUphPF3Jn_VWFBOcLwR96hBC4aRqAVxd_kGy6G-D2y8vRrTJOTbzcSMisc8=s0"
            },
            "headerImage": {
                "guid": "b67cbb59-12be-494e-9455-ecf2449cedaf",
                "offsetPercentageX": 0,
                "offsetPercentageY": 0,
                "width": 1920,
                "height": 460,
                "url": "https://lh3.googleusercontent.com/HneoBL27ET6vBBJZq6oNorpPPdAfsDsAG1lWZKrikOmRuwaWLGUmuOqqDAhhizzQpRr0isELgGrOMiNvASEjCqGnABWx=s0"
            },
            "productionPlaces": [
                "Rome"
            ]
        },
        {
            "links": {
                "self": "http://www.rijksmuseum.nl/api/en/collection/SK-A-1065",
                "web": "http://www.rijksmuseum.nl/en/collection/SK-A-1065"
            },
            "id": "en-SK-A-1065",
            "objectNumber": "SK-A-1065",
            "title": "Piano Practice Interrupted",
            "hasImage": true,
            "principalOrFirstMaker": "Willem Bartel van der Kooi",
            "longTitle": "Piano Practice Interrupted, Willem Bartel van der Kooi, 1813",
            "showImage": true,
            "permitDownload": true,
            "webImage": {
                "guid": "3fec625c-02d2-490b-885f-4a503a216331",
                "offsetPercentageX": 0,
                "offsetPercentageY": 0,
                "width": 2012,
                "height": 2500,
                "url": "https://lh3.googleusercontent.com/d93z-O9gU4_rApm0gQ3HXebvvobvSO1u30MHe_vQ2P37QlXcmFlQs8eE93qGRpX0rS1zJ41GDdCkyb5juDNZXtN-Kg=s0"
            },
            "headerImage": {
                "guid": "8b7306eb-b9d0-4a19-83e8-d9dc2ddf107e",
                "offsetPercentageX": 0,
                "offsetPercentageY": 0,
                "width": 1920,
                "height": 460,
                "url": "https://lh3.googleusercontent.com/dLiIjhCkvdXRt8CeiX-BrPjqrYBwTBUmhmrR30o55unYX8BxeWGIGm27V9nWijoXtPMyujBrBe8g15gtfWbB7in1hL8=s0"
            },
            "productionPlaces": [
                
            ]
        },
        {
            "links": {
                "self": "http://www.rijksmuseum.nl/api/en/collection/SK-A-742",
                "web": "http://www.rijksmuseum.nl/en/collection/SK-A-742"
            },
            "id": "en-SK-A-742",
            "objectNumber": "SK-A-742",
            "title": "View of Olinda, Brazil",
            "hasImage": true,
            "principalOrFirstMaker": "Frans Jansz Post",
            "longTitle": "View of Olinda, Brazil, Frans Jansz Post, 1662",
            "showImage": true,
            "permitDownload": true,
            "webImage": {
                "guid": "730d9e67-8e65-40c5-a0d3-9add87ce486d",
                "offsetPercentageX": 0,
                "offsetPercentageY": 0,
                "width": 2500,
                "height": 1551,
                "url": "https://lh3.ggpht.com/Yh48XePYndRUH9pBR-G986f-dKkg0IE9jFhJlt8y91fXB5X-d6IrRU-CW_Q7HLuHeeCRfYztK6LSqCFCjqeXniiVdUc=s0"
            },
            "headerImage": {
                "guid": "15416fc9-2f9d-43b6-842c-7f15e3908029",
                "offsetPercentageX": 0,
                "offsetPercentageY": 0,
                "width": 1920,
                "height": 460,
                "url": "https://lh3.ggpht.com/10Cr0I_dSXmXAV23I7HTko07G1vnZ-3jPKTln8QIgxBSqSuEp9dttOvrNGAZOrTquVif8w86JTxkbgJo7rRu0qoyH98S=s0"
            },
            "productionPlaces": [
                
            ]
        },
        {
            "links": {
                "self": "http://www.rijksmuseum.nl/api/en/collection/BK-1963-65",
                "web": "http://www.rijksmuseum.nl/en/collection/BK-1963-65"
            },
            "id": "en-BK-1963-65",
            "objectNumber": "BK-1963-65",
            "title": "Wine fountain and cooler",
            "hasImage": true,
            "principalOrFirstMaker": "Alger Mensma",
            "longTitle": "Wine fountain and cooler, Alger Mensma (attributed to), 1731",
            "showImage": true,
            "permitDownload": true,
            "webImage": {
                "guid": "b0ba3569-d9a4-4d29-b747-524b1928903a",
                "offsetPercentageX": 0,
                "offsetPercentageY": 0,
                "width": 5656,
                "height": 3911,
                "url": "https://lh3.googleusercontent.com/QO9wYsn5C8GjwymDmp1Vg4eCnwGMybuLQK4VKLubUYUmvQ6xJ5WARrH5B3HHf-ZyXsCBtrFt94M7ErvinCk2wX2RqnQhepMmxWFyWR8=s0"
            },
            "headerImage": {
                "guid": "2978e0e8-f7f5-4057-ad07-3b24fc4ebb81",
                "offsetPercentageX": 0,
                "offsetPercentageY": 0,
                "width": 1920,
                "height": 460,
                "url": "https://lh3.googleusercontent.com/ssPc_5gss6NmfufEv95hon1ykWeMo-o38wGgPLfmcyYF0TmJ0_kRY5IzCCENeMJIIgj8500SZl9eWsque_90DqHkTfi2LW9Ht6V2P8R7=s0"
            },
            "productionPlaces": [
                "Amsterdam",
                "Amsterdam"
            ]
        },
        {
            "links": {
                "self": "http://www.rijksmuseum.nl/api/en/collection/BK-1994-34",
                "web": "http://www.rijksmuseum.nl/en/collection/BK-1994-34"
            },
            "id": "en-BK-1994-34",
            "objectNumber": "BK-1994-34",
            "title": "Toilet mirror",
            "hasImage": true,
            "principalOrFirstMaker": "Joseph-Germain Dutalis",
            "longTitle": "Toilet mirror, Joseph-Germain Dutalis, 1828 - 1829",
            "showImage": true,
            "permitDownload": true,
            "webImage": {
                "guid": "e1440448-094a-457e-9ace-4992a7eb534f",
                "offsetPercentageX": 0,
                "offsetPercentageY": 0,
                "width": 3000,
                "height": 2432,
                "url": "https://lh3.ggpht.com/iFBkePzr2zv4oZKlzOYacFJJRuSfcP1IH5yd4n9dr4Ol_fmQRmoONzBH55Q0OBvC0CDAyYSZLkl7wKroQSZ0sRo9Fqk=s0"
            },
            "headerImage": {
                "guid": "d2a7b651-7f82-44a1-a3fe-905d641b2fec",
                "offsetPercentageX": 0,
                "offsetPercentageY": 0,
                "width": 1920,
                "height": 460,
                "url": "https://lh4.ggpht.com/yDiDAWPuRIHd6Gtna-MyyM3gvI8nsermoXbLtYh37wWXp_MGxo4zaXWzC2tA6thdO_Fuuz_06GHpsKq4ITA92dhbqw=s0"
            },
            "productionPlaces": [
                "Brussels",
                "The Hague"
            ]
        },
        {
            "links": {
                "self": "http://www.rijksmuseum.nl/api/en/collection/BK-1985-10",
                "web": "http://www.rijksmuseum.nl/en/collection/BK-1985-10"
            },
            "id": "en-BK-1985-10",
            "objectNumber": "BK-1985-10",
            "title": "Layette Cupboard",
            "hasImage": true,
            "principalOrFirstMaker": "anonymous",
            "longTitle": "Layette Cupboard, anonymous, c. 1660 - c. 1670",
            "showImage": true,
            "permitDownload": true,
            "webImage": {
                "guid": "e067d342-c880-4ef6-a576-7a9ec2500491",
                "offsetPercentageX": 0,
                "offsetPercentageY": 0,
                "width": 4318,
                "height": 5713,
                "url": "https://lh3.googleusercontent.com/-vCegQiVjxwkl1McIU9UYqelLbR4E-yI00NssQOyOaYHJOcUXtmN7l5DpkUv30VD919EEn1s0FobnWipzK5zcSXccPhv=s0"
            },
            "headerImage": {
                "guid": "35d2be05-084f-4ada-96bc-c610152145ab",
                "offsetPercentageX": 0,
                "offsetPercentageY": 0,
                "width": 1920,
                "height": 460,
                "url": "https://lh3.googleusercontent.com/TGrVOMfnJLfOrJvypbid-hesFof3wKQLyp7ZpA8FV7sBd3iy_mrNayGe8LSIryHGmVKPosNpTSmLDeiMcmhq5uo9GYNA=s0"
            },
            "productionPlaces": [
                "? Amsterdam"
            ]
        },
        {
            "links": {
                "self": "http://www.rijksmuseum.nl/api/en/collection/BK-1995-3",
                "web": "http://www.rijksmuseum.nl/en/collection/BK-1995-3"
            },
            "id": "en-BK-1995-3",
            "objectNumber": "BK-1995-3",
            "title": "Mantelpiece with relief of Paris and Oenone",
            "hasImage": true,
            "principalOrFirstMaker": "Jan Baptist Xavery",
            "longTitle": "Mantelpiece with relief of Paris and Oenone, Jan Baptist Xavery, 1739",
            "showImage": true,
            "permitDownload": true,
            "webImage": {
                "guid": "af4f9c17-f153-4be4-b94f-30d82208ff62",
                "offsetPercentageX": 0,
                "offsetPercentageY": 0,
                "width": 2532,
                "height": 3000,
                "url": "https://lh4.ggpht.com/5JdE17_WKRlTQhwSnYvihCVYLsDq51l5IHqOJaUPXW7XEHhCh9GKczABuXvgNwNokBUSxKGkD4b3wUw_qjBukUoNCpc=s0"
            },
            "headerImage": {
                "guid": "5f9a72c3-a9fc-4ce6-b801-64dd028a3a76",
                "offsetPercentageX": 0,
                "offsetPercentageY": 0,
                "width": 1920,
                "height": 460,
                "url": "https://lh4.ggpht.com/sMEuP2C16sK41RAHCfn-Fi2eT0tGUmWJaq9Fljnf6Z2s5usV0PAU6XM0ZlXfdU-0T-WPVL1CBWQxItS-10Zd59amvjtM=s0"
            },
            "productionPlaces": [
                
            ]
        },
        {
            "links": {
                "self": "http://www.rijksmuseum.nl/api/en/collection/BK-1963-64",
                "web": "http://www.rijksmuseum.nl/en/collection/BK-1963-64"
            },
            "id": "en-BK-1963-64",
            "objectNumber": "BK-1963-64",
            "title": "Wine fountain and cooler",
            "hasImage": true,
            "principalOrFirstMaker": "Alger Mensma",
            "longTitle": "Wine fountain and cooler, Alger Mensma (attributed to), 1731 - 1732",
            "showImage": true,
            "permitDownload": true,
            "webImage": {
                "guid": "6985dd5c-a217-46f5-962c-6d9bd338edc5",
                "offsetPercentageX": 0,
                "offsetPercentageY": 0,
                "width": 1761,
                "height": 2500,
                "url": "https://lh5.ggpht.com/PF93ZLrsXKoUzyv5MGg1cgidCXnioYmTpZOgzwLz8VW9tdl6aDYE4cbp6GJPlu3rwF-MiaB4dHXdv3ReGHCiXrKLqaGz=s0"
            },
            "headerImage": {
                "guid": "5d782292-898a-427c-8c95-b171cfea125b",
                "offsetPercentageX": 0,
                "offsetPercentageY": 0,
                "width": 1920,
                "height": 460,
                "url": "https://lh6.ggpht.com/DSAxEe2dAM2Kf7jo44IMnhtiv4yIU_Sl-FCvMql3u-EzVJYokp_MrdZNjT3QTPiJz42wTG-PxCBweRFOTsNQFUdXZQ=s0"
            },
            "productionPlaces": [
                "Amsterdam",
                "Amsterdam"
            ]
        },
        {
            "links": {
                "self": "http://www.rijksmuseum.nl/api/en/collection/BK-NM-1315",
                "web": "http://www.rijksmuseum.nl/en/collection/BK-NM-1315"
            },
            "id": "en-BK-NM-1315",
            "objectNumber": "BK-NM-1315",
            "title": "Stadtholder’s chair",
            "hasImage": true,
            "principalOrFirstMaker": "Gerrit Hutte",
            "longTitle": "Stadtholder’s chair, Gerrit Hutte, 1747",
            "showImage": true,
            "permitDownload": true,
            "webImage": {
                "guid": "65528492-d1e8-4332-8cc2-aeff11a671dc",
                "offsetPercentageX": 0,
                "offsetPercentageY": 0,
                "width": 1872,
                "height": 2500,
                "url": "https://lh5.ggpht.com/xsp3XhQMxPi-eR9q6_Th3MIEK0tKHnPK-7xfVNw5X0xL_n2rhHdmBYB2wQGOLk0Qwt5JnrIrw-Dj_65c-BTcgVnshDhf=s0"
            },
            "headerImage": {
                "guid": "f18bc662-bc6a-4b83-abec-ecd5b577205c",
                "offsetPercentageX": 0,
                "offsetPercentageY": 0,
                "width": 1872,
                "height": 449,
                "url": "https://lh4.ggpht.com/R0ImlDyFz4Hod87UMA89OoGZv99q11lxgBHpVHqASP_zBH9V4w1IZTF7lzi5hBSZbhsxeuuuKn6lU86nRW-4LzAy2No5=s0"
            },
            "productionPlaces": [
                "The Hague",
                "The Hague"
            ]
        },
        {
            "links": {
                "self": "http://www.rijksmuseum.nl/api/en/collection/SK-C-1672",
                "web": "http://www.rijksmuseum.nl/en/collection/SK-C-1672"
            },
            "id": "en-SK-C-1672",
            "objectNumber": "SK-C-1672",
            "title": "Portrait of Alida Christina Assink",
            "hasImage": true,
            "principalOrFirstMaker": "Jan Adam Kruseman",
            "longTitle": "Portrait of Alida Christina Assink, Jan Adam Kruseman, 1833",
            "showImage": true,
            "permitDownload": true,
            "webImage": {
                "guid": "a754c3dd-1734-462d-ab2c-c80a32f1a983",
                "offsetPercentageX": 0,
                "offsetPercentageY": 0,
                "width": 1791,
                "height": 2500,
                "url": "https://lh5.ggpht.com/P5o0tug6fqYu5WAV1L8wObu37HGOGrwgRuGLhkx9Ban89a6PwwUOA2uTSEllOUN_S33pBoJi7NoFcMsw89guz14O8TY=s0"
            },
            "headerImage": {
                "guid": "b06a3793-1e02-42b5-beea-a485a29e7834",
                "offsetPercentageX": 0,
                "offsetPercentageY": 0,
                "width": 1791,
                "height": 430,
                "url": "https://lh3.ggpht.com/VhJW8lei0ed6V3alJxuZPx1eU6wqz6lJBs-4s-XBfuH98AyCsGRr9eQTyEoyRCwsFhAEOyOCmE-tBbIAO3tkXUL9iufm=s0"
            },
            "productionPlaces": [
                
            ]
        }
    ],
    "facets": [
        {
            "facets": [
                {
                    "key": "anonymous",
                    "value": 173069
                },
                {
                    "key": "George Hendrik Breitner",
                    "value": 5584
                },
                {
                    "key": "Jan Luyken",
                    "value": 4767
                },
                {
                    "key": "Reinier Vinkeles (I)",
                    "value": 4392
                },
                {
                    "key": "Marius Bauer",
                    "value": 3392
                },
                {
                    "key": "Isaac Israels",
                    "value": 2865
                },
                {
                    "key": "unknown",
                    "value": 2840
                },
                {
                    "key": "Johannes Tavenraat",
                    "value": 2649
                },
                {
                    "key": "Daniel Nikolaus Chodowiecki",
                    "value": 2489
                },
                {
                    "key": "Aat Veldhoen",
                    "value": 2446
                },
                {
                    "key": "Bernard Picart",
                    "value": 2353
                },
                {
                    "key": "Vincent Samuel Mentzel",
                    "value": 2343
                },
                {
                    "key": "Willem Witsen",
                    "value": 2312
                },
                {
                    "key": "anoniem (Monumentenzorg)",
                    "value": 2045
                },
                {
                    "key": "Antonio Tempesta",
                    "value": 1913
                },
                {
                    "key": "Carel Adolph Lion Cachet",
                    "value": 1792
                },
                {
                    "key": "Jacob Houbraken",
                    "value": 1700
                },
                {
                    "key": "Rembrandt van Rijn",
                    "value": 1541
                },
                {
                    "key": "Simon Fokke",
                    "value": 1514
                },
                {
                    "key": "Romeyn de Hooghe",
                    "value": 1310
                },
                {
                    "key": "Philips Galle",
                    "value": 1288
                },
                {
                    "key": "Richard Nicolaüs Roland Holst",
                    "value": 1283
                },
                {
                    "key": "Sébastien Leclerc (I)",
                    "value": 1266
                },
                {
                    "key": "Meissener Porzellan Manufaktur",
                    "value": 1202
                },
                {
                    "key": "Johan Michaël Schmidt Crans",
                    "value": 1173
                },
                {
                    "key": "Jan Veth",
                    "value": 1154
                },
                {
                    "key": "Willem Diepraam",
                    "value": 1149
                },
                {
                    "key": "Jozef Israëls",
                    "value": 1145
                },
                {
                    "key": "Wenceslaus Hollar",
                    "value": 1124
                },
                {
                    "key": "Frans Hogenberg",
                    "value": 1122
                },
                {
                    "key": "Jacques de Gheyn (II)",
                    "value": 1114
                },
                {
                    "key": "Crispijn van de Passe (I)",
                    "value": 1112
                },
                {
                    "key": "Stefano della Bella",
                    "value": 1021
                },
                {
                    "key": "Caspar Luyken",
                    "value": 1012
                },
                {
                    "key": "Michel Wolgemut",
                    "value": 1002
                },
                {
                    "key": "Hendrick Goltzius",
                    "value": 989
                },
                {
                    "key": "Hendrik Spilman",
                    "value": 989
                },
                {
                    "key": "Jeanne Bieruma Oosting",
                    "value": 988
                },
                {
                    "key": "Anton Mauve",
                    "value": 982
                },
                {
                    "key": "Adriaen Collaert",
                    "value": 970
                },
                {
                    "key": "Leo Gestel",
                    "value": 970
                },
                {
                    "key": "Johann Sadeler (I)",
                    "value": 966
                },
                {
                    "key": "Reinier Willem Petrus de Vries (1874-1953)",
                    "value": 957
                },
                {
                    "key": "Virgilius Solis",
                    "value": 957
                },
                {
                    "key": "Jacques Callot",
                    "value": 943
                },
                {
                    "key": "Pieter Schenk (I)",
                    "value": 921
                },
                {
                    "key": "Cornelis Vreedenburgh",
                    "value": 912
                },
                {
                    "key": "Gerrit Willem Dijsselhof",
                    "value": 907
                },
                {
                    "key": "Jan van de Velde (II)",
                    "value": 891
                },
                {
                    "key": "Carel Nicolaas Storm van 's-Gravesande",
                    "value": 887
                },
                {
                    "key": "Christoffel van Sichem (II)",
                    "value": 878
                },
                {
                    "key": "veuve Delpech (Naudet)",
                    "value": 857
                },
                {
                    "key": "Theo van Hoytema",
                    "value": 848
                },
                {
                    "key": "Anselmus Boëtius de Boodt",
                    "value": 835
                },
                {
                    "key": "Israël Silvestre",
                    "value": 807
                },
                {
                    "key": "Johannes of Lucas van Doetechum",
                    "value": 800
                },
                {
                    "key": "August Allebé",
                    "value": 790
                },
                {
                    "key": "Willem Cornelis Rip",
                    "value": 778
                },
                {
                    "key": "Reijer Stolk",
                    "value": 776
                },
                {
                    "key": "Jan Caspar Philips",
                    "value": 754
                },
                {
                    "key": "Abraham Rademaker",
                    "value": 737
                },
                {
                    "key": "Hendrik Doijer",
                    "value": 736
                },
                {
                    "key": "Eva Charlotte Pennink-Boelen",
                    "value": 730
                },
                {
                    "key": "Simon Frisius",
                    "value": 727
                },
                {
                    "key": "Manufactuur Oud-Loosdrecht",
                    "value": 713
                },
                {
                    "key": "Charles Donker",
                    "value": 698
                },
                {
                    "key": "Claude Mellan",
                    "value": 698
                },
                {
                    "key": "Crispijn van de Passe (II)",
                    "value": 687
                },
                {
                    "key": "Giorgio Sommer",
                    "value": 687
                },
                {
                    "key": "Carel Christiaan Antony Last",
                    "value": 660
                },
                {
                    "key": "Martin Bernigeroth",
                    "value": 660
                },
                {
                    "key": "Albert Greiner",
                    "value": 657
                },
                {
                    "key": "Hieronymus Wierix",
                    "value": 655
                },
                {
                    "key": "Giovanni Battista Piranesi",
                    "value": 648
                },
                {
                    "key": "Jean Lepautre",
                    "value": 648
                },
                {
                    "key": "Jacob Ernst Marcus",
                    "value": 642
                },
                {
                    "key": "Pam Georg Rueter",
                    "value": 638
                },
                {
                    "key": "Jan Punt",
                    "value": 635
                },
                {
                    "key": "Delizy",
                    "value": 629
                },
                {
                    "key": "Johannes Josephus Aarts",
                    "value": 616
                },
                {
                    "key": "Anthonie van den Bos",
                    "value": 609
                },
                {
                    "key": "Antoon Derkinderen",
                    "value": 609
                },
                {
                    "key": "Johannes Wierix",
                    "value": 609
                },
                {
                    "key": "diverse vervaardigers",
                    "value": 605
                },
                {
                    "key": "Claes Jansz. Visscher (II)",
                    "value": 587
                },
                {
                    "key": "Isaac Weissenbruch",
                    "value": 587
                },
                {
                    "key": "Peter Vos",
                    "value": 576
                },
                {
                    "key": "Woodbury & Page",
                    "value": 574
                },
                {
                    "key": "Jan Brandes",
                    "value": 573
                },
                {
                    "key": "Jacob Matham",
                    "value": 567
                },
                {
                    "key": "Carel Willink",
                    "value": 566
                },
                {
                    "key": "jonkheer Hendrik Teding van Berkhout (1879-1969)",
                    "value": 566
                },
                {
                    "key": "Jacques Villon",
                    "value": 565
                },
                {
                    "key": "Georg Rueter",
                    "value": 564
                },
                {
                    "key": "Johan Braakensiek",
                    "value": 562
                },
                {
                    "key": "Aegidius Sadeler (II)",
                    "value": 557
                },
                {
                    "key": "Maria Vos",
                    "value": 553
                },
                {
                    "key": "Johannes Immerzeel",
                    "value": 552
                },
                {
                    "key": "Joseph Maes",
                    "value": 551
                },
                {
                    "key": "Lodewijk Schelfhout",
                    "value": 551
                }
            ],
            "name": "principalMaker",
            "otherTerms": 716789,
            "prettyName": 10
        },
        {
            "facets": [
                {
                    "key": "print",
                    "value": 353790
                },
                {
                    "key": "photograph",
                    "value": 129744
                },
                {
                    "key": "drawing",
                    "value": 51431
                },
                {
                    "key": "photomechanical print",
                    "value": 42168
                },
                {
                    "key": "carte-de-visite",
                    "value": 17169
                },
                {
                    "key": "letter",
                    "value": 11334
                },
                {
                    "key": "stereograph",
                    "value": 10473
                },
                {
                    "key": "history medal",
                    "value": 5901
                },
                {
                    "key": "coin",
                    "value": 4853
                },
                {
                    "key": "painting",
                    "value": 4818
                },
                {
                    "key": "cabinet photograph",
                    "value": 4689
                },
                {
                    "key": "book",
                    "value": 4172
                },
                {
                    "key": "documentary photographs",
                    "value": 3393
                },
                {
                    "key": "poster",
                    "value": 3360
                },
                {
                    "key": "text sheet",
                    "value": 3293
                },
                {
                    "key": "plate (dishes)",
                    "value": 2239
                },
                {
                    "key": "fragment",
                    "value": 2182
                },
                {
                    "key": "jeton",
                    "value": 1990
                },
                {
                    "key": "magazine",
                    "value": 1714
                },
                {
                    "key": "sculpture",
                    "value": 1653
                },
                {
                    "key": "medal",
                    "value": 1611
                },
                {
                    "key": "furniture",
                    "value": 1383
                },
                {
                    "key": "frame",
                    "value": 1376
                },
                {
                    "key": "lid",
                    "value": 1337
                },
                {
                    "key": "lantern slide (photographic)",
                    "value": 1281
                },
                {
                    "key": "manuscript",
                    "value": 1266
                },
                {
                    "key": "vase",
                    "value": 1025
                },
                {
                    "key": "bowl",
                    "value": 1010
                },
                {
                    "key": "box",
                    "value": 919
                },
                {
                    "key": "tile",
                    "value": 906
                },
                {
                    "key": "service (set)",
                    "value": 752
                },
                {
                    "key": "tissue stereograph",
                    "value": 747
                },
                {
                    "key": "collage",
                    "value": 711
                },
                {
                    "key": "musical instrument",
                    "value": 686
                },
                {
                    "key": "miniature",
                    "value": 632
                },
                {
                    "key": "figure",
                    "value": 629
                },
                {
                    "key": "dish",
                    "value": 627
                },
                {
                    "key": "document",
                    "value": 609
                },
                {
                    "key": "pot",
                    "value": 600
                },
                {
                    "key": "demonstration model",
                    "value": 586
                },
                {
                    "key": "jewellery",
                    "value": 568
                },
                {
                    "key": "contact print",
                    "value": 543
                },
                {
                    "key": "poem",
                    "value": 528
                },
                {
                    "key": "ribbon (material)",
                    "value": 513
                },
                {
                    "key": "ship model",
                    "value": 503
                },
                {
                    "key": "Indian miniature",
                    "value": 457
                },
                {
                    "key": "spoon",
                    "value": 439
                },
                {
                    "key": "siege coin",
                    "value": 430
                },
                {
                    "key": "award medal",
                    "value": 424
                },
                {
                    "key": "brooch",
                    "value": 421
                },
                {
                    "key": "braid",
                    "value": 418
                },
                {
                    "key": "candlestick",
                    "value": 404
                },
                {
                    "key": "copy",
                    "value": 397
                },
                {
                    "key": "button",
                    "value": 376
                },
                {
                    "key": "playing card",
                    "value": 361
                },
                {
                    "key": "half model",
                    "value": 340
                },
                {
                    "key": "decorated paper",
                    "value": 339
                },
                {
                    "key": "goblet",
                    "value": 321
                },
                {
                    "key": "scrapbook",
                    "value": 317
                },
                {
                    "key": "album",
                    "value": 312
                },
                {
                    "key": "builder's model",
                    "value": 310
                },
                {
                    "key": "chandelier",
                    "value": 308
                },
                {
                    "key": "Oriental rug",
                    "value": 307
                },
                {
                    "key": "brocade paper",
                    "value": 305
                },
                {
                    "key": "miniature (painting)",
                    "value": 302
                },
                {
                    "key": "light (window)",
                    "value": 301
                },
                {
                    "key": "Ektachrome",
                    "value": 300
                },
                {
                    "key": "wind instrument",
                    "value": 298
                },
                {
                    "key": "cup",
                    "value": 297
                },
                {
                    "key": "flintlock pistol",
                    "value": 296
                },
                {
                    "key": "gameboard",
                    "value": 284
                },
                {
                    "key": "postage stamp",
                    "value": 283
                },
                {
                    "key": "tureen",
                    "value": 280
                },
                {
                    "key": "chest",
                    "value": 260
                },
                {
                    "key": "pipe",
                    "value": 251
                },
                {
                    "key": "calendar",
                    "value": 250
                },
                {
                    "key": "calligraphy",
                    "value": 249
                },
                {
                    "key": "marbled paper",
                    "value": 243
                },
                {
                    "key": "sample",
                    "value": 243
                },
                {
                    "key": "table",
                    "value": 226
                },
                {
                    "key": "brochure",
                    "value": 223
                },
                {
                    "key": "textile materials",
                    "value": 222
                },
                {
                    "key": "hat",
                    "value": 221
                },
                {
                    "key": "photomontage",
                    "value": 221
                },
                {
                    "key": "percussion instrument",
                    "value": 214
                },
                {
                    "key": "color slide",
                    "value": 204
                },
                {
                    "key": "salt (condiment vessel)",
                    "value": 174
                },
                {
                    "key": "case",
                    "value": 169
                },
                {
                    "key": "printed matter",
                    "value": 167
                },
                {
                    "key": "cloth",
                    "value": 166
                },
                {
                    "key": "folder (container)",
                    "value": 165
                },
                {
                    "key": "locket",
                    "value": 163
                },
                {
                    "key": "card game",
                    "value": 153
                },
                {
                    "key": "necklace",
                    "value": 147
                },
                {
                    "key": "pedestal",
                    "value": 147
                },
                {
                    "key": "tea service",
                    "value": 146
                },
                {
                    "key": "part",
                    "value": 145
                },
                {
                    "key": "pendant (jewelry)",
                    "value": 141
                },
                {
                    "key": "portfolio",
                    "value": 141
                },
                {
                    "key": "toy",
                    "value": 139
                }
            ],
            "name": "type",
            "otherTerms": 0,
            "prettyName": 3
        },
        {
            "facets": [
                {
                    "key": "19",
                    "value": 292766
                },
                {
                    "key": "20",
                    "value": 166593
                },
                {
                    "key": "18",
                    "value": 129617
                },
                {
                    "key": "17",
                    "value": 126360
                },
                {
                    "key": "16",
                    "value": 48623
                },
                {
                    "key": "21",
                    "value": 10038
                },
                {
                    "key": "15",
                    "value": 5355
                },
                {
                    "key": "14",
                    "value": 1992
                },
                {
                    "key": "-2",
                    "value": 1341
                },
                {
                    "key": "13",
                    "value": 399
                },
                {
                    "key": "12",
                    "value": 389
                },
                {
                    "key": "-1",
                    "value": 159
                },
                {
                    "key": "10",
                    "value": 139
                },
                {
                    "key": "11",
                    "value": 121
                },
                {
                    "key": "9",
                    "value": 110
                },
                {
                    "key": "7",
                    "value": 60
                },
                {
                    "key": "8",
                    "value": 51
                },
                {
                    "key": "3",
                    "value": 45
                },
                {
                    "key": "2",
                    "value": 40
                },
                {
                    "key": "6",
                    "value": 38
                },
                {
                    "key": "5",
                    "value": 29
                },
                {
                    "key": "1",
                    "value": 24
                },
                {
                    "key": "4",
                    "value": 16
                },
                {
                    "key": "35",
                    "value": 1
                }
            ],
            "name": "dating.period",
            "otherTerms": 0,
            "prettyName": 4
        },
        {
            "facets": [
                {
                    "key": "Amsterdam",
                    "value": 98567
                },
                {
                    "key": "Netherlands",
                    "value": 65665
                },
                {
                    "key": "Paris",
                    "value": 52308
                },
                {
                    "key": "The Hague",
                    "value": 23690
                },
                {
                    "key": "France",
                    "value": 21713
                },
                {
                    "key": "Antwerp",
                    "value": 19365
                },
                {
                    "key": "Northern Netherlands",
                    "value": 17445
                },
                {
                    "key": "Italy",
                    "value": 15638
                },
                {
                    "key": "London",
                    "value": 15518
                },
                {
                    "key": "Haarlem",
                    "value": 10897
                },
                {
                    "key": "Rome",
                    "value": 10576
                },
                {
                    "key": "Germany",
                    "value": 9087
                },
                {
                    "key": "Berlin",
                    "value": 9010
                },
                {
                    "key": "Leiden",
                    "value": 7992
                },
                {
                    "key": "Japan",
                    "value": 7827
                },
                {
                    "key": "Brussels",
                    "value": 7569
                },
                {
                    "key": "Utrecht",
                    "value": 7433
                },
                {
                    "key": "Rotterdam",
                    "value": 6495
                },
                {
                    "key": "? Netherlands",
                    "value": 4602
                },
                {
                    "key": "China",
                    "value": 4453
                },
                {
                    "key": "Low Countries",
                    "value": 4453
                },
                {
                    "key": "Delft",
                    "value": 4275
                },
                {
                    "key": "Augsburg",
                    "value": 4177
                },
                {
                    "key": "England",
                    "value": 4116
                },
                {
                    "key": "Southern Netherlands",
                    "value": 3705
                },
                {
                    "key": "Venice",
                    "value": 3431
                },
                {
                    "key": "unknown",
                    "value": 3052
                },
                {
                    "key": "Vienna",
                    "value": 2904
                },
                {
                    "key": "Cologne",
                    "value": 2887
                },
                {
                    "key": "? France",
                    "value": 2847
                },
                {
                    "key": "Dordrecht",
                    "value": 2612
                },
                {
                    "key": "? Amsterdam",
                    "value": 2535
                },
                {
                    "key": "Belgium",
                    "value": 2497
                },
                {
                    "key": "Europe",
                    "value": 2491
                },
                {
                    "key": "New York (city)",
                    "value": 2446
                },
                {
                    "key": "Suriname",
                    "value": 2413
                },
                {
                    "key": "Arnhem",
                    "value": 2395
                },
                {
                    "key": "? Germany",
                    "value": 1860
                },
                {
                    "key": "United States of America",
                    "value": 1785
                },
                {
                    "key": "Middelburg",
                    "value": 1394
                },
                {
                    "key": "Sumatra",
                    "value": 1224
                },
                {
                    "key": "Nijmegen",
                    "value": 1217
                },
                {
                    "key": "Java",
                    "value": 1177
                },
                {
                    "key": "Austria",
                    "value": 1149
                },
                {
                    "key": "Indonesia",
                    "value": 1065
                },
                {
                    "key": "Dutch East Indies, The",
                    "value": 1062
                },
                {
                    "key": "Maastricht",
                    "value": 1051
                },
                {
                    "key": "Spain",
                    "value": 1038
                },
                {
                    "key": "? Paris",
                    "value": 970
                },
                {
                    "key": "Switzerland",
                    "value": 945
                },
                {
                    "key": "Batavia",
                    "value": 851
                },
                {
                    "key": "? The Hague",
                    "value": 828
                },
                {
                    "key": "Den Bosch",
                    "value": 820
                },
                {
                    "key": "Great Britain",
                    "value": 766
                },
                {
                    "key": "Naples",
                    "value": 750
                },
                {
                    "key": "Deventer",
                    "value": 695
                },
                {
                    "key": "Surabaya",
                    "value": 688
                },
                {
                    "key": "Bruges",
                    "value": 665
                },
                {
                    "key": "United Kingdom",
                    "value": 651
                },
                {
                    "key": "? Northern Netherlands",
                    "value": 634
                },
                {
                    "key": "? Italy",
                    "value": 616
                },
                {
                    "key": "Kyoto",
                    "value": 574
                },
                {
                    "key": "Ghent",
                    "value": 564
                },
                {
                    "key": "French Equatorial Africa",
                    "value": 536
                },
                {
                    "key": "Gouda",
                    "value": 529
                },
                {
                    "key": "Lyon",
                    "value": 528
                },
                {
                    "key": "Mechelen",
                    "value": 521
                },
                {
                    "key": "Liège",
                    "value": 511
                },
                {
                    "key": "Pompeii",
                    "value": 432
                },
                {
                    "key": "Hoorn (North Holland)",
                    "value": 406
                },
                {
                    "key": "? Belgium",
                    "value": 401
                },
                {
                    "key": "Copenhagen (city)",
                    "value": 392
                },
                {
                    "key": "Norway",
                    "value": 355
                },
                {
                    "key": "Voorschoten",
                    "value": 342
                },
                {
                    "key": "Flushing",
                    "value": 327
                },
                {
                    "key": "Russia",
                    "value": 322
                },
                {
                    "key": "? England",
                    "value": 319
                },
                {
                    "key": "Enkhuizen",
                    "value": 313
                },
                {
                    "key": "? New York (city)",
                    "value": 310
                },
                {
                    "key": "? Brussels",
                    "value": 299
                },
                {
                    "key": "? Antwerp",
                    "value": 294
                },
                {
                    "key": "? Southern Netherlands",
                    "value": 288
                },
                {
                    "key": "New York",
                    "value": 285
                },
                {
                    "key": "Poland",
                    "value": 268
                },
                {
                    "key": "Birmingham",
                    "value": 267
                },
                {
                    "key": "Glasgow",
                    "value": 261
                },
                {
                    "key": "Lille",
                    "value": 261
                },
                {
                    "key": "Cleves",
                    "value": 251
                },
                {
                    "key": "Zwickau",
                    "value": 251
                },
                {
                    "key": "Sri Lanka",
                    "value": 250
                },
                {
                    "key": "Marseille",
                    "value": 235
                },
                {
                    "key": "Holland",
                    "value": 223
                },
                {
                    "key": "Denmark",
                    "value": 204
                },
                {
                    "key": "? London",
                    "value": 200
                },
                {
                    "key": "Louvain",
                    "value": 192
                },
                {
                    "key": "Singapore",
                    "value": 192
                },
                {
                    "key": "? Java",
                    "value": 187
                },
                {
                    "key": "? Haarlem",
                    "value": 179
                },
                {
                    "key": "Zeist",
                    "value": 175
                },
                {
                    "key": "Gelderland",
                    "value": 174
                }
            ],
            "name": "place",
            "otherTerms": 0,
            "prettyName": 2
        },
        {
            "facets": [
                {
                    "key": "paper",
                    "value": 557718
                },
                {
                    "key": "photographic support",
                    "value": 88545
                },
                {
                    "key": "cardboard",
                    "value": 80551
                },
                {
                    "key": "ink",
                    "value": 44152
                },
                {
                    "key": "pencil",
                    "value": 40291
                },
                {
                    "key": "chalk",
                    "value": 28411
                },
                {
                    "key": "baryta paper",
                    "value": 23770
                },
                {
                    "key": "watercolor (paint)",
                    "value": 13169
                },
                {
                    "key": "silver (metal)",
                    "value": 11144
                },
                {
                    "key": "linen (material)",
                    "value": 10063
                },
                {
                    "key": "glass",
                    "value": 9461
                },
                {
                    "key": "wood (plant material)",
                    "value": 9417
                },
                {
                    "key": "porcelain",
                    "value": 8927
                },
                {
                    "key": "copper (metal)",
                    "value": 8483
                },
                {
                    "key": "glaze",
                    "value": 7171
                },
                {
                    "key": "silk",
                    "value": 5327
                },
                {
                    "key": "oil paint (paint)",
                    "value": 5165
                },
                {
                    "key": "printing ink",
                    "value": 5161
                },
                {
                    "key": "gold (metal)",
                    "value": 5016
                },
                {
                    "key": "deck paint",
                    "value": 4967
                },
                {
                    "key": "earthenware",
                    "value": 4601
                },
                {
                    "key": "India ink (ink)",
                    "value": 4327
                },
                {
                    "key": "RC paper",
                    "value": 4080
                },
                {
                    "key": "bronze (metal)",
                    "value": 3999
                },
                {
                    "key": "iron (metal)",
                    "value": 3892
                },
                {
                    "key": "metal",
                    "value": 3730
                },
                {
                    "key": "brass (alloy)",
                    "value": 3517
                },
                {
                    "key": "cotton (textile)",
                    "value": 3028
                },
                {
                    "key": "leather",
                    "value": 2924
                },
                {
                    "key": "canvas",
                    "value": 2657
                },
                {
                    "key": "paint (coating)",
                    "value": 2651
                },
                {
                    "key": "Japanese paper (handmade paper)",
                    "value": 2589
                },
                {
                    "key": "cobalt (mineral)",
                    "value": 2291
                },
                {
                    "key": "panel",
                    "value": 1952
                },
                {
                    "key": "textile materials",
                    "value": 1931
                },
                {
                    "key": "oak (wood)",
                    "value": 1652
                },
                {
                    "key": "tin glaze",
                    "value": 1584
                },
                {
                    "key": "lead (metal)",
                    "value": 1452
                },
                {
                    "key": "wool",
                    "value": 1451
                },
                {
                    "key": "gouache (paint)",
                    "value": 1415
                },
                {
                    "key": "parchment (animal material)",
                    "value": 1410
                },
                {
                    "key": "tin (metal)",
                    "value": 1409
                },
                {
                    "key": "stoneware",
                    "value": 1405
                },
                {
                    "key": "graphite (mineral)",
                    "value": 1374
                },
                {
                    "key": "transparant paper",
                    "value": 1343
                },
                {
                    "key": "gilding (material)",
                    "value": 1305
                },
                {
                    "key": "velvet (fabric weave)",
                    "value": 1242
                },
                {
                    "key": "ivory",
                    "value": 1115
                },
                {
                    "key": "tracing paper",
                    "value": 1019
                },
                {
                    "key": "gold leaf",
                    "value": 944
                },
                {
                    "key": "lacquer (coating)",
                    "value": 785
                },
                {
                    "key": "walnut (hardwood)",
                    "value": 756
                },
                {
                    "key": "Japanese paper",
                    "value": 720
                },
                {
                    "key": "prepared paper",
                    "value": 718
                },
                {
                    "key": "rope",
                    "value": 630
                },
                {
                    "key": "plastic (organic material)",
                    "value": 572
                },
                {
                    "key": "pipe clay",
                    "value": 567
                },
                {
                    "key": "ebony (wood)",
                    "value": 553
                },
                {
                    "key": "celluloid (cellulosic)",
                    "value": 538
                },
                {
                    "key": "newsprint",
                    "value": 536
                },
                {
                    "key": "mother of pearl",
                    "value": 483
                },
                {
                    "key": "pressure-sensitive tape",
                    "value": 474
                },
                {
                    "key": "satin",
                    "value": 472
                },
                {
                    "key": "lead glaze",
                    "value": 454
                },
                {
                    "key": "marble (rock)",
                    "value": 447
                },
                {
                    "key": "photographic film (photographic materials)",
                    "value": 446
                },
                {
                    "key": "bone china (material)",
                    "value": 436
                },
                {
                    "key": "mahogany (wood)",
                    "value": 424
                },
                {
                    "key": "zinc",
                    "value": 383
                },
                {
                    "key": "ball-point pens",
                    "value": 375
                },
                {
                    "key": "terracotta (clay material)",
                    "value": 357
                },
                {
                    "key": "bone (material)",
                    "value": 347
                },
                {
                    "key": "silver thread",
                    "value": 335
                },
                {
                    "key": "batiste",
                    "value": 329
                },
                {
                    "key": "rosewood (wood)",
                    "value": 322
                },
                {
                    "key": "steel (alloy)",
                    "value": 308
                },
                {
                    "key": "cloth",
                    "value": 285
                },
                {
                    "key": "aluminum (metal)",
                    "value": 271
                },
                {
                    "key": "marbled paper",
                    "value": 255
                },
                {
                    "key": "pine (wood)",
                    "value": 248
                },
                {
                    "key": "beech (wood)",
                    "value": 246
                },
                {
                    "key": "tin plate",
                    "value": 237
                },
                {
                    "key": "linden",
                    "value": 232
                },
                {
                    "key": "gypsum",
                    "value": 222
                },
                {
                    "key": "corrugated board",
                    "value": 214
                },
                {
                    "key": "maple (wood)",
                    "value": 214
                },
                {
                    "key": "horn (animal material)",
                    "value": 211
                },
                {
                    "key": "watercolor paper",
                    "value": 204
                },
                {
                    "key": "boxwood",
                    "value": 201
                },
                {
                    "key": "sandstone",
                    "value": 192
                },
                {
                    "key": "blotting paper",
                    "value": 186
                },
                {
                    "key": "China paper",
                    "value": 182
                },
                {
                    "key": "engobe",
                    "value": 177
                },
                {
                    "key": "silver stain",
                    "value": 174
                },
                {
                    "key": "diamond (mineral)",
                    "value": 164
                },
                {
                    "key": "felt (textile)",
                    "value": 157
                },
                {
                    "key": "nickel (metal)",
                    "value": 157
                },
                {
                    "key": "pearl",
                    "value": 147
                },
                {
                    "key": "wax",
                    "value": 143
                },
                {
                    "key": "poster paint",
                    "value": 141
                }
            ],
            "name": "material",
            "otherTerms": 0,
            "prettyName": 5
        },
        {
            "facets": [
                {
                    "key": "etching",
                    "value": 184077
                },
                {
                    "key": "engraving",
                    "value": 134978
                },
                {
                    "key": "albumen print",
                    "value": 62066
                },
                {
                    "key": "gelatin silver print",
                    "value": 44026
                },
                {
                    "key": "pen",
                    "value": 41894
                },
                {
                    "key": "letterpress printing",
                    "value": 34029
                },
                {
                    "key": "brush",
                    "value": 31680
                },
                {
                    "key": "collotype",
                    "value": 21554
                },
                {
                    "key": "writing (processes)",
                    "value": 20668
                },
                {
                    "key": "striking (metalworking)",
                    "value": 13414
                },
                {
                    "key": "drypoint",
                    "value": 12670
                },
                {
                    "key": "printing",
                    "value": 9981
                },
                {
                    "key": "painting",
                    "value": 7099
                },
                {
                    "key": "vitrification",
                    "value": 6983
                },
                {
                    "key": "gilding",
                    "value": 6692
                },
                {
                    "key": "printing block",
                    "value": 5203
                },
                {
                    "key": "color woodcut",
                    "value": 4545
                },
                {
                    "key": "steel engraving",
                    "value": 4428
                },
                {
                    "key": "casting",
                    "value": 3516
                },
                {
                    "key": "cutting",
                    "value": 2391
                },
                {
                    "key": "slide",
                    "value": 2112
                },
                {
                    "key": "damask",
                    "value": 2102
                },
                {
                    "key": "drawing",
                    "value": 1902
                },
                {
                    "key": "bobbin lace",
                    "value": 1807
                },
                {
                    "key": "embroidering",
                    "value": 1654
                },
                {
                    "key": "salted paper print",
                    "value": 1632
                },
                {
                    "key": "photolithography",
                    "value": 1573
                },
                {
                    "key": "glassblowing",
                    "value": 1376
                },
                {
                    "key": "cyanotype",
                    "value": 1239
                },
                {
                    "key": "gelatin silver slide on glass",
                    "value": 1155
                },
                {
                    "key": "maiolica",
                    "value": 1072
                },
                {
                    "key": "carbon print",
                    "value": 937
                },
                {
                    "key": "block printing (relief printing process)",
                    "value": 925
                },
                {
                    "key": "forging",
                    "value": 879
                },
                {
                    "key": "inkjet print",
                    "value": 835
                },
                {
                    "key": "snipping",
                    "value": 803
                },
                {
                    "key": "collage",
                    "value": 721
                },
                {
                    "key": "lacquering",
                    "value": 704
                },
                {
                    "key": "perforating",
                    "value": 661
                },
                {
                    "key": "retroussage",
                    "value": 612
                },
                {
                    "key": "counterproof",
                    "value": 579
                },
                {
                    "key": "photochrom",
                    "value": 540
                },
                {
                    "key": "knitting",
                    "value": 520
                },
                {
                    "key": "grinding",
                    "value": 473
                },
                {
                    "key": "ferrotyping",
                    "value": 472
                },
                {
                    "key": "calligraphy",
                    "value": 416
                },
                {
                    "key": "sewing",
                    "value": 401
                },
                {
                    "key": "nishiki-e",
                    "value": 376
                },
                {
                    "key": "manuscript",
                    "value": 362
                },
                {
                    "key": "relief printing",
                    "value": 320
                },
                {
                    "key": "ambrotype",
                    "value": 317
                },
                {
                    "key": "polishing",
                    "value": 285
                },
                {
                    "key": "tapestry",
                    "value": 280
                },
                {
                    "key": "Valenciennes lace",
                    "value": 277
                },
                {
                    "key": "decorated paper",
                    "value": 257
                },
                {
                    "key": "Mechlin (lace)",
                    "value": 219
                },
                {
                    "key": "sawing",
                    "value": 214
                },
                {
                    "key": "wet collodion negative",
                    "value": 213
                },
                {
                    "key": "soldering",
                    "value": 178
                },
                {
                    "key": "inlay (process)",
                    "value": 175
                },
                {
                    "key": "ball-point pens",
                    "value": 173
                },
                {
                    "key": "printed matter",
                    "value": 172
                },
                {
                    "key": "twill",
                    "value": 172
                },
                {
                    "key": "stapling",
                    "value": 171
                },
                {
                    "key": "braiding",
                    "value": 157
                },
                {
                    "key": "Lille lace",
                    "value": 156
                },
                {
                    "key": "combed marbled paper",
                    "value": 156
                },
                {
                    "key": "Alençon lace",
                    "value": 138
                },
                {
                    "key": "Binche lace",
                    "value": 135
                },
                {
                    "key": "mixed lace",
                    "value": 133
                },
                {
                    "key": "filigree",
                    "value": 128
                },
                {
                    "key": "marbled paper",
                    "value": 128
                },
                {
                    "key": "Brussels bobbin lace",
                    "value": 108
                },
                {
                    "key": "phantasy marbled paper",
                    "value": 104
                },
                {
                    "key": "scoring",
                    "value": 103
                },
                {
                    "key": "snail marbled paper",
                    "value": 100
                },
                {
                    "key": "agate marbled paper",
                    "value": 99
                },
                {
                    "key": "die cutting",
                    "value": 96
                },
                {
                    "key": "Brussels point de gaze",
                    "value": 93
                },
                {
                    "key": "filing",
                    "value": 92
                },
                {
                    "key": "old Flemish lace",
                    "value": 89
                },
                {
                    "key": "Cluny lace",
                    "value": 88
                },
                {
                    "key": "crocheting",
                    "value": 86
                },
                {
                    "key": "gluing",
                    "value": 81
                },
                {
                    "key": "lampas (textile material)",
                    "value": 76
                },
                {
                    "key": "chintz",
                    "value": 75
                },
                {
                    "key": "stone marbled paper",
                    "value": 75
                },
                {
                    "key": "Brussels appliqué",
                    "value": 72
                },
                {
                    "key": "spanish marbled paper",
                    "value": 72
                },
                {
                    "key": "Venetian raised work",
                    "value": 71
                },
                {
                    "key": "flat Venetian (needle point)",
                    "value": 64
                },
                {
                    "key": "jacquard",
                    "value": 63
                },
                {
                    "key": "blow molding",
                    "value": 62
                },
                {
                    "key": "shell marbled paper",
                    "value": 61
                },
                {
                    "key": "Woodburygravure",
                    "value": 54
                },
                {
                    "key": "basting",
                    "value": 54
                },
                {
                    "key": "cocoa marbled paper",
                    "value": 51
                },
                {
                    "key": "hammering",
                    "value": 48
                },
                {
                    "key": "torchon lace",
                    "value": 48
                },
                {
                    "key": "mixed Brussels",
                    "value": 47
                }
            ],
            "name": "technique",
            "otherTerms": 0,
            "prettyName": 8
        },
        {
            "facets": [
                {
                    "key": " #737C84",
                    "value": 61862
                },
                {
                    "key": "#FBF6E1",
                    "value": 47494
                },
                {
                    "key": " #2F4F4F",
                    "value": 40936
                },
                {
                    "key": " #E0CC91",
                    "value": 36721
                },
                {
                    "key": " #FBF6E1",
                    "value": 22805
                },
                {
                    "key": " #000000",
                    "value": 22767
                },
                {
                    "key": " #B5BFCC",
                    "value": 13048
                },
                {
                    "key": "#737C84",
                    "value": 12158
                },
                {
                    "key": " #B35A1F",
                    "value": 8497
                },
                {
                    "key": "#E0CC91",
                    "value": 8184
                },
                {
                    "key": " #F6ECF3",
                    "value": 7702
                },
                {
                    "key": "#000000",
                    "value": 3307
                },
                {
                    "key": "#B5BFCC",
                    "value": 3069
                },
                {
                    "key": "#F6ECF3",
                    "value": 2046
                },
                {
                    "key": " #981313",
                    "value": 1894
                },
                {
                    "key": " #F49B7A",
                    "value": 1701
                },
                {
                    "key": "#2F4F4F",
                    "value": 1437
                },
                {
                    "key": " #DDA5AA",
                    "value": 1059
                },
                {
                    "key": " #E09714",
                    "value": 846
                },
                {
                    "key": "#B35A1F",
                    "value": 745
                },
                {
                    "key": " #367614",
                    "value": 718
                },
                {
                    "key": " #4019B1",
                    "value": 699
                },
                {
                    "key": " #4279DB",
                    "value": 694
                },
                {
                    "key": " #DE4153",
                    "value": 325
                },
                {
                    "key": " #62AD77",
                    "value": 238
                },
                {
                    "key": " #8268DC",
                    "value": 219
                },
                {
                    "key": " #850085",
                    "value": 189
                },
                {
                    "key": "#981313",
                    "value": 186
                },
                {
                    "key": "#DDA5AA",
                    "value": 139
                },
                {
                    "key": " #DF4C93",
                    "value": 117
                },
                {
                    "key": " #FFEB00",
                    "value": 94
                },
                {
                    "key": "#4279DB",
                    "value": 75
                }
            ],
            "name": "normalized32Colors.hex",
            "otherTerms": 302458,
            "prettyName": 9
        }
    ]
}
]]></system-out>
  </testcase>
  <testcase name="As a User I get all information of image" classname="Get all information" time="0.52">
    <failure message="1 expectation failed.&#10;Expected content-type &quot;application/json; charset=UTF-8&quot; doesn&apos;t match actual content-type &quot;&quot;.&#10;" type="java.lang.AssertionError"><![CDATA[java.lang.AssertionError: 
1 expectation failed.
Expected content-type "application/json; charset=UTF-8" doesn't match actual content-type "".

	at java.base/jdk.internal.reflect.NativeConstructorAccessorImpl.newInstance0(Native Method)
	at java.base/jdk.internal.reflect.NativeConstructorAccessorImpl.newInstance(NativeConstructorAccessorImpl.java:77)
	at java.base/jdk.internal.reflect.DelegatingConstructorAccessorImpl.newInstance(DelegatingConstructorAccessorImpl.java:45)
	at java.base/java.lang.reflect.Constructor.newInstanceWithCaller(Constructor.java:499)
	at java.base/java.lang.reflect.Constructor.newInstance(Constructor.java:480)
	at org.codehaus.groovy.reflection.CachedConstructor.invoke(CachedConstructor.java:72)
	at org.codehaus.groovy.runtime.callsite.ConstructorSite$ConstructorSiteNoUnwrapNoCoerce.callConstructor(ConstructorSite.java:105)
	at org.codehaus.groovy.runtime.callsite.CallSiteArray.defaultCallConstructor(CallSiteArray.java:59)
	at org.codehaus.groovy.runtime.callsite.AbstractCallSite.callConstructor(AbstractCallSite.java:263)
	at org.codehaus.groovy.runtime.callsite.AbstractCallSite.callConstructor(AbstractCallSite.java:277)
	at io.restassured.internal.ResponseSpecificationImpl$HamcrestAssertionClosure.validate(ResponseSpecificationImpl.groovy:499)
	at io.restassured.internal.ResponseSpecificationImpl$HamcrestAssertionClosure$validate$1.call(Unknown Source)
	at io.restassured.internal.ResponseSpecificationImpl.validateResponseIfRequired(ResponseSpecificationImpl.groovy:684)
	at java.base/jdk.internal.reflect.NativeMethodAccessorImpl.invoke0(Native Method)
	at java.base/jdk.internal.reflect.NativeMethodAccessorImpl.invoke(NativeMethodAccessorImpl.java:77)
	at java.base/jdk.internal.reflect.DelegatingMethodAccessorImpl.invoke(DelegatingMethodAccessorImpl.java:43)
	at java.base/java.lang.reflect.Method.invoke(Method.java:568)
	at org.codehaus.groovy.runtime.callsite.PlainObjectMetaMethodSite.doInvoke(PlainObjectMetaMethodSite.java:43)
	at org.codehaus.groovy.runtime.callsite.PogoMetaMethodSite$PogoCachedMethodSiteNoUnwrapNoCoerce.invoke(PogoMetaMethodSite.java:193)
	at org.codehaus.groovy.runtime.callsite.PogoMetaMethodSite.callCurrent(PogoMetaMethodSite.java:61)
	at org.codehaus.groovy.runtime.callsite.CallSiteArray.defaultCallCurrent(CallSiteArray.java:51)
	at org.codehaus.groovy.runtime.callsite.AbstractCallSite.callCurrent(AbstractCallSite.java:171)
	at org.codehaus.groovy.runtime.callsite.AbstractCallSite.callCurrent(AbstractCallSite.java:185)
	at io.restassured.internal.ResponseSpecificationImpl.contentType(ResponseSpecificationImpl.groovy:443)
	at io.restassured.internal.ValidatableResponseOptionsImpl.contentType(ValidatableResponseOptionsImpl.java:232)
	at io.restassured.internal.ValidatableResponseImpl.super$2$contentType(ValidatableResponseImpl.groovy)
	at java.base/jdk.internal.reflect.NativeMethodAccessorImpl.invoke0(Native Method)
	at java.base/jdk.internal.reflect.NativeMethodAccessorImpl.invoke(NativeMethodAccessorImpl.java:77)
	at java.base/jdk.internal.reflect.DelegatingMethodAccessorImpl.invoke(DelegatingMethodAccessorImpl.java:43)
	at java.base/java.lang.reflect.Method.invoke(Method.java:568)
	at org.codehaus.groovy.reflection.CachedMethod.invoke(CachedMethod.java:107)
	at groovy.lang.MetaMethod.doMethodInvoke(MetaMethod.java:323)
	at groovy.lang.MetaClassImpl.invokeMethod(MetaClassImpl.java:1268)
	at org.codehaus.groovy.runtime.ScriptBytecodeAdapter.invokeMethodOnSuperN(ScriptBytecodeAdapter.java:144)
	at io.restassured.internal.ValidatableResponseImpl.contentType(ValidatableResponseImpl.groovy:288)
	at io.restassured.internal.ValidatableResponseImpl.contentType(ValidatableResponseImpl.groovy)
	at services.ImageAPI.ImageApiVerify(ImageAPI.java:31)
	at Step_Defs.ImageApi_StepDefs.verify_the_status_code_and_body(ImageApi_StepDefs.java:18)
	at ✽.Verify the status code and body(file:///C:/Users/admin/IdeaProjects/Albert%20Heijn%20Assignment/src/test/resources/Features/imageAPI.feature:6)
]]></failure>
    <system-out><![CDATA[Request method:	GET
Request URI:	https://www.rijksmuseum.nl/api/en/collection/SK-A-3262/tiles?key=0fiuZFh4&format=json
Proxy:			<none>
Request params:	<none>
Query params:	key=0fiuZFh4
				format=json
Form params:	<none>
Path params:	culture=en
				object-number=SK-A-3262
Headers:		Accept=*/*
				Content-Type=application/json
Cookies:		<none>
Multiparts:		<none>
Body:			<none>
HTTP/1.1 200 OK
Transfer-Encoding: chunked
Strict-Transport-Security: max-age=2592000
Request-Context: appId=cid-v1:5f69f122-c4a2-4f7d-8b1e-6d66af0e0e99
X-Powered-By: ASP.NET
X-Cache: CONFIG_NOCACHE
X-Azure-Ref: 0Ck1LZQAAAADCU3kZA4M7R6gmiAJczZAbQU1TMDRFREdFMTkxNgBlM2E1Zjk4OS0xMzJjLTQ3NzQtODA2Yy03YzE3MTZhN2U2MjE=
Date: Wed, 08 Nov 2023 08:55:38 GMT

{"levels":[{"name":"z0","width":4346,"height":5474,"tiles":[{"x":1,"y":2,"url":"http://lh3.googleusercontent.com/A6mqOqa22uV_Uyk8u0RT7hh6p8wzPAdHiQVYfTHWuFfBicVyfgrMZHTwH3nd57ax6TmPHNbF3u8b3u0Q-XfApyHcJnE=s0"},{"x":3,"y":7,"url":"http://lh3.googleusercontent.com/mc2K2DJZyhlI8FiTDYJWsPJ-HYicjovxBSfqnFV59UxXwuXoFmryo6i-KeEnrwnwsGrACHopS4djeE0IcFYfRXyIEw=s0"},{"x":7,"y":1,"url":"http://lh3.googleusercontent.com/QZCTj7MkGzXAeVFvMCdujgAksO959NvN1iTMsFeVnQbNcyIvJhMcCSMmIJhJuXzHYAckEgRivhal0A_HjdU05xQUfw=s0"},{"x":8,"y":9,"url":"http://lh3.googleusercontent.com/K7q5Nx7cFBfleFdt50YKVUYQ6TefAhAG1xDf21kycYlhrrnhaHSs5m2iwU2zeT46ObAwnE09rO-T415o9kU29zpABsg=s0"},{"x":0,"y":3,"url":"http://lh3.googleusercontent.com/kQxYtBtRrdWxdTPnRrAw46zALVg_xoatShC0QbuujLuRv5WTX7Cg6FYDswms004y3AW8Nc7qHgZNm1mScQaBoaRzMfQW=s0"},{"x":4,"y":10,"url":"http://lh3.googleusercontent.com/KzobEleud9v8SjTK2u2DuHE00Orijac9JHB4cg1URYyyeQHmBCiPkvUddz-tJJGXr25ujAshXjDuXSoXNmwAIRUWlTY=s0"},{"x":5,"y":10,"url":"http://lh3.googleusercontent.com/pPGoXKAp2BgsBOcFLkrLiAJTRr6v55u_6VI7Kz4XHnUamVPTjbeo0gX-BqCGmd70AWYaC8gB8LkI_jD3Jdnf6yka-jg=s0"},{"x":4,"y":0,"url":"http://lh3.googleusercontent.com/kYjxfMDMtwPcDVFejyeS7T-HdP6xO20FC32MBGJsuGQ-36EYRQkWW50QYHOLFyPKSzWpu3aCgQhd7092GajNIGqY2Q=s0"},{"x":4,"y":7,"url":"http://lh3.googleusercontent.com/-1We3Mzf-hMuw1SagnEgDoUb6kKzfc0Pu1Kfjab7vD-0FMuHebkx0477yNuqICcgPrvCGNyIGtdYFOzK6JJ89fvttaw=s0"},{"x":5,"y":0,"url":"http://lh3.googleusercontent.com/0sruC1C9WLjE89fJICboDHOQJ6APpuYFPbY6XSvxbS9-7bD9AsJqhuXAAS77kPzgw5tNNRdIJZwwWl8-wftw1BFrOvY=s0"},{"x":0,"y":4,"url":"http://lh3.googleusercontent.com/oiT3qtiCii5ikoquqH99D1Ds7rnYeuM0n9u3Tbh8nDByCwuXaRKFQKWcDyYlE7IYrjYDEuaHxYQvfEm-WKMcyBjznA=s0"},{"x":5,"y":9,"url":"http://lh3.googleusercontent.com/w-AdMTFIu8ycQg2ama_OEJrwVwyvD0QMSt4-t8qMRzj20EzA57cn1nzPyjP9Fwm-zyFqrxCgUqvdChqqWkAYIDwtTKC_=s0"},{"x":4,"y":2,"url":"http://lh3.googleusercontent.com/c1l0ZwlUXoDNP5bprbw1WTmScE4SstF9i_QqsGZJNq0X1cTld-H3OCdVjrDXhSCQIpXUtN7rNMcIP0RflaC5HAxTxg=s0"},{"x":2,"y":6,"url":"http://lh3.googleusercontent.com/f22iRD2jaiEyjNBZ9Zcgkwgdp6VXJc2u1WNohb2AsCJuqpMrtf6zRC8rJbD213ZoVtJMwh2LFLDEHTkP_kjsVjkvKG4=s0"},{"x":3,"y":9,"url":"http://lh3.googleusercontent.com/UgfTyO9nkuWBujcOEsJ4C4NMMRsP_33Px5fm-0O6O7RoshioGd28zGqrW_omRfr9_2dkK52ZdgvvichLhDRdeEuo2wM=s0"},{"x":5,"y":4,"url":"http://lh3.googleusercontent.com/EyF5yEEaFMYind6qDptDffKnLjrKN6iKix98htG_gUGWWTBlyjX_eOvzeS_joI7-cEm9IUvZSc9cT4qf6U28BD45_q8=s0"},{"x":2,"y":4,"url":"http://lh3.googleusercontent.com/MoR4IJvB6vHKsVP6V_sF8gXjINSd6Xdd__rXr3pBnPW4HS6GVeB5czG0AHDg6z63yiToMOdY4VLuB0riUGuCEbYHsg=s0"},{"x":5,"y":8,"url":"http://lh3.googleusercontent.com/6nfkgyWy9gamKvrPlsBJYHWUyETnWuSza2X3b_UyijEKU9W1ZpdokR_r-CwvlizcTWkPCs4VVIznh5pc4mHLXe_v2Bw=s0"},{"x":7,"y":10,"url":"http://lh3.googleusercontent.com/pNZm-JEyiZwxa-pOHQ2Wv7nWtD65ObiqLjJfghjKKYEfrBeRX3IH12rUDQu-V_AUJomkvD0gESgP0vijipTvvy7S7NFt=s0"},{"x":1,"y":8,"url":"http://lh3.googleusercontent.com/hFuRIGmGpUfnkJaXA_u85PF4PKNQb0Vt5Hgg0Hu5amDETelYlHwpu7rB5ny1tdfSODUrfQoK3g-z3yitK0nBw619Dds=s0"},{"x":6,"y":2,"url":"http://lh3.googleusercontent.com/gH1s5lmVrsyglnKw8Nv2sgNEwH0mpGBs9CCGjZxi9Ns3bTba4ZoXk32UtIpgQT3fdliGkBRoaRcHb1dNPJYvmOOiC63R=s0"},{"x":5,"y":7,"url":"http://lh3.googleusercontent.com/wU4GD-Ez3DKfhD4rfcOUjwPFVVvTLlautHI8pcAw9gvmPc8ca_V5fARLjR4EPfH03iHFxmtz_TrZK4-8T6pr77Khygo=s0"},{"x":7,"y":0,"url":"http://lh3.googleusercontent.com/kwb8vYz60_kXFADepKDyTAD6N1R5W29yQRMFc_Jai-tvkYIBGu3NOAzn0-N9HGc_3ltT3EdEldpl3NsUzbvQaKSFlg=s0"},{"x":0,"y":6,"url":"http://lh3.googleusercontent.com/Uv3astJav04pLApJ2H3j9zM3E35ur9tMOYQNme8006-eRoQrFxwA_3SQNSB9C-wBO2vLOJF6CJyPdWWOK0wQX3cnPu4=s0"},{"x":2,"y":5,"url":"http://lh3.googleusercontent.com/dG5UfGN8WFW-gDCOqX7fDjXG-FlZRbW5cYHjSQ2rh44jwE8eIKwqSKVcAIOlWWFZCe0BaY6PuUoj8V50bokmRnemZps=s0"},{"x":2,"y":7,"url":"http://lh3.googleusercontent.com/swc8CeEs9fXhurIA3zRJ6-1ODyxRl9Okh1xxBagZ0i2443SCNE8J86cnJn3m-DvQqWYsWGMwtpOiPR-K7QOiLGRUJ7E=s0"},{"x":1,"y":7,"url":"http://lh3.googleusercontent.com/bcwux_fl1IdXR8cMXbwYz743jxkYCXbKM-m6UjSMi3zdtqPXDAjJqf2DCEQnQ-WV8I7DuohCeRcf39OTrTPxtLUYFgut=s0"},{"x":8,"y":5,"url":"http://lh3.googleusercontent.com/hTwkVIxR4CH1Wg7XXiF82Rk4FMQbBMx1HLZyKAe1DK9p792aRHmTsA08OOv6MvQ0JsNj9sSPbL2qGLeRnkDKmjwfAmM=s0"},{"x":2,"y":1,"url":"http://lh3.googleusercontent.com/Ex0-zenJVPD6MhXBuOme_UJbVmwlglyrv_XFWgLKoactAKe-0rQuk6axFHytUfSyqUnlLkZzRhm6xRjfuHTlwuu6uQ=s0"},{"x":7,"y":5,"url":"http://lh3.googleusercontent.com/lb66mlMsCB8oofpLhdlHOZjurjBllLYTEykWk7DPgQS45IkcwSHW93Ycgb4uObtf2ycErydENotTSMddNfyGGoCoM-dE=s0"},{"x":5,"y":1,"url":"http://lh3.googleusercontent.com/Hp8fNXxCIRg2c9RL7lyGCdtnKiXZ7BpnfaDzmPTscPJA4HYYWqW1wm3TVQCoUrn2hCPfRCjC43NP4M3Pouj2eXNIFQ=s0"},{"x":6,"y":4,"url":"http://lh3.googleusercontent.com/3CKJTri1xKC81MDvwkDu_e4xchj-YrthiMyZdDFKQtfXfpV2CPwCjZ5UbRCvsaXz-hLEsoFzQeA9AR8ZZdWlUZDeCcTa=s0"},{"x":4,"y":3,"url":"http://lh3.googleusercontent.com/4k7HeN2503AaUBOslmD5Drav5i6F1kYGnzd_TDi4ijK7SSQzySAXlqV9zbShzlnLeV-66FoiKWg3Gb9SdMJb5Mb1BGyW=s0"},{"x":6,"y":0,"url":"http://lh3.googleusercontent.com/0VeKdX_rJOevuNz1ee9atrn1WqRODFIy8OKDm8dp6Uqs8FJxg-6izChQq06nXJ-NJJso9lRrFy5kCj_V293cZXt97sY=s0"},{"x":0,"y":1,"url":"http://lh3.googleusercontent.com/VVXJXqwn1mW_Fp5b5vPYocelxrEC9wYCYlRhec_KYl2slX6M7FZ7pai5wbHnztN0Un9REe2kLBZRUqdDY08NZeywgZM=s0"},{"x":2,"y":10,"url":"http://lh3.googleusercontent.com/Hqa2kha2XoKnxGgY9UWVOrmuODM0oaWxdiW1Hb0mO79xbNxmrTN82eJnOe8mE4sn9Hjx7SanVimB9ibfXdXkHyPj-CY=s0"},{"x":3,"y":3,"url":"http://lh3.googleusercontent.com/qZZk-Rq2yz9iPs-4GcK9b28XKCE4mKYmLvZ7_opkZimdbIbo8FrfnFzG68DWQaEslhhv5RITXAGDng72P2Lkeioqk4yI=s0"},{"x":6,"y":8,"url":"http://lh3.googleusercontent.com/X4uW04Qnvox5ujkWZ3rQEdiggXWkGtxmrgi747AQHQSoJkOfTffcsxJ2QTFomsF61WZe0KjibNZUCXnpvAF1qvRrWFmA=s0"},{"x":2,"y":9,"url":"http://lh3.googleusercontent.com/K4lW-Vg3kiRo6KNx2_WBis0YZ9WPMW-5ZF_zr1lSNkV2RZFg0So8Waui6EwkswbTbAwEiGrFuTlW_GffmrIelIEHjS4=s0"},{"x":1,"y":10,"url":"http://lh3.googleusercontent.com/Iy-DY2fX6adoFtJ6gy1kfRhH3sMDzXJuOc4hbpXBwNuoi5UO7lqTX2oxDVsHcDfn6rvGJTxgWAiB2BsDa2pLqiNvP9Q=s0"},{"x":5,"y":6,"url":"http://lh3.googleusercontent.com/1yk10RjY2p3apz47iu9HiTKpyY-ALsnnC_K22Mx53YKqN8zuzGFz7w8t_qOvBU7mUuJhEjdX5i9cGBU352EpFLLa4OI=s0"},{"x":1,"y":3,"url":"http://lh3.googleusercontent.com/DjO4dyShNCB8OlTa-wXsxsP-XhfTG3ErUMiYAu8wqm5H0mQxQhqP9qqhpp985280aLQfUXsqnSCpKhGf7dmNHkFp6Wkn=s0"},{"x":6,"y":10,"url":"http://lh3.googleusercontent.com/p4nM-lZQLylIRe5x-U2cJOqELqXOVKeB-5MAt9fX8M8872rJBngGdPScw34xT4HiZkqtMreFpLQrnuDuJWENs4zRYeQ=s0"},{"x":5,"y":3,"url":"http://lh3.googleusercontent.com/uP-U1MovpYnQnF1EPBfrR06hnU3EM_w6vQR-kV_eJv-DkzhXTOj1x2-na6nUqKuWhxbea7rCCsu2D3UprHFir22uYjU3=s0"},{"x":6,"y":9,"url":"http://lh3.googleusercontent.com/NBAgkWEXVsVdNYEKdkUbQxNUI5g4NoaQIqr_hngRkGuQamfX1lH2Fz8KuKwJMonpUZvKujxSApsYlmp-43xqyfv2UxU1=s0"},{"x":6,"y":5,"url":"http://lh3.googleusercontent.com/5N-KBlLNy30Q4kruXYezNTdSKhjPACgFlIZcOGq97Ko7YaNgo_jshlCWWnLZfpbhaVKWNoikRfBVGHj1h1TO3IJNgBUf=s0"},{"x":7,"y":2,"url":"http://lh3.googleusercontent.com/D-m4bCfnlOn_Pqj-TMDv1KEUrjutfLBNH1WexwpzuLYnRazgp_jsH9bDEnkDoKFRqrFakffCtqAHVgautfsCGCcgvr0=s0"},{"x":1,"y":9,"url":"http://lh3.googleusercontent.com/N82jHX0dDpeW9I7bOwjOZNdr6Fh_ncd9nQVDZhjiQ52qSqr81qxblZz4ZNwWbzDMilfw9-euHZHtmZ0alU4JN8fngQQ=s0"},{"x":5,"y":2,"url":"http://lh3.googleusercontent.com/JR9wMW2BSeX_9EAHmyUwZ0TNyP7Zs-7N14ymHBgI6CpJcjMOCPIb8tLZRJZLOpsSWD8RNB0dBwjLmc52GHiD5w-0C1IQ=s0"},{"x":1,"y":4,"url":"http://lh3.googleusercontent.com/L3cXmOi69DIsldfIIy0jV2mH0WV82PIpJg_rpiCYGGIl3LRs09m5jNeJcjXJpxBF4D42WrS-g-Bjhx0ha6zbK3wOdQ=s0"},{"x":3,"y":5,"url":"http://lh3.googleusercontent.com/wvpvDP5RYoir1Aq5ceRM7U3WAbGCW98Y1W7PY5xiT4XkGiAqCTZlFalzecmY4yAYPTSjG-7yKENv8xlFizHd7-VdAbM=s0"},{"x":7,"y":3,"url":"http://lh3.googleusercontent.com/5GnxTUvAfI-WnI32UT_HQ61dcfjSnuB5pa9hBCMI41IWXS0wPm4ZY6n8uSDrOy0nCxi_1qR11m5ilkvreD1GZIOaYNs=s0"},{"x":3,"y":6,"url":"http://lh3.googleusercontent.com/urR7Vpjrcu8FG2c8Ug4OruXWUKWDUdZt8XgfSwI53q_5HxvkXGyB-_pxC8cT0OzhV2B3v7zCGW4lBmfqS9j8clzj-ir8=s0"},{"x":2,"y":8,"url":"http://lh3.googleusercontent.com/FEYppSlPt6mhE_2QHQcxB26mdvOyrbx4OIbTXys7aPPBO_GvtVAmmZuQ7iGJ-P2mMIv9Q5mMHltW48RvdQRAuFZ0acU=s0"},{"x":6,"y":3,"url":"http://lh3.googleusercontent.com/sRhaTkTKsVduRh6CZf9Bm0zNBZo9tGudi9VuF5oMQ2DGuLRfAp1RKd11LDrVNyFhcaFt663YDPYrcxsxl9VAQ3cyF2Q=s0"},{"x":4,"y":5,"url":"http://lh3.googleusercontent.com/tX10TbemHbkcSzO5quHlsTXZaPUIoO0jJmBwFPiZ4RJLkp_-lT6JQmF93efCFx7aKJZ2LyY5gWVWBx7WBiY78Ei2TFY=s0"},{"x":1,"y":1,"url":"http://lh3.googleusercontent.com/hHYKxZTfftikQishO1GF6K6XTer-HL1SjcxNPiJfnyQ2CthyuerWmRnFtONHUIRSURWf5oYXxZxsT9dCJCYIfHoEhTAW=s0"},{"x":4,"y":1,"url":"http://lh3.googleusercontent.com/WtAu0TsNgTL_B3M6VH8Bv1uR-3ymybgcVkuQj8TJInDQON8lvMehkxxQ0tjSPh8bFVSGkstKLPnTyWPFIW94EhjQ-bLU=s0"},{"x":1,"y":6,"url":"http://lh3.googleusercontent.com/tNDBdwgwbd0MXLNJL-bonH9d5BrCtrAStIX-IGx3Auc3aNqQbWcdCEoSnY0ZALz5EhXP7hdAVTT0K41Fb0xo5E0LdwHO=s0"},{"x":8,"y":6,"url":"http://lh3.googleusercontent.com/OAqI24C2BOc42og43XvtnVuh4Uor0lv0UvRYKsd603WGHbu9Eb9sODo-bupMJx78QaWojjrqjZ-8jmFHsA0mzelXDSD4=s0"},{"x":0,"y":0,"url":"http://lh3.googleusercontent.com/nvgwbbI7-BOelj8X8ptRXeUjA3h2iyy5cuyZSD9y9Hi35ML8tMF5YJb4z0ABD0wDsvBAT1dS96d1lK0WfeogtppVfvQ=s0"},{"x":4,"y":9,"url":"http://lh3.googleusercontent.com/0lTvAK-rrilpda5JORDHMWYyx0d-Luw0lnCpsFipAFU_pCEnS_W5dGgo3_OEJRC0f0v1OE4JWQ4nmeY6UldXgE8r-Q=s0"},{"x":6,"y":7,"url":"http://lh3.googleusercontent.com/qbxykKrdYDJjgoDVEmVFvdcxTgCKsIOU2k5dOixgt7NWkDLnQFx2c0CeuEEuxZouXByuTfRKSJzkl_z-jOlJxW5u2nKa=s0"},{"x":3,"y":10,"url":"http://lh3.googleusercontent.com/MTi6b_obZIytckxXhgzOf8to4TM8bYZGONnAF0wQEZYprOznNB9gn7DQW7sGJxCtdZslc7y6cwbB_ImCeWCLdu2GdVY=s0"},{"x":5,"y":5,"url":"http://lh3.googleusercontent.com/bq4wGq4H8bGNl782nqYTP_cO0o6FFVYicjhqw4B7sAIzisU_IgF3CRFWPdZDFasxUMmDelfUT45yCw_Onq6SSqEa_pXI=s0"},{"x":2,"y":0,"url":"http://lh3.googleusercontent.com/uHBQbtmE2uKi_lMq65D2XtexcDcMW9lIY7M4YH72ZbNTahlYLhATeeT-2yYhYxU_gsPNfiaXnU4uErom_5lFvbCfTso=s0"},{"x":8,"y":10,"url":"http://lh3.googleusercontent.com/fKAdZCQixi408q0wJwyliSOU-VY4MQuZ5PTBYHIHL0_aoTYAJDtJJyZ6vG6-44yBvNRvtJd40eZKn-ffhwksicADnzw=s0"},{"x":4,"y":6,"url":"http://lh3.googleusercontent.com/vhxNgtFPQGzLXT-LdcSvRSsoaTKUNHid0tNVVLq2AWnnL4Tp6ZO0JD6yOYCj2LgQqx0ESS8_xVfZzW6U2FjqF77u03o=s0"},{"x":8,"y":2,"url":"http://lh3.googleusercontent.com/7De8_lJi8t_bvJIUGQwd8dPoWS3rp0c35fBO4sPssYgLfgLofdq124BmS5cPTNRET9HUjWg_LUPCZDWQqZGBh34RDvIm=s0"},{"x":2,"y":2,"url":"http://lh3.googleusercontent.com/uUFnyy48VtH2duHMUyOvvviQsPmQbfAdPC_5OFhJFg-R6erFCCjkm-zbP-y_2AZDKKY3x8tLq4ixDqcubBx7Y_7XfQ=s0"},{"x":1,"y":5,"url":"http://lh3.googleusercontent.com/XgEpK_Z7FXHji2NvyZsvpWfohqKRno0z3uo_zhg_fiW_vKqwzdldlAuSB_02IQ2rjYPRrrzwaNBNDIjqTF6OOUbI34o=s0"},{"x":3,"y":0,"url":"http://lh3.googleusercontent.com/Fpnrcl37cBPXvra1DpLXMNrZqhfMugou3EBNf8Brt3nXi6v7orjzMD9k4aDV5wvYnjw6H-4Gp8d45jvCkHTur85SCg=s0"},{"x":4,"y":8,"url":"http://lh3.googleusercontent.com/vfSvJCg9VCVlvAlvKIY6XLzgjPmQtg3mhLEIeLWaz2UBNqAvzUYF3ohxRb1l02aPoXY3vm_cTJAX9fBRArWBdDRTTg=s0"},{"x":0,"y":2,"url":"http://lh3.googleusercontent.com/IVb7IMDPunwFcBP7c8WpSvoubAaLW5VPSvlTVXJSuOS2MfWktfoCBdHiof8YbVKX25OMBRTmxe-jjHXzfFFQIaEJXEQ=s0"},{"x":7,"y":9,"url":"http://lh3.googleusercontent.com/Ix9YvBUJOrsmtNnVRLcbF5wb29RMPT1Y3gJMU2kTLXAwChvfZo7-0qjihsZlzERVpMkXMMNfKmtLebtDpO5uNXeIO5w=s0"},{"x":8,"y":4,"url":"http://lh3.googleusercontent.com/hMUB8b3XVhghriiPVK_Ysdhmf18NhWNJncR6xb4EesEs0ulEsYNmGnu9WKOt2gGKv0vu9K1h_zEhYN-PoNJ8wB-EAw=s0"},{"x":8,"y":0,"url":"http://lh3.googleusercontent.com/HROUDQDS4RL9BApI8YD08Ma0ikrsqo4ibM2lToEworjBIsAH3AHsoxNI5L28DKsYz1Z-TkqXs7fJ-DYPQ3DOl-uZpA=s0"},{"x":0,"y":9,"url":"http://lh3.googleusercontent.com/ThQvYOIqescvippnw9tEZ8xSjUkjrNuPReYYbY6C1vprg9E9tKKjCQlZmd5LiH1vITqNi8nF7nHwSj8GZauLPJELXtw=s0"},{"x":3,"y":1,"url":"http://lh3.googleusercontent.com/SZf9uzc4PjTsfFi0kc_ObQa9uFgiSJn3Jf0wzeap_lHyNqopvPNl3-ZBofrXlJ1DvDai0G_xJLGQIC4GNvkMvKTWk7c=s0"},{"x":8,"y":8,"url":"http://lh3.googleusercontent.com/U4S0sJn8vp3c_0gSBJ_2cokikeQJZXZW-QVd0477Z6dOnrDS6JtpcbfWVGRUD5xnAZaK3zB1AGLwkrNOSZeQ3ERPqw=s0"},{"x":0,"y":10,"url":"http://lh3.googleusercontent.com/uctdhHw6kE3iZzMhpwDa_GgLMsCKHOJpocBuOKO7hJD1eTMgz7afcUs-vLE18TtWCvWk9sVhEax108qFLkzo-sozsw=s0"},{"x":0,"y":5,"url":"http://lh3.googleusercontent.com/wfjfxfA7q7dqqyZJfz1Kr-ZJklFplJIvYIr3yIKDdH58lgqYiWXwzjk2zpZsMZaVGQDQfqCa4wyNeeKl_XFQd7cnUDU=s0"},{"x":7,"y":6,"url":"http://lh3.googleusercontent.com/WE5b0RaPmWCs__y5ie48zx52JFYKWEgAolcPTT-mzUO3jsQaexrvskF54nB_yqaDrwP5Gv4cQXz7AfvVlyn_GC8KBA=s0"},{"x":8,"y":7,"url":"http://lh3.googleusercontent.com/HXuYjegVkHuHulvSegJ_BZnmD2pyc7Z6bwvAFam7w2yuKzPG1ROadETRoGWeKR0fp90GE8rFHi95_SuQzwg-tJbTUA=s0"},{"x":8,"y":3,"url":"http://lh3.googleusercontent.com/XrEP1Sz3-fc7eW3Hswwj3_41z-QnMDzeODddnOmk49BqBxDPvKGNh8JtgopkCbwv0dPaEhMWnjr9h_Rgd-DMjEEW2Rw=s0"},{"x":8,"y":1,"url":"http://lh3.googleusercontent.com/dJeSQ1MyHxJO8bKPCcCxO0VhN7I2LNlcX_eGeWLV6UFA_MmQN_i-D4eFkCROjIpdY25eWOAYSZmJyHt8iVGBqNhkUAY=s0"},{"x":1,"y":0,"url":"http://lh3.googleusercontent.com/K87Rj_0YlxMmvDywAtSAPaOX_heQRRodhq1a0xalPXFdI9Z5zbw9ReHZkdIlyQ9UU4ejCZNHsYr5y6HTku0NT5SPfVbQ=s0"},{"x":7,"y":4,"url":"http://lh3.googleusercontent.com/VCrKd1nmBHxfpgu53lsL14ZzXz9pL_Wu6AjZu8W3as16fkjVDXI3Q-WFVwyIeasg75nMpGfkdkwTInAe0FBPDE0P3kA=s0"},{"x":0,"y":8,"url":"http://lh3.googleusercontent.com/i65k4VPsrdSSdTBUWnN51AQt-qG4dRbrGD86kKbp46kBSYpliThW-4_WYnA7gJBf_oCA8C01mYH6eDGu_FzifsMmJw=s0"},{"x":7,"y":7,"url":"http://lh3.googleusercontent.com/VdOSRFVUUE0z67D_42MJX9-RTZHA0_MXKyYc_khwo_NUCESDlM94-FT6Vf6MNLTrX3Gc2A6Pubg0bAXgT4nLDuEeMzk=s0"},{"x":3,"y":2,"url":"http://lh3.googleusercontent.com/YYrjHfJVDpHIseiAv8Lmv21Cx-PPPbEJKVQhE5WzxMzomgkWM1I2C1rka4H6zYvc7i5wWCxg7201rTkmbbvol0SFPw=s0"},{"x":4,"y":4,"url":"http://lh3.googleusercontent.com/Zq4q32RrpIdAVFaUOvQcHUZ5IN_pRK6XNIHyXAu6Bn6zGQsh15lyzrzV0f_rGOQmWr-DZ8hk8XlI8_ZUXOCLcHNJRhQ=s0"},{"x":7,"y":8,"url":"http://lh3.googleusercontent.com/uG-eVt-krt9FLJ87FIfWbJg8yG8enZYGeS5w88-MVHAIVSFUMoX_MLw1gXAKENojOGVnTee_8f4fEkH4IG-XJYtFmQ=s0"},{"x":6,"y":6,"url":"http://lh3.googleusercontent.com/0RC7pwviL77CMYSD52IHGv9avksigfwzsBnBldgwWz6tD4w-gOzYGbF3vtu7HMrSuVI5WAOOj5B4P6n58dctmO5VTL8=s0"},{"x":6,"y":1,"url":"http://lh3.googleusercontent.com/7ZJn9SY7ouQVod2QE7fLP883GZRsdK_MaMB1Cu4G2UnksX34Ti12RLaWAgfUmnUruIBvxi7dWX8pdPDcXovmSslq4fE=s0"},{"x":3,"y":8,"url":"http://lh3.googleusercontent.com/6TDXXhd6WADBel4ZvVXn_548HDkN9GYaMMwQkHsdwypKezOyfAfkUyqW0S8RQ1Q1YsTn0Bdfvom9jYbF13tFhaMLGVc=s0"},{"x":0,"y":7,"url":"http://lh3.googleusercontent.com/4_AhUPJPC6HwpJm_FmGnsX6YYHyKY5ji6bmR2e9bKzNFvEsfFBiygsmeH-nHpfi5qxIgZHDogsjl3Oo2pQUDMOVcedkI=s0"},{"x":3,"y":4,"url":"http://lh3.googleusercontent.com/1uS6AoqQM91zKqGoVLuqAix0r_ReMWS56ItcYEqGdBdHA37UWn9ygHdCbMB_wzYDg8O9EACot5lPepE3oIVFSAdh0PI=s0"},{"x":2,"y":3,"url":"http://lh3.googleusercontent.com/dNa1HMAp0notDRRtJd6Vj_p8jw0IGySlWv4fzm9f1ywR8wWkhwlTaV_ooKPHnC538kKMtawmjdkW2litqj59lGhMRw9g=s0"}]},{"name":"z1","width":2173,"height":2737,"tiles":[{"x":4,"y":2,"url":"http://lh3.googleusercontent.com/tKqC_0tUoWS3ZTnuUSo8RWOVR3lkgN9JmC275SqY4tC9_nYJdtlRLqt2zat6QFdTk-abDOabOnYogSG4tVCEXKUIEsVe=s0"},{"x":4,"y":1,"url":"http://lh3.googleusercontent.com/gN_IS4R-eDmLFIUKnnnPljFwYBYG_2OSYfzdCNOEQh-8a_Co24UuSTEnBhf9YyEzw47b2SOvYwbqisZd1BxOj7E_Xw=s0"},{"x":0,"y":4,"url":"http://lh3.googleusercontent.com/L3jWcaCjNwkKVyF44P32NghUmPvrRtIZYpFbEh3xc-Cj_82llTUSlA3i66HfH_RT40M4gPL6GD9_XygdGUyNPBaUQ1w=s0"},{"x":0,"y":3,"url":"http://lh3.googleusercontent.com/dv0R5waVo8N5GPpc5P-rXUaiDqCfo4w7EH_SSb5bIO1JAH3SiB38m5jeg2e6srCpFweToc79oNpbBcO44zakRXK8WoNv=s0"},{"x":0,"y":1,"url":"http://lh3.googleusercontent.com/CkX1sti5x8XRw-B6QQEhSuhR5I3j2TDAQsc_Kr8FhVibXv-2kv2p3wduWmHLhB1XPmwNLfY_Pw3Gu_OmgfBcEefr22Q=s0"},{"x":0,"y":5,"url":"http://lh3.googleusercontent.com/YL4XmaQzZxHdq9QN7Fdt9UXU1TKYJrIC5-mrMDMmRUQ0xbT7JJ3-0R-gfqDS_DvaRPIW5yoddpDFn3qrZEAO1xFy1kg=s0"},{"x":0,"y":2,"url":"http://lh3.googleusercontent.com/qm0avuK7MXxESWdd6oYC2nVToSn8xAObT2d9gKH5WieQARllf9jcTKvuOBhHzlnnbu-L8j9jFNEjsy7zpfQhXYa-l_Yq=s0"},{"x":3,"y":2,"url":"http://lh3.googleusercontent.com/1DmLFxYco6dZ_6swz600SdMxViUKgmI-4pKbDWT6MmqyI95gCrB7o_sOrm74hi0GcBg127Z6d4sEZ5_xh0lLdF3B_BHe=s0"},{"x":1,"y":5,"url":"http://lh3.googleusercontent.com/PE1XNXE6dn2cyvRoeYrD6pfyEQqOmULYjbED8vCYdX4En2uL2EXjFaXJwCk-lERYpIfkcCrnOo5nC_MnW6197XR0Yk8u=s0"},{"x":2,"y":3,"url":"http://lh3.googleusercontent.com/nfww5D83MG0stWPMChPKa38mmuDBKaw7GDbzaXnGTFohIqx4zkuNoYw4U_YjrMlHDcz0ATFz7bYky3aiCn3J7NkcSA=s0"},{"x":4,"y":4,"url":"http://lh3.googleusercontent.com/dfiZ1SCmXKcyUPH0oJIdUTkd-uiXFJK8Xw4X7p6qpswI3meWQrKQC312T4a2-Qyjz82v9DTRME_a_X7KH_TaB56JQA=s0"},{"x":3,"y":5,"url":"http://lh3.googleusercontent.com/wr3fYI-jeJNonUXYmhnDmxbWNh5p11kMZedf0d6rJ-XK9uZwqS3WIdNMp71c3II2RjjkgijjY7TnLH2y_V050CQxy3Y=s0"},{"x":1,"y":2,"url":"http://lh3.googleusercontent.com/Nnfb5LefdZi1pcyEepbzhiwELrFOFik5g-k5D5P2QI7aZbNpARDRofw1u3QC83VfsTiYbb1JzfZ13dxjcg4yllcI8g=s0"},{"x":4,"y":3,"url":"http://lh3.googleusercontent.com/h2POw7iccQWyDS1LZ_rzM408_MR9T9ZWMfQteMI2gUUdXu3HeKPsWWL1-ADnOkGDTBsOyUnJ2Yrxj63HQxtbM9Pxf48=s0"},{"x":1,"y":4,"url":"http://lh3.googleusercontent.com/lWnlV9wtlZ6zU_VgewuKAAwZvPnsgiaZ1ifbeF8-uWzxu8yS4s_ieue2co3uUckzDViBNLkVW384Exqv5UU36_ZECfRc=s0"},{"x":2,"y":0,"url":"http://lh3.googleusercontent.com/6FhDQnO_PveDtS-dtRf4mj0syVZV0UU3Tl2Rei5e2sPf6H1gtv_fP2TvSOC4svDwlt5nKmLzGx70DVjg93NoZoYZDsyB=s0"},{"x":1,"y":1,"url":"http://lh3.googleusercontent.com/7dG5gGFi1XC_ztzJN9yeeS7cVfZvqfQadJ_KxqlXjdZ7QKYRsEEpgMfZLfmOYG7txqPPfG4MtmKUCQmqrImX2o-lp5w=s0"},{"x":4,"y":0,"url":"http://lh3.googleusercontent.com/_0oM1UNNvnZmCXA-qwDLfYHtoQjHRi3uvJxGsS9MrIeLDK5Erk8UWA-EAYSIv4iVwjsOoOk9Oy--KUgWnyVI07uDCA=s0"},{"x":3,"y":4,"url":"http://lh3.googleusercontent.com/RUkFvvfHFWiQsxYH9nbMpObxEe-ZCG9xAkqGAV32Nipln5mKDcMpE3P-VJxGnt2p0k7lLrBMoGorwfl3mJDvXg9VVuU=s0"},{"x":2,"y":1,"url":"http://lh3.googleusercontent.com/FoPQyoiWHDE-L1qkIWmwg_7Z2AHqAj0kDU9Yd2tB-dDxfGJWlxqvyk8Oxd_W_dRVwd_MwX93HuYla7Kh649mphmay_o=s0"},{"x":2,"y":4,"url":"http://lh3.googleusercontent.com/jTp8rtxM8Tvrn9MmCXP2_R3BNi-1ywRRz5ejfO2yYC9kgZ5Uzt3NsVuerOa0zVbchNh7JDz_NMObvHPdawqRT5A82KE=s0"},{"x":2,"y":2,"url":"http://lh3.googleusercontent.com/bSmb-aJYX_uipUHVwaeJUD633Knss3dFihLDMooEND0TCWSHqKzPjd650HcA7lgNCSG1whv-2iW8hYmqwbry2b3MWPs=s0"},{"x":0,"y":0,"url":"http://lh3.googleusercontent.com/bK2DfoHpxr_RvJkFTZcQL9a04kJdsDxShpQwcxPYUlvas9U__sWdbjvi6P2T-qdykg9J6sWgJ_rnXgiJKeHt1G_NPA=s0"},{"x":4,"y":5,"url":"http://lh3.googleusercontent.com/ZIaifj9NYCE20Wuw4Ua9RTBDfJM8Iy8eD-kIRv7zyMNL7oadPDPkW0dAFIHFALVT3M9HET5J7VboUb5dz8gdTYkypw=s0"},{"x":2,"y":5,"url":"http://lh3.googleusercontent.com/V0U70b0flMR61uti-mWMO63d2RoQM374t5EjoMBY8r8cGWPKh-DyuFWpgZpbJiDjB3RdXLIMXDqvFWberGbxaa6hVg=s0"},{"x":1,"y":3,"url":"http://lh3.googleusercontent.com/_aWpKQsWHBXmiXr0r4r87lXdX5JW0VxeDwsbozox33qmouEOimU-86QByTRtqpxNiW4sceOrfx4SlBI6JC5_x1sqgrvp=s0"},{"x":1,"y":0,"url":"http://lh3.googleusercontent.com/Hjsg7ADGQSGUoSFC8Aoi9IdD7LSebcyjxLJKLD3doCPm0oFxPiNhrsah1oGFcghrqtnhZmRldpJwySuITzR7gVN4d6Y=s0"},{"x":3,"y":1,"url":"http://lh3.googleusercontent.com/6P83erDavKs4EAiKmD8jqB7RH8fxUMWbcGblscC_RycGz7CoFArNbJwFPCK882YYqgPktVc9YTNku4Q091KZsgG_lQA=s0"},{"x":3,"y":3,"url":"http://lh3.googleusercontent.com/eLqJHabzSrpgxLujMevnlwywuLTB_1ZtNdUV9NKRseRyicYKLVzY27La9kqsN49Yuepd6rrsMN1x9oumbx-RCOUsrQ=s0"},{"x":3,"y":0,"url":"http://lh3.googleusercontent.com/6f_j6YNpsy0RI7BgLMp1Lul_aNAYyQBZSKay_x6zZ6T6fCIeU4H8AICbf-e7587wVIfrjxZSEysUMXb6rGxPZK1QzHE=s0"}]},{"name":"z2","width":1086,"height":1368,"tiles":[{"x":2,"y":1,"url":"http://lh3.googleusercontent.com/8MCn6s8bNwsENPeWoJ_SBIyJct49d7_zTPn7WYy2-Jzcsi6lfddgWu0SlFyWkTA3B2HYuf_NOu_32ahcIwYF_5G-5hTg=s0"},{"x":2,"y":0,"url":"http://lh3.googleusercontent.com/nJyW1dhbXKhP2TXvPDTfQ2bIAvXGiwq0REhtX6kLLpzM4zUjf2RuwprimvdpfiOmS-WkXkeJ_GnSciKtPuxvVRMl-LZm=s0"},{"x":0,"y":2,"url":"http://lh3.googleusercontent.com/h2aPXHmsCWYQQSvn6tM4W5BHtNLPTELJ79L0g3Hu6joP27ZganbYOZgL9hhBg4uvfipzEWlb7969h90cTu_HRyuL7Nk=s0"},{"x":0,"y":1,"url":"http://lh3.googleusercontent.com/kwlB6Bi3I_ibO2BN84CIMlnwcMnzeSfQznFgYTtueslX6M6TbknuKihbATCXgw9G4HK9fJqLfLxqhFA_1o-Ex4HC0u0=s0"},{"x":2,"y":2,"url":"http://lh3.googleusercontent.com/bXuSGzVUIAz-bi0pkfxlPwlyc6rhp5k7GY2wNNriqawaDNftpddN5h7DDQXAQUKDVvtRj50AfXmVYAoz0sePqihRT8k=s0"},{"x":1,"y":2,"url":"http://lh3.googleusercontent.com/pmLzF-9Y9BlmxjlwyvZ_S60pFziYTsLNhwq1rwhzcZIY_69-DHY0AfLhyYPkkD7TFw0DpfzUGAV8m4yPBI9uTrt8gVtL=s0"},{"x":0,"y":0,"url":"http://lh3.googleusercontent.com/nCaJpk0CrW-XtleGupNwWcZCYqhNqk89st4LmFvw9pIuBXgIS1uZTmaGpxPsd281rRzmxRsPXQ1eOTEgVz1soorqX8lA=s0"},{"x":1,"y":1,"url":"http://lh3.googleusercontent.com/6MeWni2qj7xVlqWzTRzKfZ21abkr5HEVzB3iFz610oRb47FPr2nna-2gW7NGaeifxrvYbK7FXZ3B2_v8KJ1JKPahXbo=s0"},{"x":1,"y":0,"url":"http://lh3.googleusercontent.com/DrYVJMGRacyLWtBy_p8NeHwstjIQsseQ5DYkN0qT_lJ9JtEYFcSEdkd4LZyuUUxaVIDAjfQG_Hxh8azwLNA30rPnCJo=s0"}]},{"name":"z3","width":543,"height":684,"tiles":[{"x":1,"y":1,"url":"http://lh3.googleusercontent.com/CW-EUKX7S8kUdzeQjOKB76UFJNFnJCGQipBrY8Snt8yMZdHVZSNnYlkC2iADreFWh6yBBXUB6g2ACW-eTmSbbzpiAOle=s0"},{"x":1,"y":0,"url":"http://lh3.googleusercontent.com/nac0uNL9JMjK92hp1uVz-s1e8unYvrBJsF_MJLdIsWOxwv8kFKYQg81CXw9LGxPHbZhAwTGlK8U0yYBnmY4oZ2FHgno=s0"},{"x":0,"y":0,"url":"http://lh3.googleusercontent.com/OFVL51-7KMOFfpVmfTDvevRhZTspfK4K_Cm6VD-RJB7haOfBCcDyOKpvxaQeqkzSK87R5SXHGlImf7AAGmKP39OI7Z7d=s0"},{"x":0,"y":1,"url":"http://lh3.googleusercontent.com/S01uC7dORBKC3snrv6gvX1bmgxHz-BwKY55ZofCiMdPyXzs9eDRuoKm-U0_4VvR0b3CwZP26wcwzowlP1HJpmS9lvbI=s0"}]},{"name":"z5","width":135,"height":171,"tiles":[{"x":0,"y":0,"url":"http://lh3.googleusercontent.com/MDRTVmgFGOjU-mTIz4MhKdmn0UyM5_Ju_7BxLp03IwVJXW_g0_e37NT9stuKS7G1rRegPOMTrmmH7zYXM6BCzAV5Kw=s0"}]},{"name":"z4","width":271,"height":342,"tiles":[{"x":0,"y":0,"url":"http://lh3.googleusercontent.com/iStr1F6fJapOZNz8XIuoaxoZvC_hJc9_qK805jCNO1WoCKb7Oaix23UbECNlz6nDBnlKu_O6ZipEmq43paAKY1EsTD8=s0"}]}]}
]]></system-out>
  </testcase>
  <testcase name="As a user I should get the maker data" classname="Get the maker data" time="0.276">
    <failure message="expected:&lt;[Schelpenvisser, Vincent van Gogh (possibly), 1863 - 1890]&gt; but was:&lt;[De aardappeleters, Vincent van Gogh, 1885]&gt;" type="org.junit.ComparisonFailure"><![CDATA[org.junit.ComparisonFailure: expected:<[Schelpenvisser, Vincent van Gogh (possibly), 1863 - 1890]> but was:<[De aardappeleters, Vincent van Gogh, 1885]>
	at org.junit.Assert.assertEquals(Assert.java:117)
	at org.junit.Assert.assertEquals(Assert.java:146)
	at services.InvolvedMaker.verifyMakerData(InvolvedMaker.java:38)
	at Step_Defs.InvolvedMaker_StepDefs.userVerifyThatTheStatusCodeShouldBe(InvolvedMaker_StepDefs.java:24)
	at ✽.User verify that the status code should be 200(file:///C:/Users/admin/IdeaProjects/Albert%20Heijn%20Assignment/src/test/resources/Features/involvedMaker.feature:6)
]]></failure>
    <system-out><![CDATA[Request method:	GET
Request URI:	https://www.rijksmuseum.nl/api/en/collection?key=0fiuZFh4&involvedMaker=Vincent%20van%20Gogh
Proxy:			<none>
Request params:	<none>
Query params:	key=0fiuZFh4
				involvedMaker=Vincent van Gogh
Form params:	<none>
Path params:	culture=en
Headers:		Accept=*/*
				Content-Type=application/json
Cookies:		<none>
Multiparts:		<none>
Body:			<none>
Request method:	GET
Request URI:	https://www.rijksmuseum.nl/api/en/collection?key=0fiuZFh4&involvedMaker=Vincent%20van%20Gogh
Proxy:			<none>
Request params:	<none>
Query params:	key=0fiuZFh4
				involvedMaker=Vincent van Gogh
Form params:	<none>
Path params:	culture=en
Headers:		Accept=*/*
				Content-Type=application/json
Cookies:		<none>
Multiparts:		<none>
Body:			<none>
]]></system-out>
  </testcase>
  <testcase name="As a user I should not get invalid maker data" classname="Get the maker data" time="0.295">
    <failure message="1 expectation failed.&#10;Expected status code &lt;404&gt; but was &lt;200&gt;.&#10;" type="java.lang.AssertionError"><![CDATA[java.lang.AssertionError: 
1 expectation failed.
Expected status code <404> but was <200>.

	at java.base/jdk.internal.reflect.NativeConstructorAccessorImpl.newInstance0(Native Method)
	at java.base/jdk.internal.reflect.NativeConstructorAccessorImpl.newInstance(NativeConstructorAccessorImpl.java:77)
	at java.base/jdk.internal.reflect.DelegatingConstructorAccessorImpl.newInstance(DelegatingConstructorAccessorImpl.java:45)
	at java.base/java.lang.reflect.Constructor.newInstanceWithCaller(Constructor.java:499)
	at java.base/java.lang.reflect.Constructor.newInstance(Constructor.java:480)
	at org.codehaus.groovy.reflection.CachedConstructor.invoke(CachedConstructor.java:72)
	at org.codehaus.groovy.runtime.callsite.ConstructorSite$ConstructorSiteNoUnwrapNoCoerce.callConstructor(ConstructorSite.java:105)
	at org.codehaus.groovy.runtime.callsite.AbstractCallSite.callConstructor(AbstractCallSite.java:277)
	at io.restassured.internal.ResponseSpecificationImpl$HamcrestAssertionClosure.validate(ResponseSpecificationImpl.groovy:499)
	at io.restassured.internal.ResponseSpecificationImpl$HamcrestAssertionClosure$validate$1.call(Unknown Source)
	at io.restassured.internal.ResponseSpecificationImpl.validateResponseIfRequired(ResponseSpecificationImpl.groovy:684)
	at java.base/jdk.internal.reflect.NativeMethodAccessorImpl.invoke0(Native Method)
	at java.base/jdk.internal.reflect.NativeMethodAccessorImpl.invoke(NativeMethodAccessorImpl.java:77)
	at java.base/jdk.internal.reflect.DelegatingMethodAccessorImpl.invoke(DelegatingMethodAccessorImpl.java:43)
	at java.base/java.lang.reflect.Method.invoke(Method.java:568)
	at org.codehaus.groovy.runtime.callsite.PlainObjectMetaMethodSite.doInvoke(PlainObjectMetaMethodSite.java:43)
	at org.codehaus.groovy.runtime.callsite.PogoMetaMethodSite$PogoCachedMethodSiteNoUnwrapNoCoerce.invoke(PogoMetaMethodSite.java:193)
	at org.codehaus.groovy.runtime.callsite.PogoMetaMethodSite.callCurrent(PogoMetaMethodSite.java:61)
	at org.codehaus.groovy.runtime.callsite.AbstractCallSite.callCurrent(AbstractCallSite.java:185)
	at io.restassured.internal.ResponseSpecificationImpl.statusCode(ResponseSpecificationImpl.groovy:127)
	at io.restassured.specification.ResponseSpecification$statusCode$0.callCurrent(Unknown Source)
	at io.restassured.internal.ResponseSpecificationImpl.statusCode(ResponseSpecificationImpl.groovy:135)
	at io.restassured.internal.ValidatableResponseOptionsImpl.statusCode(ValidatableResponseOptionsImpl.java:89)
	at io.restassured.internal.ValidatableResponseImpl.super$2$statusCode(ValidatableResponseImpl.groovy)
	at java.base/jdk.internal.reflect.NativeMethodAccessorImpl.invoke0(Native Method)
	at java.base/jdk.internal.reflect.NativeMethodAccessorImpl.invoke(NativeMethodAccessorImpl.java:77)
	at java.base/jdk.internal.reflect.DelegatingMethodAccessorImpl.invoke(DelegatingMethodAccessorImpl.java:43)
	at java.base/java.lang.reflect.Method.invoke(Method.java:568)
	at org.codehaus.groovy.reflection.CachedMethod.invoke(CachedMethod.java:107)
	at groovy.lang.MetaMethod.doMethodInvoke(MetaMethod.java:323)
	at groovy.lang.MetaClassImpl.invokeMethod(MetaClassImpl.java:1268)
	at org.codehaus.groovy.runtime.ScriptBytecodeAdapter.invokeMethodOnSuperN(ScriptBytecodeAdapter.java:144)
	at io.restassured.internal.ValidatableResponseImpl.statusCode(ValidatableResponseImpl.groovy:142)
	at io.restassured.internal.ValidatableResponseImpl.statusCode(ValidatableResponseImpl.groovy)
	at services.InvolvedMaker.verifyMakerData(InvolvedMaker.java:26)
	at Step_Defs.InvolvedMaker_StepDefs.statusCodeShouldBe(InvolvedMaker_StepDefs.java:19)
	at ✽.Status code should be 404(file:///C:/Users/admin/IdeaProjects/Albert%20Heijn%20Assignment/src/test/resources/Features/involvedMaker.feature:10)
]]></failure>
    <system-out><![CDATA[Request method:	GET
Request URI:	https://www.rijksmuseum.nl/api/en/collection?key=0fiuZFh4&involvedMaker=Ahmet%20Nederland
Proxy:			<none>
Request params:	<none>
Query params:	key=0fiuZFh4
				involvedMaker=Ahmet Nederland
Form params:	<none>
Path params:	culture=en
Headers:		Accept=*/*
				Content-Type=application/json
Cookies:		<none>
Multiparts:		<none>
Body:			<none>
Request method:	GET
Request URI:	https://www.rijksmuseum.nl/api/en/collection?key=0fiuZFh4&involvedMaker=Ahmet%20Nederland
Proxy:			<none>
Request params:	<none>
Query params:	key=0fiuZFh4
				involvedMaker=Ahmet Nederland
Form params:	<none>
Path params:	culture=en
Headers:		Accept=*/*
				Content-Type=application/json
Cookies:		<none>
Multiparts:		<none>
Body:			<none>
]]></system-out>
  </testcase>
  <testcase name="As a user I should search any item in data #1" classname="Search the items" time="1.534">
    <system-out><![CDATA[Request method:	GET
Request URI:	https://www.rijksmuseum.nl/api/en/collection?key=0fiuZFh4&q=Amsterdam
Proxy:			<none>
Request params:	<none>
Query params:	key=0fiuZFh4
				q=Amsterdam
Form params:	<none>
Path params:	culture=en
Headers:		Accept=*/*
				Content-Type=application/json
Cookies:		<none>
Multiparts:		<none>
Body:			<none>
]]></system-out>
  </testcase>
  <testcase name="As a user I should search any item in data #2" classname="Search the items" time="0.193">
    <system-out><![CDATA[Request method:	GET
Request URI:	https://www.rijksmuseum.nl/api/en/collection?key=0fiuZFh4&q=Harlem
Proxy:			<none>
Request params:	<none>
Query params:	key=0fiuZFh4
				q=Harlem
Form params:	<none>
Path params:	culture=en
Headers:		Accept=*/*
				Content-Type=application/json
Cookies:		<none>
Multiparts:		<none>
Body:			<none>
]]></system-out>
  </testcase>
  <testcase name="As a user I should search any item in data #3" classname="Search the items" time="1.845">
    <system-out><![CDATA[Request method:	GET
Request URI:	https://www.rijksmuseum.nl/api/en/collection?key=0fiuZFh4&q=Japan
Proxy:			<none>
Request params:	<none>
Query params:	key=0fiuZFh4
				q=Japan
Form params:	<none>
Path params:	culture=en
Headers:		Accept=*/*
				Content-Type=application/json
Cookies:		<none>
Multiparts:		<none>
Body:			<none>
]]></system-out>
  </testcase>
  <testcase name="As a user I should search any item in data #4" classname="Search the items" time="0.243">
    <system-out><![CDATA[Request method:	GET
Request URI:	https://www.rijksmuseum.nl/api/en/collection?key=0fiuZFh4&q=Vincent%20van%20Gogh
Proxy:			<none>
Request params:	<none>
Query params:	key=0fiuZFh4
				q=Vincent van Gogh
Form params:	<none>
Path params:	culture=en
Headers:		Accept=*/*
				Content-Type=application/json
Cookies:		<none>
Multiparts:		<none>
Body:			<none>
]]></system-out>
  </testcase>
  <testcase name="As a user I should search any item in data #5" classname="Search the items" time="0.242">
    <system-out><![CDATA[Request method:	GET
Request URI:	https://www.rijksmuseum.nl/api/en/collection?key=0fiuZFh4&q=Ahmet%20YAZILITAS
Proxy:			<none>
Request params:	<none>
Query params:	key=0fiuZFh4
				q=Ahmet YAZILITAS
Form params:	<none>
Path params:	culture=en
Headers:		Accept=*/*
				Content-Type=application/json
Cookies:		<none>
Multiparts:		<none>
Body:			<none>
]]></system-out>
  </testcase>
  <testcase name="As a User I should sort artist from a to z" classname="Sort artists a-z" time="1.349">
    <failure message="expected:&lt;[Pieter van der Aa (I)]&gt; but was:&lt;[anonymous]&gt;" type="org.junit.ComparisonFailure"><![CDATA[org.junit.ComparisonFailure: expected:<[Pieter van der Aa (I)]> but was:<[anonymous]>
	at org.junit.Assert.assertEquals(Assert.java:117)
	at org.junit.Assert.assertEquals(Assert.java:146)
	at services.SortArtists.verifyArtistFromAToZ(SortArtists.java:42)
	at Step_Defs.sortArtists_StepDefs.verifyThatFirstArtistIsLastArtistIs(sortArtists_StepDefs.java:21)
	at ✽.Verify that first artist is"'s Gravenhaagsche Courant- en Boekdrukkerij", last artist is "Pieter van der Aa (I)"(file:///C:/Users/admin/IdeaProjects/Albert%20Heijn%20Assignment/src/test/resources/Features/sortArtist.feature:7)
]]></failure>
    <system-out><![CDATA[Request method:	GET
Request URI:	https://www.rijksmuseum.nl/api/en/collection?key=0fiuZFh4&p=1&ps=100&s=artist
Proxy:			<none>
Request params:	<none>
Query params:	key=0fiuZFh4
				p=1
				ps=100
				s=artist
Form params:	<none>
Path params:	culture=en
Headers:		Accept=*/*
				Content-Type=application/json
Cookies:		<none>
Multiparts:		<none>
Body:			<none>
]]></system-out>
  </testcase>
  <testcase name="As a user should sort the artistDesc from z to a" classname="Sort artists a-z" time="1.153">
    <failure message="expected:&lt;[Pieter van der Aa (I)]&gt; but was:&lt;[Zyg-Brunner]&gt;" type="org.junit.ComparisonFailure"><![CDATA[org.junit.ComparisonFailure: expected:<[Pieter van der Aa (I)]> but was:<[Zyg-Brunner]>
	at org.junit.Assert.assertEquals(Assert.java:117)
	at org.junit.Assert.assertEquals(Assert.java:146)
	at services.SortArtists.verifyArtistFromZToA(SortArtists.java:48)
	at Step_Defs.sortArtists_StepDefs.verifyFirstArtistIsLastArtistIs(sortArtists_StepDefs.java:40)
	at ✽.Verify first artist is"Pieter van der Aa (I)", last artist is "'s Gravenhaagsche Courant- en Boekdrukkerij"(file:///C:/Users/admin/IdeaProjects/Albert%20Heijn%20Assignment/src/test/resources/Features/sortArtist.feature:14)
]]></failure>
    <system-out><![CDATA[Request method:	GET
Request URI:	https://www.rijksmuseum.nl/api/en/collection?key=0fiuZFh4&p=1&ps=100&s=artistdesc
Proxy:			<none>
Request params:	<none>
Query params:	key=0fiuZFh4
				p=1
				ps=100
				s=artistdesc
Form params:	<none>
Path params:	culture=en
Headers:		Accept=*/*
				Content-Type=application/json
Cookies:		<none>
Multiparts:		<none>
Body:			<none>
]]></system-out>
  </testcase>
</testsuite>